2025-02-01 23:39:44,777 - WARNING -  * Debugger is active!
2025-02-01 23:39:44,780 - INFO -  * Debugger PIN: 308-186-142
2025-02-01 23:39:49,643 - INFO - Rates for 2025-01-30 already exist in the database. Returning existing rates.
2025-02-01 23:39:49,691 - INFO - Social currencies updated successfully.
2025-02-01 23:39:50,932 - INFO - Duplicate found for 8x1_827505315_8x1_827505315_PLY on 2025-01-30 00:00:00. Skipping.
2025-02-01 23:39:50,948 - INFO - Duplicate found for ENG_52e26c8145adf80b3057e307_ENG_52e26c8145adf80b3057e307_PLY on 2025-01-30 00:00:00. Skipping.
2025-02-01 23:39:50,948 - INFO - Duplicate found for 2277556_2277556_NBT on 2025-01-30 00:00:00. Skipping.
2025-02-01 23:39:50,948 - INFO - Duplicate found for 7710945_19790011_MKR on 2025-01-30 00:00:00. Skipping.
2025-02-01 23:39:50,948 - INFO - Duplicate found for 6624091_19790108_MKR on 2025-01-30 00:00:00. Skipping.
2025-02-01 23:39:50,948 - INFO - Duplicate found for 6982207_19791493_MKR on 2025-01-30 00:00:00. Skipping.
2025-02-01 23:39:50,948 - INFO - Duplicate found for 7568705_19794884_MKR on 2025-01-30 00:00:00. Skipping.
2025-02-01 23:39:50,966 - INFO - Duplicate found for 7580896_19795412_MKR on 2025-01-30 00:00:00. Skipping.
2025-02-01 23:39:50,970 - INFO - Duplicate found for 6790337_19798051_MKR on 2025-01-30 00:00:00. Skipping.
2025-02-01 23:39:50,974 - INFO - Duplicate found for 6793520_19798553_MKR on 2025-01-30 00:00:00. Skipping.
2025-02-01 23:39:50,976 - INFO - Duplicate found for 6753515_19798675_MKR on 2025-01-30 00:00:00. Skipping.
2025-02-01 23:39:50,980 - INFO - Duplicate found for 7793531_19801108_MKR on 2025-01-30 00:00:00. Skipping.
2025-02-01 23:39:50,985 - INFO - Duplicate found for 7809993_19801800_MKR on 2025-01-30 00:00:00. Skipping.
2025-02-01 23:39:50,992 - INFO - Duplicate found for 7523927_19807587_MKR on 2025-01-30 00:00:00. Skipping.
2025-02-01 23:39:50,996 - INFO - Duplicate found for 7813221_19809596_MKR on 2025-01-30 00:00:00. Skipping.
2025-02-01 23:39:51,002 - INFO - Duplicate found for 6721128_19809647_MKR on 2025-01-30 00:00:00. Skipping.
2025-02-01 23:39:51,015 - INFO - Duplicate found for 7787275_19817703_MKR on 2025-01-30 00:00:00. Skipping.
2025-02-01 23:39:51,027 - INFO - Duplicate found for 7628649_19821078_MKR on 2025-01-30 00:00:00. Skipping.
2025-02-01 23:39:51,033 - INFO - Duplicate found for 7488823_19826684_MKR on 2025-01-30 00:00:00. Skipping.
2025-02-01 23:39:51,041 - INFO - Duplicate found for 6801869_19833131_MKR on 2025-01-30 00:00:00. Skipping.
2025-02-01 23:39:51,056 - INFO - Duplicate found for 6598339_19841423_MKR on 2025-01-30 00:00:00. Skipping.
2025-02-01 23:39:51,063 - INFO - Duplicate found for 7826937_19845551_MKR on 2025-01-30 00:00:00. Skipping.
2025-02-01 23:39:51,073 - INFO - Duplicate found for 7821301_19869270_MKR on 2025-01-30 00:00:00. Skipping.
2025-02-01 23:39:51,081 - INFO - Duplicate found for 7784807_19936712_MKR on 2025-01-30 00:00:00. Skipping.
2025-02-01 23:39:51,086 - INFO - Duplicate found for 7470888_19950242_MKR on 2025-01-30 00:00:00. Skipping.
2025-02-01 23:39:51,089 - INFO - Duplicate found for 7709443_19954786_MKR on 2025-01-30 00:00:00. Skipping.
2025-02-01 23:39:51,095 - INFO - Duplicate found for NK-23613170_18766899_MKR on 2025-01-30 00:00:00. Skipping.
2025-02-01 23:39:51,095 - INFO - Duplicate found for 6594967_20005698_MKR on 2025-01-30 00:00:00. Skipping.
2025-02-01 23:39:51,095 - INFO - Duplicate found for 7531146_20017096_MKR on 2025-01-30 00:00:00. Skipping.
2025-02-01 23:39:51,104 - INFO - Duplicate found for 6698565_20028952_MKR on 2025-01-30 00:00:00. Skipping.
2025-02-01 23:39:51,107 - INFO - Duplicate found for 7267630_20038608_MKR on 2025-01-30 00:00:00. Skipping.
2025-02-01 23:39:51,107 - INFO - Duplicate found for 6957427_20061517_MKR on 2025-01-30 00:00:00. Skipping.
2025-02-01 23:39:51,107 - INFO - Duplicate found for 8x1_837610189_8x1_837610189_PLY on 2025-01-30 00:00:00. Skipping.
2025-02-01 23:39:51,107 - INFO - Duplicate found for 7865729_20130419_MKR on 2025-01-30 00:00:00. Skipping.
2025-02-01 23:39:51,120 - INFO - Duplicate found for 7755705_20133309_MKR on 2025-01-30 00:00:00. Skipping.
2025-02-01 23:39:51,120 - INFO - Duplicate found for 7869245_20157458_MKR on 2025-01-30 00:00:00. Skipping.
2025-02-01 23:39:51,120 - INFO - Duplicate found for 7882403_20257977_MKR on 2025-01-30 00:00:00. Skipping.
2025-02-01 23:39:51,120 - INFO - Duplicate found for 7731489_20265277_MKR on 2025-01-30 00:00:00. Skipping.
2025-02-01 23:39:51,120 - INFO - Duplicate found for 7810327_20374158_MKR on 2025-01-30 00:00:00. Skipping.
2025-02-01 23:39:51,136 - INFO - Duplicate found for 7899785_20380507_MKR on 2025-01-30 00:00:00. Skipping.
2025-02-01 23:39:51,138 - INFO - Duplicate found for 6740922_20427003_MKR on 2025-01-30 00:00:00. Skipping.
2025-02-01 23:39:51,142 - INFO - Duplicate found for 7906183_20418378_MKR on 2025-01-30 00:00:00. Skipping.
2025-02-01 23:39:51,142 - INFO - Duplicate found for 7911966_20454250_MKR on 2025-01-30 00:00:00. Skipping.
2025-02-01 23:39:51,149 - INFO - Duplicate found for 7929354_20567156_MKR on 2025-01-30 00:00:00. Skipping.
2025-02-01 23:39:51,152 - INFO - Duplicate found for 7711606_20881025_MKR on 2025-01-30 00:00:00. Skipping.
2025-02-01 23:39:51,152 - INFO - Duplicate found for NK-22652730_14210983_MKR on 2025-01-30 00:00:00. Skipping.
2025-02-01 23:39:51,152 - INFO - Duplicate found for 7998250_21140378_MKR on 2025-01-30 00:00:00. Skipping.
2025-02-01 23:39:51,161 - INFO - Duplicate found for 8019532_21347746_MKR on 2025-01-30 00:00:00. Skipping.
2025-02-01 23:39:51,166 - INFO - Duplicate found for 8038398_21546598_MKR on 2025-01-30 00:00:00. Skipping.
2025-02-01 23:39:51,169 - INFO - Duplicate found for 8076763_22036540_MKR on 2025-01-30 00:00:00. Skipping.
2025-02-01 23:39:51,174 - INFO - Duplicate found for 8064265_21888702_MKR on 2025-01-30 00:00:00. Skipping.
2025-02-01 23:39:51,176 - INFO - Duplicate found for 8111335_22349783_MKR on 2025-01-30 00:00:00. Skipping.
2025-02-01 23:39:51,181 - INFO - Duplicate found for 8121624_22445531_MKR on 2025-01-30 00:00:00. Skipping.
2025-02-01 23:39:51,183 - INFO - Duplicate found for 8135679_22535818_MKR on 2025-01-30 00:00:00. Skipping.
2025-02-01 23:39:51,183 - INFO - Duplicate found for 8147963_22646597_MKR on 2025-01-30 00:00:00. Skipping.
2025-02-01 23:39:51,189 - INFO - Duplicate found for 8149898_22652532_MKR on 2025-01-30 00:00:00. Skipping.
2025-02-01 23:39:51,195 - INFO - Duplicate found for 8158210_22707048_MKR on 2025-01-30 00:00:00. Skipping.
2025-02-01 23:39:51,197 - INFO - Duplicate found for 8167193_22774349_MKR on 2025-01-30 00:00:00. Skipping.
2025-02-01 23:39:51,199 - INFO - Duplicate found for 8167281_22774902_MKR on 2025-01-30 00:00:00. Skipping.
2025-02-01 23:39:51,199 - INFO - Duplicate found for NK-23708462_19189216_MKR on 2025-01-30 00:00:00. Skipping.
2025-02-01 23:39:51,199 - INFO - Duplicate found for 8195272_22965751_MKR on 2025-01-30 00:00:00. Skipping.
2025-02-01 23:39:51,199 - INFO - Duplicate found for 8210694_23058882_MKR on 2025-01-30 00:00:00. Skipping.
2025-02-01 23:39:51,199 - INFO - Duplicate found for NK-23735723_19386047_MKR on 2025-01-30 00:00:00. Skipping.
2025-02-01 23:39:51,217 - INFO - Duplicate found for NK-23611016_18754126_MKR on 2025-01-30 00:00:00. Skipping.
2025-02-01 23:39:51,220 - INFO - Duplicate found for NK-23979420_30052502_MKR on 2025-01-30 00:00:00. Skipping.
2025-02-01 23:39:51,222 - INFO - Duplicate found for NK-19850425_21221698_MKR on 2025-01-30 00:00:00. Skipping.
2025-02-01 23:39:51,222 - INFO - Duplicate found for 8231561_23226284_MKR on 2025-01-30 00:00:00. Skipping.
2025-02-01 23:39:51,222 - INFO - Duplicate found for NK-23761844_19705922_MKR on 2025-01-30 00:00:00. Skipping.
2025-02-01 23:39:51,233 - INFO - Duplicate found for NK-23943216_22351884_MKR on 2025-01-30 00:00:00. Skipping.
2025-02-01 23:39:51,233 - INFO - Duplicate found for 8241278_23293542_MKR on 2025-01-30 00:00:00. Skipping.
2025-02-01 23:39:51,239 - INFO - Duplicate found for 8251564_23384731_MKR on 2025-01-30 00:00:00. Skipping.
2025-02-01 23:39:51,239 - INFO - Duplicate found for 8267277_23519910_MKR on 2025-01-30 00:00:00. Skipping.
2025-02-01 23:39:51,239 - INFO - Duplicate found for NK-24032472_30196037_MKR on 2025-01-30 00:00:00. Skipping.
2025-02-01 23:39:51,247 - INFO - Duplicate found for 8277950_23598499_MKR on 2025-01-30 00:00:00. Skipping.
2025-02-01 23:39:51,247 - INFO - Duplicate found for NK-24046362_30241549_MKR on 2025-01-30 00:00:00. Skipping.
2025-02-01 23:39:51,253 - INFO - Duplicate found for 8285574_23648738_MKR on 2025-01-30 00:00:00. Skipping.
2025-02-01 23:39:51,257 - INFO - Duplicate found for 8286033_23656066_MKR on 2025-01-30 00:00:00. Skipping.
2025-02-01 23:39:51,261 - INFO - Duplicate found for 8295992_23714765_MKR on 2025-01-30 00:00:00. Skipping.
2025-02-01 23:39:51,263 - INFO - Duplicate found for a05fafc5-0115-4a65-b1d7-f5e792cb6db4_23724496_MKR on 2025-01-30 00:00:00. Skipping.
2025-02-01 23:39:51,263 - INFO - Duplicate found for 8298442_23733949_MKR on 2025-01-30 00:00:00. Skipping.
2025-02-01 23:39:51,270 - INFO - Duplicate found for 8302495_23767583_MKR on 2025-01-30 00:00:00. Skipping.
2025-02-01 23:39:51,275 - INFO - Duplicate found for 8160498_23201165_MKR on 2025-01-30 00:00:00. Skipping.
2025-02-01 23:39:51,278 - INFO - Duplicate found for 8307978_23817231_MKR on 2025-01-30 00:00:00. Skipping.
2025-02-01 23:39:51,281 - INFO - Duplicate found for 8324880_23920399_MKR on 2025-01-30 00:00:00. Skipping.
2025-02-01 23:39:51,283 - INFO - Duplicate found for 8327301_23934342_MKR on 2025-01-30 00:00:00. Skipping.
2025-02-01 23:39:51,287 - INFO - Duplicate found for 8x1_826334931_8x1_826334931_PLY on 2025-01-30 00:00:00. Skipping.
2025-02-01 23:39:51,287 - INFO - Duplicate found for 8332503_23966347_MKR on 2025-01-30 00:00:00. Skipping.
2025-02-01 23:39:51,291 - INFO - Duplicate found for BOY2_5131523_BOY2_5131523_PLY on 2025-01-30 00:00:00. Skipping.
2025-02-01 23:39:51,295 - INFO - Duplicate found for 8347414_24077662_MKR on 2025-01-30 00:00:00. Skipping.
2025-02-01 23:39:51,295 - INFO - Duplicate found for 8356710_24163734_MKR on 2025-01-30 00:00:00. Skipping.
2025-02-01 23:39:51,295 - INFO - Duplicate found for 8362197_24228663_MKR on 2025-01-30 00:00:00. Skipping.
2025-02-01 23:39:51,295 - INFO - Duplicate found for 8212406_23070464_MKR on 2025-01-30 00:00:00. Skipping.
2025-02-01 23:39:51,308 - INFO - Duplicate found for 8336093_24283672_MKR on 2025-01-30 00:00:00. Skipping.
2025-02-01 23:39:51,310 - INFO - Duplicate found for 8383514_24406657_MKR on 2025-01-30 00:00:00. Skipping.
2025-02-01 23:39:51,310 - INFO - Duplicate found for 8388046_24445699_MKR on 2025-01-30 00:00:00. Skipping.
2025-02-01 23:39:51,310 - INFO - Duplicate found for 34186_SC_24455027_MKR on 2025-01-30 00:00:00. Skipping.
2025-02-01 23:39:51,310 - INFO - Duplicate found for NK-24101727_30400445_MKR on 2025-01-30 00:00:00. Skipping.
2025-02-01 23:39:51,310 - INFO - Duplicate found for NK-23975160_30046205_MKR on 2025-01-30 00:00:00. Skipping.
2025-02-01 23:39:51,310 - INFO - Duplicate found for 6647444_24570432_MKR on 2025-01-30 00:00:00. Skipping.
2025-02-01 23:39:51,326 - INFO - Duplicate found for 8409822_24616108_MKR on 2025-01-30 00:00:00. Skipping.
2025-02-01 23:39:51,326 - INFO - Duplicate found for 8409996_24616809_MKR on 2025-01-30 00:00:00. Skipping.
2025-02-01 23:39:51,326 - INFO - Duplicate found for 8404862_24587921_MKR on 2025-01-30 00:00:00. Skipping.
2025-02-01 23:39:51,326 - INFO - Duplicate found for 8412937_24639820_MKR on 2025-01-30 00:00:00. Skipping.
2025-02-01 23:39:51,338 - INFO - Duplicate found for 8415865_24662517_MKR on 2025-01-30 00:00:00. Skipping.
2025-02-01 23:39:51,341 - INFO - Duplicate found for NK-24090450_30364594_MKR on 2025-01-30 00:00:00. Skipping.
2025-02-01 23:39:51,341 - INFO - Duplicate found for 8420450_24704505_MKR on 2025-01-30 00:00:00. Skipping.
2025-02-01 23:39:51,347 - INFO - Duplicate found for NK-24104565_30408590_MKR on 2025-01-30 00:00:00. Skipping.
2025-02-01 23:39:51,347 - INFO - Duplicate found for NK-23999229_30092586_MKR on 2025-01-30 00:00:00. Skipping.
2025-02-01 23:39:51,347 - INFO - Duplicate found for 8406542_24597618_MKR on 2025-01-30 00:00:00. Skipping.
2025-02-01 23:39:51,347 - INFO - Duplicate found for 8438601_24891973_MKR on 2025-01-30 00:00:00. Skipping.
2025-02-01 23:39:51,357 - INFO - Duplicate found for 8445057_24903873_MKR on 2025-01-30 00:00:00. Skipping.
2025-02-01 23:39:51,357 - INFO - Duplicate found for 8456081_24995032_MKR on 2025-01-30 00:00:00. Skipping.
2025-02-01 23:39:51,357 - INFO - Duplicate found for 8456787_25002401_MKR on 2025-01-30 00:00:00. Skipping.
2025-02-01 23:39:51,365 - INFO - Duplicate found for NK-24058740_30273888_MKR on 2025-01-30 00:00:00. Skipping.
2025-02-01 23:39:51,365 - INFO - Duplicate found for 7064629_25088196_MKR on 2025-01-30 00:00:00. Skipping.
2025-02-01 23:39:51,365 - INFO - Duplicate found for NK-24202010_30872461_MKR on 2025-01-30 00:00:00. Skipping.
2025-02-01 23:39:51,375 - INFO - Duplicate found for 8454208_24991279_MKR on 2025-01-30 00:00:00. Skipping.
2025-02-01 23:39:51,377 - INFO - Duplicate found for NK-24203162_30878817_MKR on 2025-01-30 00:00:00. Skipping.
2025-02-01 23:39:51,381 - INFO - Duplicate found for 8443179_24886790_MKR on 2025-01-30 00:00:00. Skipping.
2025-02-01 23:39:51,383 - INFO - Duplicate found for 8482105_25183377_MKR on 2025-01-30 00:00:00. Skipping.
2025-02-01 23:39:51,383 - INFO - Duplicate found for 8433685_24859045_MKR on 2025-01-30 00:00:00. Skipping.
2025-02-01 23:39:51,389 - INFO - Duplicate found for 8496298_25290926_MKR on 2025-01-30 00:00:00. Skipping.
2025-02-01 23:39:51,389 - INFO - Duplicate found for NK-24180401_30812226_MKR on 2025-01-30 00:00:00. Skipping.
2025-02-01 23:39:51,395 - INFO - Duplicate found for 8498316_25304449_MKR on 2025-01-30 00:00:00. Skipping.
2025-02-01 23:39:51,400 - INFO - Duplicate found for 8469721_25336277_MKR on 2025-01-30 00:00:00. Skipping.
2025-02-01 23:39:51,400 - INFO - Duplicate found for 8415563_24660441_MKR on 2025-01-30 00:00:00. Skipping.
2025-02-01 23:39:51,405 - INFO - Duplicate found for 0b12dcb8-654c-44c4-a072-72bb3d958e36_25353280_MKR on 2025-01-30 00:00:00. Skipping.
2025-02-01 23:39:51,409 - INFO - Duplicate found for 8505089_25353605_MKR on 2025-01-30 00:00:00. Skipping.
2025-02-01 23:39:51,412 - INFO - Duplicate found for 251eb031-b50d-412d-8b9a-b2eb5f39ce5f_25359854_MKR on 2025-01-30 00:00:00. Skipping.
2025-02-01 23:39:51,412 - INFO - Duplicate found for 37d6d95a-e4b6-4e63-ab76-fcf2d143829a_25362817_MKR on 2025-01-30 00:00:00. Skipping.
2025-02-01 23:39:51,418 - INFO - Duplicate found for 24d4f8dc-60d5-4153-945a-b7859c53a7ec_25363942_MKR on 2025-01-30 00:00:00. Skipping.
2025-02-01 23:39:51,421 - INFO - Duplicate found for bb21e991-f199-4564-911b-e7f0c58bf051_25364903_MKR on 2025-01-30 00:00:00. Skipping.
2025-02-01 23:39:51,422 - INFO - Duplicate found for f68a7c34-d9b7-4c1d-8587-a0fbf16e580e_25365451_MKR on 2025-01-30 00:00:00. Skipping.
2025-02-01 23:39:51,426 - INFO - Duplicate found for 067bade6-dc05-4d07-9707-09d1cab2b24a_25370614_MKR on 2025-01-30 00:00:00. Skipping.
2025-02-01 23:39:51,426 - INFO - Duplicate found for f98cd96e-83d2-4857-be28-8a13c9ab8511_25371975_MKR on 2025-01-30 00:00:00. Skipping.
2025-02-01 23:39:51,426 - INFO - Duplicate found for 6b3e79ea-8447-4ffe-9b8a-6ae1c32c3537_25372291_MKR on 2025-01-30 00:00:00. Skipping.
2025-02-01 23:39:51,437 - INFO - Duplicate found for 52504176-48ae-45f0-911b-c3ec1e1715fd_25373280_MKR on 2025-01-30 00:00:00. Skipping.
2025-02-01 23:39:51,439 - INFO - Duplicate found for 79c5a9a6-7e96-4b7a-92cd-4fec50097597_25374143_MKR on 2025-01-30 00:00:00. Skipping.
2025-02-01 23:39:51,442 - INFO - Duplicate found for d6078b82-9a09-4001-b173-6b3dfa3138ca_25373694_MKR on 2025-01-30 00:00:00. Skipping.
2025-02-01 23:39:51,445 - INFO - Duplicate found for ab12d083-57a4-4986-8ecc-697011aae360_25378597_MKR on 2025-01-30 00:00:00. Skipping.
2025-02-01 23:39:51,445 - INFO - Duplicate found for 99857f17-f0ef-4ebc-8edb-316c0c080275_25382501_MKR on 2025-01-30 00:00:00. Skipping.
2025-02-01 23:39:51,445 - INFO - Duplicate found for 3334d900-cca7-469c-8ee8-969636e6d2ab_25384567_MKR on 2025-01-30 00:00:00. Skipping.
2025-02-01 23:39:51,454 - INFO - Duplicate found for 89dac7c4-9aeb-4b27-9c6c-24df1b990a1b_25387364_MKR on 2025-01-30 00:00:00. Skipping.
2025-02-01 23:39:51,454 - INFO - Duplicate found for 62a96ccb-4d33-430f-b9f1-4e7c6fcc0bf9_25393762_MKR on 2025-01-30 00:00:00. Skipping.
2025-02-01 23:39:51,460 - INFO - Duplicate found for be27c686-3351-4281-8a79-ecc623983c96_25394368_MKR on 2025-01-30 00:00:00. Skipping.
2025-02-01 23:39:51,464 - INFO - Duplicate found for e7841cbe-c922-474f-aaa1-d8fdb7b5469f_25394094_MKR on 2025-01-30 00:00:00. Skipping.
2025-02-01 23:39:51,467 - INFO - Duplicate found for e26ed7ca-79c7-469a-86b3-1b6d16ff9b7c_25396864_MKR on 2025-01-30 00:00:00. Skipping.
2025-02-01 23:39:51,470 - INFO - Duplicate found for 5df1f558-ded9-4638-9967-c0ed5a007896_25397436_MKR on 2025-01-30 00:00:00. Skipping.
2025-02-01 23:39:51,475 - INFO - Duplicate found for f2f045c2-c250-4728-bc4e-5965b2f61914_25398032_MKR on 2025-01-30 00:00:00. Skipping.
2025-02-01 23:39:51,477 - INFO - Duplicate found for 48405e2e-991b-4997-abc5-7c3ed0029343_25398535_MKR on 2025-01-30 00:00:00. Skipping.
2025-02-01 23:39:51,479 - INFO - Duplicate found for 2a9757df-3e62-4c87-bf69-8e7d16b4ecff_25405185_MKR on 2025-01-30 00:00:00. Skipping.
2025-02-01 23:39:51,483 - INFO - Duplicate found for ddaa3b16-e5df-4aa3-b437-28d81d4a3fc8_25408751_MKR on 2025-01-30 00:00:00. Skipping.
2025-02-01 23:39:51,487 - INFO - Duplicate found for 86207a25-1360-4076-9952-2f1feaaf1072_25400460_MKR on 2025-01-30 00:00:00. Skipping.
2025-02-01 23:39:51,487 - INFO - Duplicate found for 2bbf5f47-102f-4b5d-9ad4-bb5a5b218bd8_25409482_MKR on 2025-01-30 00:00:00. Skipping.
2025-02-01 23:39:51,495 - INFO - Duplicate found for e739011e-737c-4660-b839-03cb4e251292_25410174_MKR on 2025-01-30 00:00:00. Skipping.
2025-02-01 23:39:51,495 - INFO - Duplicate found for 27fad06e-e047-4df3-98b2-1c66cac7f039_25410966_MKR on 2025-01-30 00:00:00. Skipping.
2025-02-01 23:39:51,500 - INFO - Duplicate found for a526bb1d-f5a8-4483-9680-54082e9ced76_25412947_MKR on 2025-01-30 00:00:00. Skipping.
2025-02-01 23:39:51,500 - INFO - Duplicate found for e11b041a-0574-4093-b827-26fb5c73192e_25412503_MKR on 2025-01-30 00:00:00. Skipping.
2025-02-01 23:39:51,504 - INFO - Duplicate found for 743cf0bd-13cf-49d2-adbc-5fab80cb3e8d_25414257_MKR on 2025-01-30 00:00:00. Skipping.
2025-02-01 23:39:51,508 - INFO - Duplicate found for a7c7e7c1-187e-4a40-bc68-af3226cb8e7e_25414592_MKR on 2025-01-30 00:00:00. Skipping.
2025-02-01 23:39:51,509 - INFO - Duplicate found for 642d830d-1cdd-45d7-8264-f06877b37b34_25415125_MKR on 2025-01-30 00:00:00. Skipping.
2025-02-01 23:39:51,509 - INFO - Duplicate found for 8b290be3-0eb8-4ff9-a597-6bf35720eec1_25416438_MKR on 2025-01-30 00:00:00. Skipping.
2025-02-01 23:39:51,515 - INFO - Duplicate found for bc0a7392-f251-4bb9-9d8f-9a6096766d44_25375671_MKR on 2025-01-30 00:00:00. Skipping.
2025-02-01 23:39:51,516 - INFO - Duplicate found for d7e94800-14af-4554-aa92-e4a143d616c8_25426510_MKR on 2025-01-30 00:00:00. Skipping.
2025-02-01 23:39:51,521 - INFO - Duplicate found for 05164e9f-381e-479f-960c-c02ad36fcc72_25428829_MKR on 2025-01-30 00:00:00. Skipping.
2025-02-01 23:39:51,521 - INFO - Duplicate found for a96b83ba-1a50-41ce-813d-29d6ae1992eb_25429813_MKR on 2025-01-30 00:00:00. Skipping.
2025-02-01 23:39:51,526 - INFO - Duplicate found for d961f350-816c-4344-8a9a-00f10ad508dc_25433215_MKR on 2025-01-30 00:00:00. Skipping.
2025-02-01 23:39:51,528 - INFO - Duplicate found for 3f3943fb-e539-45a4-bf36-b817f7cce1c0_25433957_MKR on 2025-01-30 00:00:00. Skipping.
2025-02-01 23:39:51,530 - INFO - Duplicate found for 49fa425d-73fd-4282-9599-3db5f18ba46e_25437655_MKR on 2025-01-30 00:00:00. Skipping.
2025-02-01 23:39:51,532 - INFO - Duplicate found for 51839aff-6f2c-4588-b55a-5b433b21c7eb_25439391_MKR on 2025-01-30 00:00:00. Skipping.
2025-02-01 23:39:51,535 - INFO - Duplicate found for d3e95ca5-c657-4b8f-9ac9-69e5e80a49f6_25441164_MKR on 2025-01-30 00:00:00. Skipping.
2025-02-01 23:39:51,535 - INFO - Duplicate found for 900c1009-4163-4fc9-85ee-5f5ced539c62_25444378_MKR on 2025-01-30 00:00:00. Skipping.
2025-02-01 23:39:51,541 - INFO - Duplicate found for 98a22496-8898-405a-87df-07f443094c8a_25382698_MKR on 2025-01-30 00:00:00. Skipping.
2025-02-01 23:39:51,543 - INFO - Duplicate found for b0ef93b6-0471-4f2a-ad3a-d67cf953bbaa_25407709_MKR on 2025-01-30 00:00:00. Skipping.
2025-02-01 23:39:51,545 - INFO - Duplicate found for ffec38f4-ebf0-480e-ab6a-34f0874c41fc_25450347_MKR on 2025-01-30 00:00:00. Skipping.
2025-02-01 23:39:51,548 - INFO - Duplicate found for e80366b7-fcc6-4d66-a6ae-0f87ce80a3c2_25373592_MKR on 2025-01-30 00:00:00. Skipping.
2025-02-01 23:39:51,550 - INFO - Duplicate found for 3887cc1c-b79b-4c74-8dd8-be88ace703fe_25418436_MKR on 2025-01-30 00:00:00. Skipping.
2025-02-01 23:39:51,552 - INFO - Duplicate found for 4b074872-66e4-4f0e-9efd-5680b3b01932_25458435_MKR on 2025-01-30 00:00:00. Skipping.
2025-02-01 23:39:51,555 - INFO - Duplicate found for 993abb8d-3dfb-4649-b8a4-9be11f8aeb74_25459161_MKR on 2025-01-30 00:00:00. Skipping.
2025-02-01 23:39:51,558 - INFO - Duplicate found for 63d7e4e0-3682-4c25-89a3-b252a6c66326_25460665_MKR on 2025-01-30 00:00:00. Skipping.
2025-02-01 23:39:51,560 - INFO - Duplicate found for 5cf3d4b2-5336-4ffe-adaf-be23bd33d088_25466582_MKR on 2025-01-30 00:00:00. Skipping.
2025-02-01 23:39:51,564 - INFO - Duplicate found for 9da1e3f3-a517-4912-88cc-616b3dc5fc80_25466393_MKR on 2025-01-30 00:00:00. Skipping.
2025-02-01 23:39:51,564 - INFO - Duplicate found for c31b963b-dc41-4ab4-b606-d9e70fe5dbad_25467027_MKR on 2025-01-30 00:00:00. Skipping.
2025-02-01 23:39:51,564 - INFO - Duplicate found for 491c086f-90d4-4335-a03e-e77cf6a0ce7e_25468403_MKR on 2025-01-30 00:00:00. Skipping.
2025-02-01 23:39:51,564 - INFO - Duplicate found for 2c5a1fd8-e797-4076-842e-b60d32ceb051_25464627_MKR on 2025-01-30 00:00:00. Skipping.
2025-02-01 23:39:51,564 - INFO - Duplicate found for c88c2e10-3f6d-4fb3-bd79-62384722cd2c_25469638_MKR on 2025-01-30 00:00:00. Skipping.
2025-02-01 23:39:51,564 - INFO - Duplicate found for b1807813-2ca2-472c-a6d7-feba39cb6ae8_25470865_MKR on 2025-01-30 00:00:00. Skipping.
2025-02-01 23:39:51,564 - INFO - Duplicate found for 9de6ff42-9b12-4e04-bbfc-5519bc189cd6_25471459_MKR on 2025-01-30 00:00:00. Skipping.
2025-02-01 23:39:51,580 - INFO - Duplicate found for e0b448c7-7290-4258-8826-45e361658c80_25376509_MKR on 2025-01-30 00:00:00. Skipping.
2025-02-01 23:39:51,582 - INFO - Duplicate found for 4c1b0008-2415-4f0c-9a3c-cd6940c52f2e_25477610_MKR on 2025-01-30 00:00:00. Skipping.
2025-02-01 23:39:51,584 - INFO - Duplicate found for 24801d63-e001-4c57-8820-3ba73f494890_25477842_MKR on 2025-01-30 00:00:00. Skipping.
2025-02-01 23:39:51,584 - INFO - Duplicate found for fd0bea3e-64f5-49a0-bb75-c0562d81b3f2_25478563_MKR on 2025-01-30 00:00:00. Skipping.
2025-02-01 23:39:51,584 - INFO - Duplicate found for 0a9f56ba-f734-4961-a73b-914ffa245969_25413935_MKR on 2025-01-30 00:00:00. Skipping.
2025-02-01 23:39:51,584 - INFO - Duplicate found for 33c18866-f17d-4dfe-9329-780728059088_25346961_MKR on 2025-01-30 00:00:00. Skipping.
2025-02-01 23:39:51,595 - INFO - Duplicate found for 11c90522-73d0-4481-80de-ec267056d4d4_25483665_MKR on 2025-01-30 00:00:00. Skipping.
2025-02-01 23:39:51,595 - INFO - Duplicate found for b314079d-0622-4d6a-ba7c-5316606c3812_25484621_MKR on 2025-01-30 00:00:00. Skipping.
2025-02-01 23:39:51,595 - INFO - Duplicate found for 739c7116-5f74-47e2-acfd-b7e5c472e05b_25448255_MKR on 2025-01-30 00:00:00. Skipping.
2025-02-01 23:39:51,595 - INFO - Duplicate found for cccd21bb-ba57-40fd-aa3e-81cee80293ba_25485234_MKR on 2025-01-30 00:00:00. Skipping.
2025-02-01 23:39:51,595 - INFO - Duplicate found for 10da3358-3c46-4a4d-b0a9-cb9a52a042d5_25487610_MKR on 2025-01-30 00:00:00. Skipping.
2025-02-01 23:39:51,611 - INFO - Duplicate found for 16fb00cd-5438-4eb0-87b0-8e051733cbe3_25486933_MKR on 2025-01-30 00:00:00. Skipping.
2025-02-01 23:39:51,611 - INFO - Duplicate found for 62974cdb-6e30-4071-b778-d25caab5b770_25492493_MKR on 2025-01-30 00:00:00. Skipping.
2025-02-01 23:39:51,617 - INFO - Duplicate found for 7ea568fa-5582-4072-a48c-436b2153882a_25492983_MKR on 2025-01-30 00:00:00. Skipping.
2025-02-01 23:39:51,617 - INFO - Duplicate found for 8057852e-63a8-4ec1-bc73-686a8ef5a5f0_25493344_MKR on 2025-01-30 00:00:00. Skipping.
2025-02-01 23:39:51,617 - INFO - Duplicate found for 238e0358-5a63-4640-a29f-f49b227f4573_25497584_MKR on 2025-01-30 00:00:00. Skipping.
2025-02-01 23:39:51,617 - INFO - Duplicate found for 6bba9252-ca6f-4905-8ffe-b39650e5e2d6_25499671_MKR on 2025-01-30 00:00:00. Skipping.
2025-02-01 23:39:51,627 - INFO - Duplicate found for adfa28b0-e1ce-4b75-ba59-ec5cd1673e41_25500489_MKR on 2025-01-30 00:00:00. Skipping.
2025-02-01 23:39:51,627 - INFO - Duplicate found for e928cd7c-9547-4399-8729-f256d7a13697_25489036_MKR on 2025-01-30 00:00:00. Skipping.
2025-02-01 23:39:51,627 - INFO - Duplicate found for 64a44a06-bb0e-4b9a-a788-d4be442e7c06_25506020_MKR on 2025-01-30 00:00:00. Skipping.
2025-02-01 23:39:51,627 - INFO - Duplicate found for ccf205e3-1e21-4bc5-895c-cb1ebef99fe1_25508912_MKR on 2025-01-30 00:00:00. Skipping.
2025-02-01 23:39:51,627 - INFO - Duplicate found for 371382c1-7239-4d89-ab82-f54f8647b40e_25368790_MKR on 2025-01-30 00:00:00. Skipping.
2025-02-01 23:39:51,627 - INFO - Duplicate found for b3e78276-8f27-468f-b9ab-9490a884a836_25510684_MKR on 2025-01-30 00:00:00. Skipping.
2025-02-01 23:39:51,645 - INFO - Duplicate found for 706a7e47-835d-4255-b372-efc91919e416_25512300_MKR on 2025-01-30 00:00:00. Skipping.
2025-02-01 23:39:51,647 - INFO - Duplicate found for c0008b52-4b06-46a0-8c89-5deb337cd269_25508201_MKR on 2025-01-30 00:00:00. Skipping.
2025-02-01 23:39:51,650 - INFO - Duplicate found for 3e475562-21a3-477c-b08d-99d12e2123c4_25515378_MKR on 2025-01-30 00:00:00. Skipping.
2025-02-01 23:39:51,650 - INFO - Duplicate found for 3f71b6ca-89a0-4596-baa1-a3c207065f6a_25517025_MKR on 2025-01-30 00:00:00. Skipping.
2025-02-01 23:39:51,656 - INFO - Duplicate found for 55b0fef1-395b-47bc-8399-731461bbddd7_25518490_MKR on 2025-01-30 00:00:00. Skipping.
2025-02-01 23:39:51,659 - INFO - Duplicate found for bd82477f-ea3c-4670-bb6d-7fdf3c3029b5_25431571_MKR on 2025-01-30 00:00:00. Skipping.
2025-02-01 23:39:51,660 - INFO - Duplicate found for 3cca2c4a-a1ae-4ac8-9681-ff55c9bd0989_25534248_MKR on 2025-01-30 00:00:00. Skipping.
2025-02-01 23:39:51,660 - INFO - Duplicate found for a4496c05-79f2-451d-bf61-5f1b740480a9_25479642_MKR on 2025-01-30 00:00:00. Skipping.
2025-02-01 23:39:51,660 - INFO - Duplicate found for 3026490a-ff88-4bcc-a30d-afb59711c02f_25483582_MKR on 2025-01-30 00:00:00. Skipping.
2025-02-01 23:39:51,660 - INFO - Duplicate found for 274e2230-c476-43aa-b016-d503b8381b3d_25554162_MKR on 2025-01-30 00:00:00. Skipping.
2025-02-01 23:39:51,660 - INFO - Duplicate found for fadf2291-16c0-4397-8207-69d508ccd283_25563649_MKR on 2025-01-30 00:00:00. Skipping.
2025-02-01 23:39:51,675 - INFO - Duplicate found for 3512bc6a-65bf-4251-abaa-905c94022dd6_25572092_MKR on 2025-01-30 00:00:00. Skipping.
2025-02-01 23:39:51,675 - INFO - Duplicate found for f6d40573-0fba-435f-8ca2-4f9596b0a52a_25573094_MKR on 2025-01-30 00:00:00. Skipping.
2025-02-01 23:39:51,681 - INFO - Duplicate found for 7d7fe343-0f08-4920-97a7-a6b307e80a55_25574051_MKR on 2025-01-30 00:00:00. Skipping.
2025-02-01 23:39:51,681 - INFO - Duplicate found for 61692856-6a96-497c-aea7-75b4534ac203_25512753_MKR on 2025-01-30 00:00:00. Skipping.
2025-02-01 23:39:51,681 - INFO - Duplicate found for cb9e2dfa-0701-410c-bec0-d50f4f12938b_25583420_MKR on 2025-01-30 00:00:00. Skipping.
2025-02-01 23:39:51,691 - INFO - Duplicate found for d86bca90-ce1c-4f38-a21d-af0ef4fde8b8_25583675_MKR on 2025-01-30 00:00:00. Skipping.
2025-02-01 23:39:51,691 - INFO - Duplicate found for 34ee0642-039a-47cb-bb72-1d5421a9cf6b_25585930_MKR on 2025-01-30 00:00:00. Skipping.
2025-02-01 23:39:51,695 - INFO - Duplicate found for 43659116-eb48-4f3a-a5c7-2eeb95194f2a_25588132_MKR on 2025-01-30 00:00:00. Skipping.
2025-02-01 23:39:51,697 - INFO - Duplicate found for 106e7bd7-22d6-433b-9fee-115f2d843cef_25589111_MKR on 2025-01-30 00:00:00. Skipping.
2025-02-01 23:39:51,697 - INFO - Duplicate found for 6797f778-5d88-494c-b29e-aca2414255ce_25513080_MKR on 2025-01-30 00:00:00. Skipping.
2025-02-01 23:39:51,702 - INFO - Duplicate found for 4e13637e-8374-407a-a539-5a9e15ff4881_25591745_MKR on 2025-01-30 00:00:00. Skipping.
2025-02-01 23:39:51,707 - INFO - Duplicate found for a39db6d2-f478-4309-8109-5636a8520c7a_25594533_MKR on 2025-01-30 00:00:00. Skipping.
2025-02-01 23:39:51,709 - INFO - Duplicate found for ce2beb98-1362-45b7-acf7-5955422f98a5_25488165_MKR on 2025-01-30 00:00:00. Skipping.
2025-02-01 23:39:51,709 - INFO - Duplicate found for d180c1be-3739-4a52-9376-6bb500bee7ef_25589211_MKR on 2025-01-30 00:00:00. Skipping.
2025-02-01 23:39:51,709 - INFO - Duplicate found for 4328c6c3-c44c-47d7-9700-05291aa660a8_25595954_MKR on 2025-01-30 00:00:00. Skipping.
2025-02-01 23:39:51,722 - INFO - Duplicate found for 3d0f2ecc-a4a8-40f5-832c-825c78fafcab_25597657_MKR on 2025-01-30 00:00:00. Skipping.
2025-02-01 23:39:51,722 - INFO - Duplicate found for 7d7249a7-9fab-455f-b008-e55587793056_25600707_MKR on 2025-01-30 00:00:00. Skipping.
2025-02-01 23:39:51,727 - INFO - Duplicate found for af899ef2-fa38-47c1-b47f-556b377eba96_25601282_MKR on 2025-01-30 00:00:00. Skipping.
2025-02-01 23:39:51,729 - INFO - Duplicate found for b9be1cd4-18ec-46bb-99ea-cfd728953603_25403956_MKR on 2025-01-30 00:00:00. Skipping.
2025-02-01 23:39:51,731 - INFO - Duplicate found for 2d98dd4b-da1c-4ecd-b9bc-2d1d91e6dad5_25603788_MKR on 2025-01-30 00:00:00. Skipping.
2025-02-01 23:39:51,731 - INFO - Duplicate found for 6e139818-c8a4-4021-9546-f8895072c0b8_25585189_MKR on 2025-01-30 00:00:00. Skipping.
2025-02-01 23:39:51,737 - INFO - Duplicate found for 3c38f3ec-0bd4-41ee-8feb-ab94ac9e6bd0_25610783_MKR on 2025-01-30 00:00:00. Skipping.
2025-02-01 23:39:51,738 - INFO - Duplicate found for 0460150e-34bf-4a60-abce-f352910dad91_25585303_MKR on 2025-01-30 00:00:00. Skipping.
2025-02-01 23:39:51,738 - INFO - Duplicate found for e255c34e-d665-435c-8ab4-caeed1ef2ecd_25621544_MKR on 2025-01-30 00:00:00. Skipping.
2025-02-01 23:39:51,738 - INFO - Duplicate found for c34c009d-89af-4470-8ba1-91cbc626adc7_25627601_MKR on 2025-01-30 00:00:00. Skipping.
2025-02-01 23:39:51,738 - INFO - Duplicate found for b7a61e8d-f747-4f14-9e1b-13a972d25156_25627488_MKR on 2025-01-30 00:00:00. Skipping.
2025-02-01 23:39:51,738 - INFO - Duplicate found for 98c4f785-f79d-4da1-97ea-ba8ce624cee2_25634113_MKR on 2025-01-30 00:00:00. Skipping.
2025-02-01 23:39:51,756 - INFO - Duplicate found for 5ffd9c57-2acd-472c-a9aa-d94de9615eb9_25488968_MKR on 2025-01-30 00:00:00. Skipping.
2025-02-01 23:39:51,758 - INFO - Duplicate found for c7e87051-fad0-4466-8280-4eaf975ad6e1_25563400_MKR on 2025-01-30 00:00:00. Skipping.
2025-02-01 23:39:51,762 - INFO - Duplicate found for 7322ec87-d251-44cd-a3a6-6fb76ee109a2_25636684_MKR on 2025-01-30 00:00:00. Skipping.
2025-02-01 23:39:51,765 - INFO - Duplicate found for f3094717-b7bd-4154-b9a0-ae329b7fa909_25637478_MKR on 2025-01-30 00:00:00. Skipping.
2025-02-01 23:39:51,765 - INFO - Duplicate found for 6a27e19a-4ce9-4634-84a0-509bd4e274a4_25638022_MKR on 2025-01-30 00:00:00. Skipping.
2025-02-01 23:39:51,770 - INFO - Duplicate found for 19a34ac2-126c-4880-a315-1d0900e4b1bd_25639122_MKR on 2025-01-30 00:00:00. Skipping.
2025-02-01 23:39:51,773 - INFO - Duplicate found for 65439614-cc69-4c02-b235-d21885c16a0a_25643619_MKR on 2025-01-30 00:00:00. Skipping.
2025-02-01 23:39:51,775 - INFO - Duplicate found for 0fb79c3d-53b3-4fad-8dab-0b61729b7233_25646196_MKR on 2025-01-30 00:00:00. Skipping.
2025-02-01 23:39:51,777 - INFO - Duplicate found for d5fca69e-4018-47d8-9788-97051de2e917_25649772_MKR on 2025-01-30 00:00:00. Skipping.
2025-02-01 23:39:51,777 - INFO - Duplicate found for 8515485_25651990_MKR on 2025-01-30 00:00:00. Skipping.
2025-02-01 23:39:51,782 - INFO - Duplicate found for bdd05ae7-b85e-4aad-bc9e-c2019eaac7b0_25639910_MKR on 2025-01-30 00:00:00. Skipping.
2025-02-01 23:39:51,786 - INFO - Duplicate found for d30eff58-1224-4f92-998c-278c67c685dc_25376904_MKR on 2025-01-30 00:00:00. Skipping.
2025-02-01 23:39:51,787 - INFO - Duplicate found for 1f112ad6-b7b4-46f9-9fd6-5c6caa102d90_25489852_MKR on 2025-01-30 00:00:00. Skipping.
2025-02-01 23:39:51,787 - INFO - Duplicate found for b745d648-870a-4e6f-a4e5-67dd74ddaf1d_25592456_MKR on 2025-01-30 00:00:00. Skipping.
2025-02-01 23:39:51,793 - INFO - Duplicate found for 68b3f3ad-4a07-4030-a4f3-8c41fc9709f5_25672879_MKR on 2025-01-30 00:00:00. Skipping.
2025-02-01 23:39:51,796 - INFO - Duplicate found for 8514776_25636503_MKR on 2025-01-30 00:00:00. Skipping.
2025-02-01 23:39:51,799 - INFO - Duplicate found for a9148b27-a363-4433-8455-8a5a038beb4a_25629404_MKR on 2025-01-30 00:00:00. Skipping.
2025-02-01 23:39:51,799 - INFO - Duplicate found for c0ad12b7-91ad-4186-976c-b026e39d636a_25600516_MKR on 2025-01-30 00:00:00. Skipping.
2025-02-01 23:39:51,803 - INFO - Duplicate found for 46196151-4521-43a5-986e-7f1315989e85_25417374_MKR on 2025-01-30 00:00:00. Skipping.
2025-02-01 23:39:51,803 - INFO - Duplicate found for 9ddbbc08-46de-494b-ac25-62120fd97c6b_25695210_MKR on 2025-01-30 00:00:00. Skipping.
2025-02-01 23:39:51,803 - INFO - Duplicate found for NK-24223052_30958468_MKR on 2025-01-30 00:00:00. Skipping.
2025-02-01 23:39:51,803 - INFO - Duplicate found for 41c0f5ab-a557-4f97-a0f4-245d3a7aaace_25699886_MKR on 2025-01-30 00:00:00. Skipping.
2025-02-01 23:39:51,812 - INFO - Duplicate found for 30ae2855-ee33-44c0-a4e8-5d76de947d7e_25700829_MKR on 2025-01-30 00:00:00. Skipping.
2025-02-01 23:39:51,812 - INFO - Duplicate found for 829b61c6-8f8b-4c86-820e-dd031e9f2515_25702012_MKR on 2025-01-30 00:00:00. Skipping.
2025-02-01 23:39:51,818 - INFO - Duplicate found for 57e58d49-9bf7-4532-ad78-32cb917c5d4e_25703865_MKR on 2025-01-30 00:00:00. Skipping.
2025-02-01 23:39:51,818 - INFO - Duplicate found for 08d5fa5c-568f-430e-a355-a370b0d5e5ba_25575325_MKR on 2025-01-30 00:00:00. Skipping.
2025-02-01 23:39:51,818 - INFO - Duplicate found for a98f3ef4-456d-4ed9-ba30-05daff584939_25705750_MKR on 2025-01-30 00:00:00. Skipping.
2025-02-01 23:39:51,818 - INFO - Duplicate found for c9471da0-ac46-4bff-89a7-39c3b8bedeb7_25656969_MKR on 2025-01-30 00:00:00. Skipping.
2025-02-01 23:39:51,830 - INFO - Duplicate found for 6f96d269-c834-49d0-a959-4efe47906918_25709382_MKR on 2025-01-30 00:00:00. Skipping.
2025-02-01 23:39:51,834 - INFO - Duplicate found for 9843e712-9e14-4942-adcd-30be8f2c4a4d_25713548_MKR on 2025-01-30 00:00:00. Skipping.
2025-02-01 23:39:51,834 - INFO - Duplicate found for d0f054a2-4932-4dbf-b012-c4946b1c222f_25726025_MKR on 2025-01-30 00:00:00. Skipping.
2025-02-01 23:39:51,840 - INFO - Duplicate found for 63d3844e-33ee-4af0-b9ae-bcb8231876b9_25565579_MKR on 2025-01-30 00:00:00. Skipping.
2025-02-01 23:39:51,840 - INFO - Duplicate found for a6cdfa32-b398-4861-b65a-4ad1b67c017c_25730845_MKR on 2025-01-30 00:00:00. Skipping.
2025-02-01 23:39:51,840 - INFO - Duplicate found for 2ec2d56f-04b6-4ea0-85d6-c4708d2d5441_25732229_MKR on 2025-01-30 00:00:00. Skipping.
2025-02-01 23:39:51,840 - INFO - Duplicate found for 2a57a628-6f92-49bc-8609-840635346d35_25733176_MKR on 2025-01-30 00:00:00. Skipping.
2025-02-01 23:39:51,850 - INFO - Duplicate found for 5a53d7a8-18f8-4acc-b079-e7e1e2111a3d_25734106_MKR on 2025-01-30 00:00:00. Skipping.
2025-02-01 23:39:51,855 - INFO - Duplicate found for 80536d6a-a51c-45f6-a9b6-921db4591eb5_25732565_MKR on 2025-01-30 00:00:00. Skipping.
2025-02-01 23:39:51,855 - INFO - Duplicate found for db4a7771-211b-45f1-b661-7a533d710da0_25629145_MKR on 2025-01-30 00:00:00. Skipping.
2025-02-01 23:39:51,855 - INFO - Duplicate found for 8521471_25740755_MKR on 2025-01-30 00:00:00. Skipping.
2025-02-01 23:39:51,855 - INFO - Duplicate found for b7af4408-c606-4669-9931-5fbe62824b7e_25746224_MKR on 2025-01-30 00:00:00. Skipping.
2025-02-01 23:39:51,855 - INFO - Duplicate found for da3d852e-71fe-43f3-b718-a6f5f80fcbc1_25482097_MKR on 2025-01-30 00:00:00. Skipping.
2025-02-01 23:39:51,866 - INFO - Duplicate found for 4402c9e3-3535-4f33-9859-f2c96c722217_25749786_MKR on 2025-01-30 00:00:00. Skipping.
2025-02-01 23:39:51,871 - INFO - Duplicate found for 689a7229-27a5-4bce-b2bd-b80d0b9e19a4_25758886_MKR on 2025-01-30 00:00:00. Skipping.
2025-02-01 23:39:51,874 - INFO - Duplicate found for b5c78380-35f2-4926-be0e-f573c6b51f1a_25760324_MKR on 2025-01-30 00:00:00. Skipping.
2025-02-01 23:39:51,876 - INFO - Duplicate found for d9308bb2-3845-41a9-a646-83379856184a_25763420_MKR on 2025-01-30 00:00:00. Skipping.
2025-02-01 23:39:51,880 - INFO - Duplicate found for e9ffcd35-57b8-4d59-a611-262e63c53e07_25763866_MKR on 2025-01-30 00:00:00. Skipping.
2025-02-01 23:39:51,881 - INFO - Duplicate found for 32d77215-ad06-46dc-9e15-b690f73f402d_25768132_MKR on 2025-01-30 00:00:00. Skipping.
2025-02-01 23:39:51,883 - INFO - Duplicate found for 13f38ab8-aea8-4a88-ac5e-4e4bbafcc812_25781684_MKR on 2025-01-30 00:00:00. Skipping.
2025-02-01 23:39:51,885 - INFO - Duplicate found for ac7c3830-11bb-4e55-a64b-9a6826ed8f58_25786381_MKR on 2025-01-30 00:00:00. Skipping.
2025-02-01 23:39:51,885 - INFO - Duplicate found for NK-24204149_30884174_MKR on 2025-01-30 00:00:00. Skipping.
2025-02-01 23:39:51,885 - INFO - Duplicate found for 2caa8d4e-fc9e-47fa-a9b8-5cb24f133346_25790848_MKR on 2025-01-30 00:00:00. Skipping.
2025-02-01 23:39:51,896 - INFO - Duplicate found for 3e2e4947-cf0e-4e5f-adca-1ab9066fa27f_25534580_MKR on 2025-01-30 00:00:00. Skipping.
2025-02-01 23:39:51,897 - INFO - Duplicate found for 4e234eb0-99b6-4fd9-8025-1cd065e6e5ae_25803455_MKR on 2025-01-30 00:00:00. Skipping.
2025-02-01 23:39:51,899 - INFO - Duplicate found for 1ed1bcc4-b059-4248-af5a-61a537bf9793_25803028_MKR on 2025-01-30 00:00:00. Skipping.
2025-02-01 23:39:51,899 - INFO - Duplicate found for a8f41853-7bec-44e3-9cf3-2fff515dfc93_25806227_MKR on 2025-01-30 00:00:00. Skipping.
2025-02-01 23:39:51,899 - INFO - Duplicate found for 33f8688c-cce6-4a23-a6d8-4da2881def03_25493979_MKR on 2025-01-30 00:00:00. Skipping.
2025-02-01 23:39:51,908 - INFO - Duplicate found for 4ec46a4e-0405-46e4-bbbf-bf369c2fac9d_25810620_MKR on 2025-01-30 00:00:00. Skipping.
2025-02-01 23:39:51,908 - INFO - Duplicate found for 5c182c86-7a17-4dda-a343-7a71eb0e9b98_25489992_MKR on 2025-01-30 00:00:00. Skipping.
2025-02-01 23:39:51,914 - INFO - Duplicate found for 73445b22-6ea3-4099-9898-51aa77b928c7_25813954_MKR on 2025-01-30 00:00:00. Skipping.
2025-02-01 23:39:51,914 - INFO - Duplicate found for d170bb4a-2597-4944-8313-c20121ebd5a5_25538478_MKR on 2025-01-30 00:00:00. Skipping.
2025-02-01 23:39:51,914 - INFO - Duplicate found for 9a350ad0-a080-456f-acf7-a9442a07bf1a_25483093_MKR on 2025-01-30 00:00:00. Skipping.
2025-02-01 23:39:51,914 - INFO - Duplicate found for 46a37f9f-8e98-48d1-aae1-0b965b5dd1a0_25825733_MKR on 2025-01-30 00:00:00. Skipping.
2025-02-01 23:39:51,928 - INFO - Duplicate found for c476bdb7-7f9c-4990-9569-7ebb11428f2a_25438891_MKR on 2025-01-30 00:00:00. Skipping.
2025-02-01 23:39:51,930 - INFO - Duplicate found for 7a167abf-da7e-4c59-a672-cdbaac9d473a_25828528_MKR on 2025-01-30 00:00:00. Skipping.
2025-02-01 23:39:51,932 - INFO - Duplicate found for 8529961_25830462_MKR on 2025-01-30 00:00:00. Skipping.
2025-02-01 23:39:51,932 - INFO - Duplicate found for 871fde07-0eec-4644-9f33-b7c29942f3aa_25831381_MKR on 2025-01-30 00:00:00. Skipping.
2025-02-01 23:39:51,932 - INFO - Duplicate found for f20e0ba3-a079-4c55-8448-dd3d60007050_25779754_MKR on 2025-01-30 00:00:00. Skipping.
2025-02-01 23:39:51,932 - INFO - Duplicate found for 065b59a2-bc73-4805-8f2b-8af4d369a43d_25833700_MKR on 2025-01-30 00:00:00. Skipping.
2025-02-01 23:39:51,945 - INFO - Duplicate found for 908c1800-8073-4306-9346-08445ab31d86_25834145_MKR on 2025-01-30 00:00:00. Skipping.
2025-02-01 23:39:51,945 - INFO - Duplicate found for 93363ac0-e33f-41cd-969d-0bebbc584720_25835370_MKR on 2025-01-30 00:00:00. Skipping.
2025-02-01 23:39:51,945 - INFO - Duplicate found for ca86b027-59ea-4e36-90d1-45c558c237e0_25807467_MKR on 2025-01-30 00:00:00. Skipping.
2025-02-01 23:39:51,945 - INFO - Duplicate found for cac50d85-c9c2-41a3-b366-63c0d9b9ab7c_25413096_MKR on 2025-01-30 00:00:00. Skipping.
2025-02-01 23:39:51,945 - INFO - Duplicate found for ba378398-43fb-4588-90ac-4e9300a42003_25838641_MKR on 2025-01-30 00:00:00. Skipping.
2025-02-01 23:39:51,945 - INFO - Duplicate found for 61dc9111-1d62-49bb-9d8a-931a5939d65f_25741245_MKR on 2025-01-30 00:00:00. Skipping.
2025-02-01 23:39:51,945 - INFO - Duplicate found for NK-24199232_30865049_MKR on 2025-01-30 00:00:00. Skipping.
2025-02-01 23:39:51,961 - INFO - Duplicate found for 6b4d3739-1363-4c40-bb2d-0a02653b673f_25854071_MKR on 2025-01-30 00:00:00. Skipping.
2025-02-01 23:39:51,961 - INFO - Duplicate found for 3eb09ccc-be4f-41c3-b157-de270350a5a5_25856266_MKR on 2025-01-30 00:00:00. Skipping.
2025-02-01 23:39:51,967 - INFO - Duplicate found for b38106ef-9d75-42dd-a013-eeab9ef3952f_25866908_MKR on 2025-01-30 00:00:00. Skipping.
2025-02-01 23:39:51,967 - INFO - Duplicate found for feee6567-9a44-4001-b254-eae3564bc987_25833854_MKR on 2025-01-30 00:00:00. Skipping.
2025-02-01 23:39:51,967 - INFO - Duplicate found for 8529323_25823200_MKR on 2025-01-30 00:00:00. Skipping.
2025-02-01 23:39:51,967 - INFO - Duplicate found for b6934e6c-e351-4024-bc85-6a5d583ea2ae_25876065_MKR on 2025-01-30 00:00:00. Skipping.
2025-02-01 23:39:51,977 - INFO - Duplicate found for a71f1158-2ce4-415c-a0bf-8428697121a9_25640318_MKR on 2025-01-30 00:00:00. Skipping.
2025-02-01 23:39:51,977 - INFO - Duplicate found for 726c1626-f7d9-44be-9644-6fe7c1ed68f1_25877099_MKR on 2025-01-30 00:00:00. Skipping.
2025-02-01 23:39:51,977 - INFO - Duplicate found for 62cfe5bf-4ec7-4cd8-a8d0-212fab82a9b9_25878236_MKR on 2025-01-30 00:00:00. Skipping.
2025-02-01 23:39:51,977 - INFO - Duplicate found for a0630509-2b85-486a-b175-ff61a62172ae_25879552_MKR on 2025-01-30 00:00:00. Skipping.
2025-02-01 23:39:51,988 - INFO - Duplicate found for 93f5c728-8c71-4d05-89fc-f28949cc06b1_25881311_MKR on 2025-01-30 00:00:00. Skipping.
2025-02-01 23:39:51,990 - INFO - Duplicate found for 8338c9f5-296b-434f-9f2d-a9e848b572f6_25851753_MKR on 2025-01-30 00:00:00. Skipping.
2025-02-01 23:39:51,993 - INFO - Duplicate found for NK-21792155_30764110_MKR on 2025-01-30 00:00:00. Skipping.
2025-02-01 23:39:51,996 - INFO - Duplicate found for 39d440e0-e27f-4841-904a-293bdf6b9bf5_25877250_MKR on 2025-01-30 00:00:00. Skipping.
2025-02-01 23:39:51,996 - INFO - Duplicate found for 8c223e60-5a00-41ad-b355-accd305b8d84_25891235_MKR on 2025-01-30 00:00:00. Skipping.
2025-02-01 23:39:51,996 - INFO - Duplicate found for 6bfe35e9-0186-4685-addc-ed4db00fae07_25703691_MKR on 2025-01-30 00:00:00. Skipping.
2025-02-01 23:39:51,996 - INFO - Duplicate found for 73809d18-978d-4609-9564-3cf9e135e65a_25879074_MKR on 2025-01-30 00:00:00. Skipping.
2025-02-01 23:39:52,007 - INFO - Duplicate found for 43898963-3e3d-4164-abb8-4031e4f1315b_25901625_MKR on 2025-01-30 00:00:00. Skipping.
2025-02-01 23:39:52,009 - INFO - Duplicate found for NK-23928483_22104345_MKR on 2025-01-30 00:00:00. Skipping.
2025-02-01 23:39:52,009 - INFO - Duplicate found for 1299014273_50007666535_RLX on 2025-01-30 00:00:00. Skipping.
2025-02-01 23:39:52,009 - INFO - Duplicate found for 5dc1a1f5-3eb1-4647-bf24-0715fb7befd2_25903238_MKR on 2025-01-30 00:00:00. Skipping.
2025-02-01 23:39:52,009 - INFO - Duplicate found for 331d971f-44da-4385-8688-9c8c9d491dad_25905141_MKR on 2025-01-30 00:00:00. Skipping.
2025-02-01 23:39:52,009 - INFO - Duplicate found for 86f3f350-e11b-4a07-ad39-942aaf261adf_25455803_MKR on 2025-01-30 00:00:00. Skipping.
2025-02-01 23:39:52,009 - INFO - Duplicate found for 3ffbf5eb-0944-4f03-b43f-28b6fd429373_25909028_MKR on 2025-01-30 00:00:00. Skipping.
2025-02-01 23:39:52,025 - INFO - Duplicate found for 181390c1-3f6a-4984-9b25-4d578507a93d_25909563_MKR on 2025-01-30 00:00:00. Skipping.
2025-02-01 23:39:52,026 - INFO - Duplicate found for b0dc79d3-16d7-4f19-84c1-c7aa2ec6be78_25521707_MKR on 2025-01-30 00:00:00. Skipping.
2025-02-01 23:39:52,028 - INFO - Duplicate found for d2681809-a30f-4ef9-9f4b-51c7b8737ae2_25700366_MKR on 2025-01-30 00:00:00. Skipping.
2025-02-01 23:39:52,028 - INFO - Duplicate found for NK-24244118_31015439_MKR on 2025-01-30 00:00:00. Skipping.
2025-02-01 23:39:52,028 - INFO - Duplicate found for 8535583_25913103_MKR on 2025-01-30 00:00:00. Skipping.
2025-02-01 23:39:52,028 - INFO - Duplicate found for 86c2e8b5-9ea4-493b-93ea-a08e71f8df62_25914109_MKR on 2025-01-30 00:00:00. Skipping.
2025-02-01 23:39:52,028 - INFO - Duplicate found for df195c73-9598-435c-bf26-e224ca0b60fb_25914793_MKR on 2025-01-30 00:00:00. Skipping.
2025-02-01 23:39:52,041 - INFO - Duplicate found for eb24c4b7-c329-4c3e-be78-cb37bfc6a4bb_25915012_MKR on 2025-01-30 00:00:00. Skipping.
2025-02-01 23:39:52,041 - INFO - Duplicate found for bbl1h61m6bgw171_50007676697_RLX on 2025-01-30 00:00:00. Skipping.
2025-02-01 23:39:52,047 - INFO - Duplicate found for 8399451_24545241_MKR on 2025-01-30 00:00:00. Skipping.
2025-02-01 23:39:52,051 - INFO - Duplicate found for f1ec4fc9-08c5-4e23-b961-7530844cc063_25874787_MKR on 2025-01-30 00:00:00. Skipping.
2025-02-01 23:39:52,051 - INFO - Duplicate found for NK-24245159_31018709_MKR on 2025-01-30 00:00:00. Skipping.
2025-02-01 23:39:52,057 - INFO - Duplicate found for f1aad896-2246-4816-b29c-680e51a6f175_25540299_MKR on 2025-01-30 00:00:00. Skipping.
2025-02-01 23:39:52,059 - INFO - Duplicate found for de16ca03-4ddf-4193-a9b1-f20da74a7964_25916777_MKR on 2025-01-30 00:00:00. Skipping.
2025-02-01 23:39:52,063 - INFO - Duplicate found for 13251718_104704527_RLX on 2025-01-30 00:00:00. Skipping.
2025-02-01 23:39:52,065 - INFO - Duplicate found for 362355ac-2aa9-424d-8f29-d20469c64f58_25917115_MKR on 2025-01-30 00:00:00. Skipping.
2025-02-01 23:39:52,069 - INFO - Duplicate found for 28405c20-720c-4563-b4be-571e33cfc47f_25917232_MKR on 2025-01-30 00:00:00. Skipping.
2025-02-01 23:39:52,071 - INFO - Duplicate found for 6950ae24-830b-4110-9f1f-b51c6af6e849_25432113_MKR on 2025-01-30 00:00:00. Skipping.
2025-02-01 23:39:52,073 - INFO - Duplicate found for 8497031_25295188_MKR on 2025-01-30 00:00:00. Skipping.
2025-02-01 23:39:52,073 - INFO - Duplicate found for 6693825c-6ea0-46d1-ae4c-e942dfa56b63_25770783_MKR on 2025-01-30 00:00:00. Skipping.
2025-02-01 23:39:52,073 - INFO - Duplicate found for d7002a12-3835-4d58-aca0-02cb8783d6d3_25918134_MKR on 2025-01-30 00:00:00. Skipping.
2025-02-01 23:39:52,073 - INFO - Duplicate found for 8534944_25903799_MKR on 2025-01-30 00:00:00. Skipping.
2025-02-01 23:39:52,086 - INFO - Duplicate found for b64b15fa-13eb-48f8-a282-83a483a01291_25918456_MKR on 2025-01-30 00:00:00. Skipping.
2025-02-01 23:39:52,089 - INFO - Duplicate found for 3a5e51a0-142b-4dee-b8f0-d769abd97ee5_25918502_MKR on 2025-01-30 00:00:00. Skipping.
2025-02-01 23:39:52,089 - INFO - Duplicate found for 3246d5a8-ead0-4497-8705-32790970734a_25897090_MKR on 2025-01-30 00:00:00. Skipping.
2025-02-01 23:39:52,093 - INFO - Duplicate found for 0f177473-a32a-4f88-aa71-81abe5ef41ac_25917949_MKR on 2025-01-30 00:00:00. Skipping.
2025-02-01 23:39:52,096 - INFO - Duplicate found for 4c6d5840-93ef-44b4-a03a-65852e45fe75_25919149_MKR on 2025-01-30 00:00:00. Skipping.
2025-02-01 23:39:52,101 - INFO - Duplicate found for 7ec0d16f-b7d8-4954-a29c-49e37483ad2d_25919632_MKR on 2025-01-30 00:00:00. Skipping.
2025-02-01 23:39:52,104 - INFO - Duplicate found for f0b25ccf-769f-406d-84f5-f09aff90d3d3_25367487_MKR on 2025-01-30 00:00:00. Skipping.
2025-02-01 23:39:52,106 - INFO - Duplicate found for ca3f18f2-ba0a-41ea-9602-181c9ff02770_25919865_MKR on 2025-01-30 00:00:00. Skipping.
2025-02-01 23:39:52,106 - INFO - Duplicate found for 5b68f5f4-8b89-444c-bd4a-5b70c7557bb2_25919732_MKR on 2025-01-30 00:00:00. Skipping.
2025-02-01 23:39:52,106 - INFO - Duplicate found for 2c0f7daa-a829-4969-b5c7-b0d26abb46ab_25919920_MKR on 2025-01-30 00:00:00. Skipping.
2025-02-01 23:39:52,106 - INFO - Duplicate found for 81a60f9a-9cab-4b7f-9f0c-a7e80fac4af0_25920051_MKR on 2025-01-30 00:00:00. Skipping.
2025-02-01 23:39:52,118 - INFO - Duplicate found for a332aead-eb26-4dec-8d6c-f694753f6d2a_25920288_MKR on 2025-01-30 00:00:00. Skipping.
2025-02-01 23:39:52,121 - INFO - Duplicate found for 8536381_25920085_MKR on 2025-01-30 00:00:00. Skipping.
2025-02-01 23:39:52,121 - INFO - Duplicate found for NK-24224471_30961983_MKR on 2025-01-30 00:00:00. Skipping.
2025-02-01 23:39:52,126 - INFO - Duplicate found for 8536464_25920787_MKR on 2025-01-30 00:00:00. Skipping.
2025-02-01 23:39:52,126 - INFO - Duplicate found for 8515299_25649478_MKR on 2025-01-30 00:00:00. Skipping.
2025-02-01 23:39:52,126 - INFO - Duplicate found for 8536599_25921946_MKR on 2025-01-30 00:00:00. Skipping.
2025-02-01 23:39:52,136 - INFO - Duplicate found for 754bb6c2-afab-4921-a828-e01c9c96ecad_25656399_MKR on 2025-01-30 00:00:00. Skipping.
2025-02-01 23:39:52,136 - INFO - Duplicate found for NK-24003390_30104808_MKR on 2025-01-30 00:00:00. Skipping.
2025-02-01 23:39:52,142 - INFO - Duplicate found for 104611d8-cde1-4de8-a4e0-d83a83296130_25922816_MKR on 2025-01-30 00:00:00. Skipping.
2025-02-01 23:39:52,142 - INFO - Duplicate found for 45761637-3dd8-4e6f-aadb-8074fbcbb8ca_25923454_MKR on 2025-01-30 00:00:00. Skipping.
2025-02-01 23:39:52,142 - INFO - Duplicate found for 8521559_25743119_MKR on 2025-01-30 00:00:00. Skipping.
2025-02-01 23:39:52,142 - INFO - Duplicate found for NK-21633860_16161822_MKR on 2025-01-30 00:00:00. Skipping.
2025-02-01 23:39:52,152 - INFO - Duplicate found for NK-24245858_31020859_MKR on 2025-01-30 00:00:00. Skipping.
2025-02-01 23:39:52,152 - INFO - Duplicate found for NK-23746730_19488844_MKR on 2025-01-30 00:00:00. Skipping.
2025-02-01 23:39:52,158 - INFO - Duplicate found for NK-24112614_30529959_MKR on 2025-01-30 00:00:00. Skipping.
2025-02-01 23:39:52,158 - INFO - Duplicate found for 53e32b21-d2ad-4b65-abe8-38bfc89896f3_25924866_MKR on 2025-01-30 00:00:00. Skipping.
2025-02-01 23:39:52,158 - INFO - Duplicate found for d894f05d-0cef-4a04-bb64-c0b565c8d2ea_25612259_MKR on 2025-01-30 00:00:00. Skipping.
2025-02-01 23:39:52,168 - INFO - Duplicate found for 077a683b-dfc9-4295-ad84-28d6d84e1cc6_25925518_MKR on 2025-01-30 00:00:00. Skipping.
2025-02-01 23:39:52,169 - INFO - Duplicate found for 123679348_8071387_RLX on 2025-01-30 00:00:00. Skipping.
2025-02-01 23:39:52,169 - INFO - Duplicate found for 106f0be0-8dd6-4a0e-a97b-3c6e728fc245_25926175_MKR on 2025-01-30 00:00:00. Skipping.
2025-02-01 23:39:52,169 - INFO - Duplicate found for NK-24091497_30367593_MKR on 2025-01-30 00:00:00. Skipping.
2025-02-01 23:39:52,178 - INFO - Duplicate found for NK-24246038_31021505_MKR on 2025-01-30 00:00:00. Skipping.
2025-02-01 23:39:52,178 - INFO - Duplicate found for 8c1009c0-da1a-4d0e-b189-60d73cd4db0a_25926826_MKR on 2025-01-30 00:00:00. Skipping.
2025-02-01 23:39:52,178 - INFO - Duplicate found for 8439748_24856074_MKR on 2025-01-30 00:00:00. Skipping.
2025-02-01 23:39:52,185 - INFO - Duplicate found for NK-24240842_31005985_MKR on 2025-01-30 00:00:00. Skipping.
2025-02-01 23:39:52,188 - INFO - Duplicate found for bd28b149-3aa9-4d55-8680-ef4099a5a95e_25927735_MKR on 2025-01-30 00:00:00. Skipping.
2025-02-01 23:39:52,188 - INFO - Duplicate found for NK-24246101_31021757_MKR on 2025-01-30 00:00:00. Skipping.
2025-02-01 23:39:52,188 - INFO - Duplicate found for 7290db0e-43ee-46e9-87b7-b24b53b82f6d_25928180_MKR on 2025-01-30 00:00:00. Skipping.
2025-02-01 23:39:52,197 - INFO - Duplicate found for 8364029_25912985_MKR on 2025-01-30 00:00:00. Skipping.
2025-02-01 23:39:52,200 - INFO - Duplicate found for BOY2_3942282_BOY2_3942282_PLY on 2025-01-30 00:00:00. Skipping.
2025-02-01 23:39:52,200 - INFO - Duplicate found for 8535599_25913203_MKR on 2025-01-30 00:00:00. Skipping.
2025-02-01 23:39:52,200 - INFO - Duplicate found for 84373157-afc3-4648-9b64-24ba2c712f37_25364622_MKR on 2025-01-30 00:00:00. Skipping.
2025-02-01 23:39:52,200 - INFO - Duplicate found for 8537096_25928534_MKR on 2025-01-30 00:00:00. Skipping.
2025-02-01 23:39:52,200 - INFO - Duplicate found for 8537096_25928694_MKR on 2025-01-30 00:00:00. Skipping.
2025-02-01 23:39:52,200 - INFO - Duplicate found for c444faec-0ef3-4378-ab91-bb72d86d2ec3_25899139_MKR on 2025-01-30 00:00:00. Skipping.
2025-02-01 23:39:52,215 - INFO - Duplicate found for NK-24246149_31021934_MKR on 2025-01-30 00:00:00. Skipping.
2025-02-01 23:39:52,218 - INFO - Duplicate found for ec0eea3a-0cc5-418e-84c3-5245e7d2c523_25929670_MKR on 2025-01-30 00:00:00. Skipping.
2025-02-01 23:39:52,220 - INFO - Duplicate found for 293c5ebb-ddc9-4e03-b2ff-ff0caaa4ad21_25929938_MKR on 2025-01-30 00:00:00. Skipping.
2025-02-01 23:39:52,220 - INFO - Duplicate found for eb4022fd-cb5e-4ad6-901e-79675faeec2b_25893121_MKR on 2025-01-30 00:00:00. Skipping.
2025-02-01 23:39:52,220 - INFO - Duplicate found for 391452_2_111021279_RLX on 2025-01-30 00:00:00. Skipping.
2025-02-01 23:39:52,220 - INFO - Duplicate found for 55182608-a667-43ac-a5b5-1f98af087749_25877194_MKR on 2025-01-30 00:00:00. Skipping.
2025-02-01 23:39:52,232 - INFO - Duplicate found for 8537232_25930398_MKR on 2025-01-30 00:00:00. Skipping.
2025-02-01 23:39:52,232 - INFO - Duplicate found for cfedc481-127a-4b4b-befd-216944347876_25930864_MKR on 2025-01-30 00:00:00. Skipping.
2025-02-01 23:39:52,232 - INFO - Duplicate found for 1644acf0-597a-4df2-9c6e-21135c5ae815_25930985_MKR on 2025-01-30 00:00:00. Skipping.
2025-02-01 23:39:52,232 - INFO - Duplicate found for a77e237c-96c6-4d9c-addd-53633257ea2a_25931079_MKR on 2025-01-30 00:00:00. Skipping.
2025-02-01 23:39:52,232 - INFO - Duplicate found for adeecb01-2920-4ece-855e-b7e37d53e5c2_25599758_MKR on 2025-01-30 00:00:00. Skipping.
2025-02-01 23:39:52,232 - INFO - Duplicate found for 8537335_25931531_MKR on 2025-01-30 00:00:00. Skipping.
2025-02-01 23:39:52,232 - INFO - Duplicate found for BOY2_4987041_BOY2_4987041_PLY on 2025-01-30 00:00:00. Skipping.
2025-02-01 23:39:52,247 - INFO - Duplicate found for 737218f8-f989-4cd5-b5cd-47b7496f56a3_25931998_MKR on 2025-01-30 00:00:00. Skipping.
2025-02-01 23:39:52,249 - INFO - Duplicate found for da167cbe-9b77-4827-a21d-9089eed2121c_25932112_MKR on 2025-01-30 00:00:00. Skipping.
2025-02-01 23:39:52,249 - INFO - Duplicate found for 6f43d9ea-ba2b-413f-aca1-9401724c38b8_25931996_MKR on 2025-01-30 00:00:00. Skipping.
2025-02-01 23:39:52,249 - INFO - Duplicate found for c4674ae0-59f4-4b77-a1b1-b22a8fd314f9_25932545_MKR on 2025-01-30 00:00:00. Skipping.
2025-02-01 23:39:52,249 - INFO - Duplicate found for 8517000_25678183_MKR on 2025-01-30 00:00:00. Skipping.
2025-02-01 23:39:52,249 - INFO - Duplicate found for 9971966_20001407208_RLX on 2025-01-30 00:00:00. Skipping.
2025-02-01 23:39:52,263 - INFO - Duplicate found for 12325118_20001889023_RLX on 2025-01-30 00:00:00. Skipping.
2025-02-01 23:39:52,263 - INFO - Duplicate found for 20398198_20005259599_RLX on 2025-01-30 00:00:00. Skipping.
2025-02-01 23:39:52,263 - INFO - Duplicate found for 10159458_20001463504_RLX on 2025-01-30 00:00:00. Skipping.
2025-02-01 23:39:52,273 - INFO - Duplicate found for 25443379_20007423103_RLX on 2025-01-30 00:00:00. Skipping.
2025-02-01 23:39:52,273 - INFO - Duplicate found for 136389958_3658210_DGT on 2025-01-30 00:00:00. Skipping.
2025-02-01 23:39:52,273 - INFO - Duplicate found for 948209291_3757627_DGT on 2025-01-30 00:00:00. Skipping.
2025-02-01 23:39:52,280 - INFO - Duplicate found for 27886893_20008858342_RLX on 2025-01-30 00:00:00. Skipping.
2025-02-01 23:39:52,280 - INFO - Duplicate found for Gulcan0024_16755249_1990_JOEMXOP on 2025-01-30 00:00:00. Skipping.
2025-02-01 23:39:52,286 - INFO - Duplicate found for 10742926_20007317565_RLX on 2025-01-30 00:00:00. Skipping.
2025-02-01 23:39:52,286 - INFO - Duplicate found for 30251313_20010216970_RLX on 2025-01-30 00:00:00. Skipping.
2025-02-01 23:39:52,291 - INFO - Duplicate found for 31089829_20011047086_RLX on 2025-01-30 00:00:00. Skipping.
2025-02-01 23:39:52,295 - INFO - Duplicate found for 18787105_20004588078_RLX on 2025-01-30 00:00:00. Skipping.
2025-02-01 23:39:52,297 - INFO - Duplicate found for 899416150_7891731_DGT on 2025-01-30 00:00:00. Skipping.
2025-02-01 23:39:52,301 - INFO - Duplicate found for 01H9W8KKDVY7XCBEBH4V8HVKCS_8182638_DGT on 2025-01-30 00:00:00. Skipping.
2025-02-01 23:39:52,301 - INFO - Duplicate found for 6286350_7083342_DGT on 2025-01-30 00:00:00. Skipping.
2025-02-01 23:39:52,301 - INFO - Duplicate found for 31395881_20011751099_RLX on 2025-01-30 00:00:00. Skipping.
2025-02-01 23:39:52,311 - INFO - Duplicate found for 26948641_20017323413_RLX on 2025-01-30 00:00:00. Skipping.
2025-02-01 23:39:52,311 - INFO - Duplicate found for 01HD1TG0CAQ1KVWSJ386D500FN_9629699_DGT on 2025-01-30 00:00:00. Skipping.
2025-02-01 23:39:52,317 - INFO - Duplicate found for 830337849_10178734_DGT on 2025-01-30 00:00:00. Skipping.
2025-02-01 23:39:52,317 - INFO - Duplicate found for 31491113_20011508277_RLX on 2025-01-30 00:00:00. Skipping.
2025-02-01 23:39:52,317 - INFO - Duplicate found for 1e9n41lprg120r_20020821260_RLX on 2025-01-30 00:00:00. Skipping.
2025-02-01 23:39:52,317 - INFO - Duplicate found for 38491094_20020722108_RLX on 2025-01-30 00:00:00. Skipping.
2025-02-01 23:39:52,328 - INFO - Duplicate found for 27612825_20008784604_RLX on 2025-01-30 00:00:00. Skipping.
2025-02-01 23:39:52,330 - INFO - Duplicate found for 22635371_20015445898_RLX on 2025-01-30 00:00:00. Skipping.
2025-02-01 23:39:52,330 - INFO - Duplicate found for de191lseuwqma_20023967690_RLX on 2025-01-30 00:00:00. Skipping.
2025-02-01 23:39:52,330 - INFO - Duplicate found for 13lk2z1lueo22sq_20025806862_RLX on 2025-01-30 00:00:00. Skipping.
2025-02-01 23:39:52,330 - INFO - Duplicate found for ea5k61lu5wwttp_20025549165_RLX on 2025-01-30 00:00:00. Skipping.
2025-02-01 23:39:52,343 - INFO - Duplicate found for 1j523g1lvv68jyn_20027168962_RLX on 2025-01-30 00:00:00. Skipping.
2025-02-01 23:39:52,343 - INFO - Duplicate found for 23842127_20006707314_RLX on 2025-01-30 00:00:00. Skipping.
2025-02-01 23:39:52,350 - INFO - Duplicate found for 6714531_19212889_DGT on 2025-01-30 00:00:00. Skipping.
2025-02-01 23:39:52,350 - INFO - Duplicate found for 01HY0J9KJJD5P0M6D714AWNCZE_21189070_DGT on 2025-01-30 00:00:00. Skipping.
2025-02-01 23:39:52,350 - INFO - Duplicate found for 6500697_22359985_DGT on 2025-01-30 00:00:00. Skipping.
2025-02-01 23:39:52,358 - INFO - Duplicate found for 668321583_12384529_DGT on 2025-01-30 00:00:00. Skipping.
2025-02-01 23:39:52,358 - INFO - Duplicate found for 40349013_20022942234_RLX on 2025-01-30 00:00:00. Skipping.
2025-02-01 23:39:52,358 - INFO - Duplicate found for 22en71lrny55cr_20023688444_RLX on 2025-01-30 00:00:00. Skipping.
2025-02-01 23:39:52,358 - INFO - Duplicate found for cg_62787388_cg_62787388_HUB on 2025-01-30 00:00:00. Skipping.
2025-02-01 23:39:52,358 - INFO - Duplicate found for 15v55t1lz7asvbl_20029442544_RLX on 2025-01-30 00:00:00. Skipping.
2025-02-01 23:39:52,358 - INFO - Duplicate found for 50628745_20030025291_RLX on 2025-01-30 00:00:00. Skipping.
2025-02-01 23:39:52,374 - INFO - Duplicate found for 21317079_20022252956_RLX on 2025-01-30 00:00:00. Skipping.
2025-02-01 23:39:52,377 - INFO - Duplicate found for ig7k1lvzm8dnr_20027234024_RLX on 2025-01-30 00:00:00. Skipping.
2025-02-01 23:39:52,380 - INFO - Duplicate found for 34700682_20016671116_RLX on 2025-01-30 00:00:00. Skipping.
2025-02-01 23:39:52,383 - INFO - Duplicate found for 4g839he1lm7p2gmi_20015835617_RLX on 2025-01-30 00:00:00. Skipping.
2025-02-01 23:39:52,386 - INFO - Duplicate found for 11dkxl1m0bf6pc6_20030117966_RLX on 2025-01-30 00:00:00. Skipping.
2025-02-01 23:39:52,390 - INFO - Duplicate found for hird1lzqfx05e_20029780165_RLX on 2025-01-30 00:00:00. Skipping.
2025-02-01 23:39:52,390 - INFO - Duplicate found for 49129525_20029216857_RLX on 2025-01-30 00:00:00. Skipping.
2025-02-01 23:39:52,396 - INFO - Duplicate found for 42bch1m0cw827u_20030139604_RLX on 2025-01-30 00:00:00. Skipping.
2025-02-01 23:39:52,398 - INFO - Duplicate found for mvp_846230250_qtp_mvp_846230250_qtp_PRM on 2025-01-30 00:00:00. Skipping.
2025-02-01 23:39:52,400 - INFO - Duplicate found for 578948701_LKR_578948701_LKR_B2B on 2025-01-30 00:00:00. Skipping.
2025-02-01 23:39:52,402 - INFO - Duplicate found for 985340869_UZS_985340869_UZS_B2B on 2025-01-30 00:00:00. Skipping.
2025-02-01 23:39:52,407 - INFO - Duplicate found for onedayoktay_24382120_DGT on 2025-01-30 00:00:00. Skipping.
2025-02-01 23:39:52,407 - INFO - Duplicate found for 993773005_RUB_993773005_RUB_B2B on 2025-01-30 00:00:00. Skipping.
2025-02-01 23:39:52,407 - INFO - Duplicate found for 4m0l1m1b75c70_20030677603_RLX on 2025-01-30 00:00:00. Skipping.
2025-02-01 23:39:52,407 - INFO - Duplicate found for hqkw21lu4nmk66_20025516195_RLX on 2025-01-30 00:00:00. Skipping.
2025-02-01 23:39:52,416 - INFO - Duplicate found for syhfd1lo68kiay_20019158705_RLX on 2025-01-30 00:00:00. Skipping.
2025-02-01 23:39:52,421 - INFO - Duplicate found for 23463987_20031190788_RLX on 2025-01-30 00:00:00. Skipping.
2025-02-01 23:39:52,424 - INFO - Duplicate found for 38858070_20021477572_RLX on 2025-01-30 00:00:00. Skipping.
2025-02-01 23:39:52,426 - INFO - Duplicate found for 849491111_RUB_849491111_RUB_B2B on 2025-01-30 00:00:00. Skipping.
2025-02-01 23:39:52,426 - INFO - Duplicate found for 01J8T4AZMRNAJA6J57TNRWKEF5_27824756_DGT on 2025-01-30 00:00:00. Skipping.
2025-02-01 23:39:52,432 - INFO - Duplicate found for 2e1j43f1m2f1oqc5_20031337981_RLX on 2025-01-30 00:00:00. Skipping.
2025-02-01 23:39:52,435 - INFO - Duplicate found for 7dd7cb9c-d9cc-33ad-a45e-18f0cfe7efe5_7dd7cb9c-d9cc-33ad-a45e-18f0cfe7efe5_ALE on 2025-01-30 00:00:00. Skipping.
2025-02-01 23:39:52,437 - INFO - Duplicate found for 36908430_20025950714_RLX on 2025-01-30 00:00:00. Skipping.
2025-02-01 23:39:52,437 - INFO - Duplicate found for 5nn51lnhxzei8_20019707544_RLX on 2025-01-30 00:00:00. Skipping.
2025-02-01 23:39:52,437 - INFO - Duplicate found for 67jd1m10xbzln_20030516549_RLX on 2025-01-30 00:00:00. Skipping.
2025-02-01 23:39:52,445 - INFO - Duplicate found for 51183413_20030442087_RLX on 2025-01-30 00:00:00. Skipping.
2025-02-01 23:39:52,445 - INFO - Duplicate found for e6676246-1594-33fd-842b-cd87ac0c5d2e_e6676246-1594-33fd-842b-cd87ac0c5d2e_ALE on 2025-01-30 00:00:00. Skipping.
2025-02-01 23:39:52,445 - INFO - Duplicate found for 14502482_20002725777_RLX on 2025-01-30 00:00:00. Skipping.
2025-02-01 23:39:52,453 - INFO - Duplicate found for bi7liyjmwowrue00dplvro0v-bk._60001234276_RLX on 2025-01-30 00:00:00. Skipping.
2025-02-01 23:39:52,453 - INFO - Duplicate found for 51810969_20031515537_RLX on 2025-01-30 00:00:00. Skipping.
2025-02-01 23:39:52,453 - INFO - Duplicate found for 13393374_20003281671_RLX on 2025-01-30 00:00:00. Skipping.
2025-02-01 23:39:52,463 - INFO - Duplicate found for whmj3o0ekx0bczmtan2riibu-bk._60002790276_RLX on 2025-01-30 00:00:00. Skipping.
2025-02-01 23:39:52,463 - INFO - Duplicate found for 2sirrk1m2hu0ira_20031310805_RLX on 2025-01-30 00:00:00. Skipping.
2025-02-01 23:39:52,468 - INFO - Duplicate found for 19336621_20005096972_RLX on 2025-01-30 00:00:00. Skipping.
2025-02-01 23:39:52,468 - INFO - Duplicate found for 2czj71m00vq7u7_20030696431_RLX on 2025-01-30 00:00:00. Skipping.
2025-02-01 23:39:52,468 - INFO - Duplicate found for 52159_SC._60002973959_RLX on 2025-01-30 00:00:00. Skipping.
2025-02-01 23:39:52,468 - INFO - Duplicate found for 130341_SC._60004395860_RLX on 2025-01-30 00:00:00. Skipping.
2025-02-01 23:39:52,468 - INFO - Duplicate found for 34266_SC._60002467215_RLX on 2025-01-30 00:00:00. Skipping.
2025-02-01 23:39:52,468 - INFO - Duplicate found for 100388_SC._60003922016_RLX on 2025-01-30 00:00:00. Skipping.
2025-02-01 23:39:52,484 - INFO - Duplicate found for 28033621_20009566741_RLX on 2025-01-30 00:00:00. Skipping.
2025-02-01 23:39:52,484 - INFO - Duplicate found for 30zh21m2uws1u8_20031464771_RLX on 2025-01-30 00:00:00. Skipping.
2025-02-01 23:39:52,484 - INFO - Duplicate found for 96512_SC._60005229057_RLX on 2025-01-30 00:00:00. Skipping.
2025-02-01 23:39:52,484 - INFO - Duplicate found for atsl61m48dkvq7_20032091159_RLX on 2025-01-30 00:00:00. Skipping.
2025-02-01 23:39:52,498 - INFO - Duplicate found for 53892001_20032078129_RLX on 2025-01-30 00:00:00. Skipping.
2025-02-01 23:39:52,501 - INFO - Duplicate found for 1067864479_USD_1067864479_USD_B2B on 2025-01-30 00:00:00. Skipping.
2025-02-01 23:39:52,501 - INFO - Duplicate found for 49816541_20029624720_RLX on 2025-01-30 00:00:00. Skipping.
2025-02-01 23:39:52,507 - INFO - Duplicate found for 109937_SC._60004477857_RLX on 2025-01-30 00:00:00. Skipping.
2025-02-01 23:39:52,508 - INFO - Duplicate found for 170874_SC._60004924103_RLX on 2025-01-30 00:00:00. Skipping.
2025-02-01 23:39:52,508 - INFO - Duplicate found for 73590_SC._60005432805_RLX on 2025-01-30 00:00:00. Skipping.
2025-02-01 23:39:52,516 - INFO - Duplicate found for 39373_SC._60002521905_RLX on 2025-01-30 00:00:00. Skipping.
2025-02-01 23:39:52,519 - INFO - Duplicate found for 169220_SC._60005372454_RLX on 2025-01-30 00:00:00. Skipping.
2025-02-01 23:39:52,522 - INFO - Duplicate found for mvp_909098837_i8u_mvp_909098837_i8u_PRM on 2025-01-30 00:00:00. Skipping.
2025-02-01 23:39:52,522 - INFO - Duplicate found for 29w1m4q18xxp_20032306726_RLX on 2025-01-30 00:00:00. Skipping.
2025-02-01 23:39:52,522 - INFO - Duplicate found for 207853_SC._60005585295_RLX on 2025-01-30 00:00:00. Skipping.
2025-02-01 23:39:52,532 - INFO - Duplicate found for 00490ecf-00c6-340e-b440-1bf8bcd0f3b3_00490ecf-00c6-340e-b440-1bf8bcd0f3b3_ALE on 2025-01-30 00:00:00. Skipping.
2025-02-01 23:39:52,532 - INFO - Duplicate found for a3o0n1m4w1d4zp_20032385773_RLX on 2025-01-30 00:00:00. Skipping.
2025-02-01 23:39:52,532 - INFO - Duplicate found for 494689513_UZS_494689513_UZS_B2B on 2025-01-30 00:00:00. Skipping.
2025-02-01 23:39:52,532 - INFO - Duplicate found for 215396_SC._60005859691_RLX on 2025-01-30 00:00:00. Skipping.
2025-02-01 23:39:52,532 - INFO - Duplicate found for 68j91m0ewu74x_20032260579_RLX on 2025-01-30 00:00:00. Skipping.
2025-02-01 23:39:52,532 - INFO - Duplicate found for 47029961_20028117023_RLX on 2025-01-30 00:00:00. Skipping.
2025-02-01 23:39:52,548 - INFO - Duplicate found for 576857173_XOF_576857173_XOF_B2B on 2025-01-30 00:00:00. Skipping.
2025-02-01 23:39:52,548 - INFO - Duplicate found for jsnr1m4cny0nl_20032147127_RLX on 2025-01-30 00:00:00. Skipping.
2025-02-01 23:39:52,548 - INFO - Duplicate found for 1deo311lqpmzj5x_20023319477_RLX on 2025-01-30 00:00:00. Skipping.
2025-02-01 23:39:52,548 - INFO - Duplicate found for 1bgqn1m25ecgsz_20031102346_RLX on 2025-01-30 00:00:00. Skipping.
2025-02-01 23:39:52,548 - INFO - Duplicate found for 30186961_20010176403_RLX on 2025-01-30 00:00:00. Skipping.
2025-02-01 23:39:52,563 - INFO - Duplicate found for cqqun1m58i3i2s_20032649828_RLX on 2025-01-30 00:00:00. Skipping.
2025-02-01 23:39:52,563 - INFO - Duplicate found for ay42ei1m4brh179_20032682056_RLX on 2025-01-30 00:00:00. Skipping.
2025-02-01 23:39:52,563 - INFO - Duplicate found for 01J8JP47A1X8S8VSJS0TAPKQ3E_27345794_DGT on 2025-01-30 00:00:00. Skipping.
2025-02-01 23:39:52,563 - INFO - Duplicate found for m2u1m5eczr68_20032689927_RLX on 2025-01-30 00:00:00. Skipping.
2025-02-01 23:39:52,563 - INFO - Duplicate found for dsij01m5jk5bti_20032705618_RLX on 2025-01-30 00:00:00. Skipping.
2025-02-01 23:39:52,579 - INFO - Duplicate found for kh8fro1m5erq0zq_20032702554_RLX on 2025-01-30 00:00:00. Skipping.
2025-02-01 23:39:52,582 - INFO - Duplicate found for vkzu9cn8mgkl6qlzsyng3mss-bk._60006003040_RLX on 2025-01-30 00:00:00. Skipping.
2025-02-01 23:39:52,582 - INFO - Duplicate found for 48749_SC._60003052416_RLX on 2025-01-30 00:00:00. Skipping.
2025-02-01 23:39:52,582 - INFO - Duplicate found for 1rb1m5fblnd4_20032772330_RLX on 2025-01-30 00:00:00. Skipping.
2025-02-01 23:39:52,582 - INFO - Duplicate found for 2lclc1m2klqb0s_20031329205_RLX on 2025-01-30 00:00:00. Skipping.
2025-02-01 23:39:52,595 - INFO - Duplicate found for db6w1m5my2h33_20032743643_RLX on 2025-01-30 00:00:00. Skipping.
2025-02-01 23:39:52,598 - INFO - Duplicate found for 53568913_20032099614_RLX on 2025-01-30 00:00:00. Skipping.
2025-02-01 23:39:52,598 - INFO - Duplicate found for 12exqn1m5k0qqjj_20032712572_RLX on 2025-01-30 00:00:00. Skipping.
2025-02-01 23:39:52,598 - INFO - Duplicate found for 1fh0cz1m5r9cs6r_20032799512_RLX on 2025-01-30 00:00:00. Skipping.
2025-02-01 23:39:52,598 - INFO - Duplicate found for 4v5sm1m20ty60m_20031027289_RLX on 2025-01-30 00:00:00. Skipping.
2025-02-01 23:39:52,598 - INFO - Duplicate found for lbtu1m5rd8hxp_20032802160_RLX on 2025-01-30 00:00:00. Skipping.
2025-02-01 23:39:52,611 - INFO - Duplicate found for 2v7l5q51m4pfpns9_20032674880_RLX on 2025-01-30 00:00:00. Skipping.
2025-02-01 23:39:52,611 - INFO - Duplicate found for 3o65nv1lpptw2yu_20026495019_RLX on 2025-01-30 00:00:00. Skipping.
2025-02-01 23:39:52,611 - INFO - Duplicate found for 49320981_20029335013_RLX on 2025-01-30 00:00:00. Skipping.
2025-02-01 23:39:52,611 - INFO - Duplicate found for p2z1m5qtvl4q_20032791393_RLX on 2025-01-30 00:00:00. Skipping.
2025-02-01 23:39:52,624 - INFO - Duplicate found for 1m391m5tw1y85_20032852962_RLX on 2025-01-30 00:00:00. Skipping.
2025-02-01 23:39:52,628 - INFO - Duplicate found for mvp_735762308_erq_mvp_735762308_erq_PRM on 2025-01-30 00:00:00. Skipping.
2025-02-01 23:39:52,628 - INFO - Duplicate found for 62et191lrdljzki_20025134618_RLX on 2025-01-30 00:00:00. Skipping.
2025-02-01 23:39:52,628 - INFO - Duplicate found for qapm11m51k4pw2_20032592154_RLX on 2025-01-30 00:00:00. Skipping.
2025-02-01 23:39:52,628 - INFO - Duplicate found for 5hcu11m4fuoew2_20032185936_RLX on 2025-01-30 00:00:00. Skipping.
2025-02-01 23:39:52,628 - INFO - Duplicate found for 232419_SC._60006478744_RLX on 2025-01-30 00:00:00. Skipping.
2025-02-01 23:39:52,628 - INFO - Duplicate found for 1093914109_ARS_1093914109_ARS_B2B on 2025-01-30 00:00:00. Skipping.
2025-02-01 23:39:52,643 - INFO - Duplicate found for c6zp1m4g0t6n6_20032532277_RLX on 2025-01-30 00:00:00. Skipping.
2025-02-01 23:39:52,643 - INFO - Duplicate found for 1riii1m5zmimxy_20032954019_RLX on 2025-01-30 00:00:00. Skipping.
2025-02-01 23:39:52,643 - INFO - Duplicate found for gmp1m65jkc1c_20032998634_RLX on 2025-01-30 00:00:00. Skipping.
2025-02-01 23:39:52,643 - INFO - Duplicate found for 55060485_20033001444_RLX on 2025-01-30 00:00:00. Skipping.
2025-02-01 23:39:52,643 - INFO - Duplicate found for 4qj1m4jxg3uy_20032325726_RLX on 2025-01-30 00:00:00. Skipping.
2025-02-01 23:39:52,643 - INFO - Duplicate found for 23711m66qlabb_20033008739_RLX on 2025-01-30 00:00:00. Skipping.
2025-02-01 23:39:52,659 - INFO - Duplicate found for 34979978_20029698265_RLX on 2025-01-30 00:00:00. Skipping.
2025-02-01 23:39:52,659 - INFO - Duplicate found for cya0j1m5gho5jb_20032672669_RLX on 2025-01-30 00:00:00. Skipping.
2025-02-01 23:39:52,659 - INFO - Duplicate found for Af-2323_33553436_DGT on 2025-01-30 00:00:00. Skipping.
2025-02-01 23:39:52,659 - INFO - Duplicate found for mom2bandr_WOWV-6261683-WOC_GTH on 2025-01-30 00:00:00. Skipping.
2025-02-01 23:39:52,659 - INFO - Duplicate found for brandycf_WOWV-7567637-WOC_GTH on 2025-01-30 00:00:00. Skipping.
2025-02-01 23:39:52,659 - INFO - Duplicate found for e9w11m1mrou8g_20030865576_RLX on 2025-01-30 00:00:00. Skipping.
2025-02-01 23:39:52,659 - INFO - Duplicate found for lbtu1m5r3wfts_20032796442_RLX on 2025-01-30 00:00:00. Skipping.
2025-02-01 23:39:52,675 - INFO - Duplicate found for eduj1m6alkmdz_20033052418_RLX on 2025-01-30 00:00:00. Skipping.
2025-02-01 23:39:52,675 - INFO - Duplicate found for 1edd2666-c876-3342-b2f3-07e3be828aaa_1edd2666-c876-3342-b2f3-07e3be828aaa_ALE on 2025-01-30 00:00:00. Skipping.
2025-02-01 23:39:52,675 - INFO - Duplicate found for Mistybthatsme_WOWV-2619738-WOC_GTH on 2025-01-30 00:00:00. Skipping.
2025-02-01 23:39:52,675 - INFO - Duplicate found for grex6488_WOWV-4291606-WOC_GTH on 2025-01-30 00:00:00. Skipping.
2025-02-01 23:39:52,675 - INFO - Duplicate found for vickiweaver83_WOWV-6013697-WOC_GTH on 2025-01-30 00:00:00. Skipping.
2025-02-01 23:39:52,675 - INFO - Duplicate found for eugina270_WOWV-3546359-WOC_GTH on 2025-01-30 00:00:00. Skipping.
2025-02-01 23:39:52,691 - INFO - Duplicate found for 1000cheri_WOWV-3430986-WOC_GTH on 2025-01-30 00:00:00. Skipping.
2025-02-01 23:39:52,691 - INFO - Duplicate found for Starks210_WOWV-2937975-VBC_GTH on 2025-01-30 00:00:00. Skipping.
2025-02-01 23:39:52,698 - INFO - Duplicate found for 1057919457_UZS_1057919457_UZS_B2B on 2025-01-30 00:00:00. Skipping.
2025-02-01 23:39:52,698 - INFO - Duplicate found for Mshanson2121_WOWV-2652746-WOC_GTH on 2025-01-30 00:00:00. Skipping.
2025-02-01 23:39:52,698 - INFO - Duplicate found for 55213357_20033087178_RLX on 2025-01-30 00:00:00. Skipping.
2025-02-01 23:39:52,708 - INFO - Duplicate found for Courtaney88_WOWV-3656646-WOC_GTH on 2025-01-30 00:00:00. Skipping.
2025-02-01 23:39:52,708 - INFO - Duplicate found for DGuida1224_WOWV-1246093-WOC_GTH on 2025-01-30 00:00:00. Skipping.
2025-02-01 23:39:52,708 - INFO - Duplicate found for 220639_SC._60006230978_RLX on 2025-01-30 00:00:00. Skipping.
2025-02-01 23:39:52,708 - INFO - Duplicate found for 45t5z1m6fhuwt9_20033110345_RLX on 2025-01-30 00:00:00. Skipping.
2025-02-01 23:39:52,708 - INFO - Duplicate found for duday_WOWV-4215701-WOC_GTH on 2025-01-30 00:00:00. Skipping.
2025-02-01 23:39:52,722 - INFO - Duplicate found for 36116926_20031943147_RLX on 2025-01-30 00:00:00. Skipping.
2025-02-01 23:39:52,722 - INFO - Duplicate found for lys615_WOWV-5602892-WOC_GTH on 2025-01-30 00:00:00. Skipping.
2025-02-01 23:39:52,732 - INFO - Duplicate found for 147561_SC._60004842472_RLX on 2025-01-30 00:00:00. Skipping.
2025-02-01 23:39:52,732 - INFO - Duplicate found for 941758519_UZS_941758519_UZS_B2B on 2025-01-30 00:00:00. Skipping.
2025-02-01 23:39:52,738 - INFO - Duplicate found for cg_94868054_cg_94868054_HUB on 2025-01-30 00:00:00. Skipping.
2025-02-01 23:39:52,743 - INFO - Duplicate found for JosePalomino74_WOWV-3818241-WOC_GTH on 2025-01-30 00:00:00. Skipping.
2025-02-01 23:39:52,745 - INFO - Duplicate found for 1098540389_USD_1098540389_USD_B2B on 2025-01-30 00:00:00. Skipping.
2025-02-01 23:39:52,745 - INFO - Duplicate found for 55296509_20033142353_RLX on 2025-01-30 00:00:00. Skipping.
2025-02-01 23:39:52,753 - INFO - Duplicate found for blhacp1m6i7v3u0_20033140922_RLX on 2025-01-30 00:00:00. Skipping.
2025-02-01 23:39:52,757 - INFO - Duplicate found for Angiemarie20_WOWV-1015474-WOC_GTH on 2025-01-30 00:00:00. Skipping.
2025-02-01 23:39:52,759 - INFO - Duplicate found for 2rcmg1m6iih3sz_20033146979_RLX on 2025-01-30 00:00:00. Skipping.
2025-02-01 23:39:52,759 - INFO - Duplicate found for 55277449_20033147524_RLX on 2025-01-30 00:00:00. Skipping.
2025-02-01 23:39:52,766 - INFO - Duplicate found for 54902669_20033147597_RLX on 2025-01-30 00:00:00. Skipping.
2025-02-01 23:39:52,770 - INFO - Duplicate found for 54598953_20032930088_RLX on 2025-01-30 00:00:00. Skipping.
2025-02-01 23:39:52,770 - INFO - Duplicate found for tieannasmith3_WOWV-5746152-WOC_GTH on 2025-01-30 00:00:00. Skipping.
2025-02-01 23:39:52,777 - INFO - Duplicate found for 2yng0ug1m6ingvjl_20033148177_RLX on 2025-01-30 00:00:00. Skipping.
2025-02-01 23:39:52,777 - INFO - Duplicate found for 49651573_20029819413_RLX on 2025-01-30 00:00:00. Skipping.
2025-02-01 23:39:52,777 - INFO - Duplicate found for bilal471903_34532677_DGT on 2025-01-30 00:00:00. Skipping.
2025-02-01 23:39:52,786 - INFO - Duplicate found for 127270_SC._60004505821_RLX on 2025-01-30 00:00:00. Skipping.
2025-02-01 23:39:52,790 - INFO - Duplicate found for 14z4871m3imrmn9_20031783463_RLX on 2025-01-30 00:00:00. Skipping.
2025-02-01 23:39:52,790 - INFO - Duplicate found for 183130_SC._60005800535_RLX on 2025-01-30 00:00:00. Skipping.
2025-02-01 23:39:52,790 - INFO - Duplicate found for 113736_SC._60004462183_RLX on 2025-01-30 00:00:00. Skipping.
2025-02-01 23:39:52,798 - INFO - Duplicate found for 5eg7s37z1lwuaw7tw_20027801426_RLX on 2025-01-30 00:00:00. Skipping.
2025-02-01 23:39:52,801 - INFO - Duplicate found for 22727_SC._60006846797_RLX on 2025-01-30 00:00:00. Skipping.
2025-02-01 23:39:52,801 - INFO - Duplicate found for T_stewart1_WOWV-4559497-WOC_GTH on 2025-01-30 00:00:00. Skipping.
2025-02-01 23:39:52,808 - INFO - Duplicate found for lnysz1m6ibl75x_20033144198_RLX on 2025-01-30 00:00:00. Skipping.
2025-02-01 23:39:52,808 - INFO - Duplicate found for 31vfibm1m5j1l628_20032703024_RLX on 2025-01-30 00:00:00. Skipping.
2025-02-01 23:39:52,808 - INFO - Duplicate found for jq0q1lyxrqb4y_20029254020_RLX on 2025-01-30 00:00:00. Skipping.
2025-02-01 23:39:52,817 - INFO - Duplicate found for Nickmorales_WOWV-6301811-WOC_GTH on 2025-01-30 00:00:00. Skipping.
2025-02-01 23:39:52,819 - INFO - Duplicate found for aamj2025_WOWV-7702957-WOC_GTH on 2025-01-30 00:00:00. Skipping.
2025-02-01 23:39:52,824 - INFO - Duplicate found for Maura68_WOWV-6057608-WOC_GTH on 2025-01-30 00:00:00. Skipping.
2025-02-01 23:39:52,824 - INFO - Duplicate found for 12pbky1m5bftx9l_20032612274_RLX on 2025-01-30 00:00:00. Skipping.
2025-02-01 23:39:52,828 - INFO - Duplicate found for Karradise_WOWV-7703361-WOC_GTH on 2025-01-30 00:00:00. Skipping.
2025-02-01 23:39:52,828 - INFO - Duplicate found for bm3tcalfwv_WOWV-4083154-WOC_GTH on 2025-01-30 00:00:00. Skipping.
2025-02-01 23:39:52,833 - INFO - Duplicate found for A1TAQZZ13_WOWV-1413854-WOC_GTH on 2025-01-30 00:00:00. Skipping.
2025-02-01 23:39:52,833 - INFO - Duplicate found for odday1_WOWV-5105867-WOC_GTH on 2025-01-30 00:00:00. Skipping.
2025-02-01 23:39:52,833 - INFO - Duplicate found for 55u71m1xz4dz5_20030988634_RLX on 2025-01-30 00:00:00. Skipping.
2025-02-01 23:39:52,833 - INFO - Duplicate found for 2ah1m5ygbeyh_20033149882_RLX on 2025-01-30 00:00:00. Skipping.
2025-02-01 23:39:52,833 - INFO - Duplicate found for kykt1m6j2mfdg_20033151004_RLX on 2025-01-30 00:00:00. Skipping.
2025-02-01 23:39:52,833 - INFO - Duplicate found for michellewright958_WOWV-4762171-WOC_GTH on 2025-01-30 00:00:00. Skipping.
2025-02-01 23:39:52,833 - INFO - Duplicate found for moljen_WOWV-3299143-VBC_GTH on 2025-01-30 00:00:00. Skipping.
2025-02-01 23:39:52,849 - INFO - Duplicate found for 3l75i1ltwh6hwc_20033150874_RLX on 2025-01-30 00:00:00. Skipping.
2025-02-01 23:39:52,849 - INFO - Duplicate found for 1083007021_UZS_1083007021_UZS_B2B on 2025-01-30 00:00:00. Skipping.
2025-02-01 23:39:52,849 - INFO - Duplicate found for alyciavance_WOWV-1038248-WOC_GTH on 2025-01-30 00:00:00. Skipping.
2025-02-01 23:39:52,849 - INFO - Duplicate found for 5bn1m5pcn4lc_20033064804_RLX on 2025-01-30 00:00:00. Skipping.
2025-02-01 23:39:52,849 - INFO - Duplicate found for yyjvpa6lot3rfnq3jz34sbpv-bk._60006691620_RLX on 2025-01-30 00:00:00. Skipping.
2025-02-01 23:39:52,849 - INFO - Duplicate found for DaBish34_WOWV-7653227-WOC_GTH on 2025-01-30 00:00:00. Skipping.
2025-02-01 23:39:52,865 - INFO - Duplicate found for 9bvr8o1m4mdmqab_20033132219_RLX on 2025-01-30 00:00:00. Skipping.
2025-02-01 23:39:52,865 - INFO - Duplicate found for 1rb1m5jqex17_20032708138_RLX on 2025-01-30 00:00:00. Skipping.
2025-02-01 23:39:52,865 - INFO - Duplicate found for 13e7pd1m3poao90_20033071886_RLX on 2025-01-30 00:00:00. Skipping.
2025-02-01 23:39:52,865 - INFO - Duplicate found for 2rcmg1m6iug1wj_20033151919_RLX on 2025-01-30 00:00:00. Skipping.
2025-02-01 23:39:52,865 - INFO - Duplicate found for 3w47u11m6j8k8ed_20033152737_RLX on 2025-01-30 00:00:00. Skipping.
2025-02-01 23:39:52,880 - INFO - Duplicate found for hj1w1m5oa3m25_20032759471_RLX on 2025-01-30 00:00:00. Skipping.
2025-02-01 23:39:52,880 - INFO - Duplicate found for 59et1m6hrn3li_20033133104_RLX on 2025-01-30 00:00:00. Skipping.
2025-02-01 23:39:52,880 - INFO - Duplicate found for jowu1m6j94ns4_20033153150_RLX on 2025-01-30 00:00:00. Skipping.
2025-02-01 23:39:52,880 - INFO - Duplicate found for 9zh1lzty44vy_20031986773_RLX on 2025-01-30 00:00:00. Skipping.
2025-02-01 23:39:52,880 - INFO - Duplicate found for 125134_SC._60005441372_RLX on 2025-01-30 00:00:00. Skipping.
2025-02-01 23:39:52,896 - INFO - Duplicate found for Sylviat6_WOWV-1883080-WOC_GTH on 2025-01-30 00:00:00. Skipping.
2025-02-01 23:39:52,898 - INFO - Duplicate found for 55269185_20033153633_RLX on 2025-01-30 00:00:00. Skipping.
2025-02-01 23:39:52,898 - INFO - Duplicate found for gofix1m587rwfn_20032655871_RLX on 2025-01-30 00:00:00. Skipping.
2025-02-01 23:39:52,903 - INFO - Duplicate found for 46778029_20027971692_RLX on 2025-01-30 00:00:00. Skipping.
2025-02-01 23:39:52,903 - INFO - Duplicate found for cg_95086693_cg_95086693_HUB on 2025-01-30 00:00:00. Skipping.
2025-02-01 23:39:52,903 - INFO - Duplicate found for tvbdj1m6jcrb28_20033154402_RLX on 2025-01-30 00:00:00. Skipping.
2025-02-01 23:39:52,912 - INFO - Duplicate found for 3f78fd92-b52a-37f0-8faf-6882517c197c_3f78fd92-b52a-37f0-8faf-6882517c197c_ALE on 2025-01-30 00:00:00. Skipping.
2025-02-01 23:39:52,912 - INFO - Duplicate found for 4itr1s1m690uf67_20033033656_RLX on 2025-01-30 00:00:00. Skipping.
2025-02-01 23:39:52,912 - INFO - Duplicate found for zf8y5a1m23bneys_20031485132_RLX on 2025-01-30 00:00:00. Skipping.
2025-02-01 23:39:52,912 - INFO - Duplicate found for ire1138071076EUR_ire1138071076EUR_MRS on 2025-01-30 00:00:00. Skipping.
2025-02-01 23:39:52,912 - INFO - Duplicate found for 1116581189_RUB_1116581189_RUB_B2B on 2025-01-30 00:00:00. Skipping.
2025-02-01 23:39:52,928 - INFO - Duplicate found for 49380577_20029353000_RLX on 2025-01-30 00:00:00. Skipping.
2025-02-01 23:39:52,928 - INFO - Duplicate found for 4xl191lua1gwjl_20033155647_RLX on 2025-01-30 00:00:00. Skipping.
2025-02-01 23:39:52,928 - INFO - Duplicate found for l4ee1m40lamf3_20032013322_RLX on 2025-01-30 00:00:00. Skipping.
2025-02-01 23:39:52,936 - INFO - Duplicate found for 71cfa31m5oe0miu_20032978421_RLX on 2025-01-30 00:00:00. Skipping.
2025-02-01 23:39:52,936 - INFO - Duplicate found for 7n7x1lubno1o3_20033155719_RLX on 2025-01-30 00:00:00. Skipping.
2025-02-01 23:39:52,944 - INFO - Duplicate found for 1136439001_UZS_1136439001_UZS_B2B on 2025-01-30 00:00:00. Skipping.
2025-02-01 23:39:52,948 - INFO - Duplicate found for 19105353_20033152166_RLX on 2025-01-30 00:00:00. Skipping.
2025-02-01 23:39:52,948 - INFO - Duplicate found for 55288725_20033153553_RLX on 2025-01-30 00:00:00. Skipping.
2025-02-01 23:39:52,948 - INFO - Duplicate found for 1qbit1m45ub4rt_20032060410_RLX on 2025-01-30 00:00:00. Skipping.
2025-02-01 23:39:52,948 - INFO - Duplicate found for Danihar12_WOWV-6223593-WOC_GTH on 2025-01-30 00:00:00. Skipping.
2025-02-01 23:39:52,960 - INFO - Duplicate found for 36914198_20019765611_RLX on 2025-01-30 00:00:00. Skipping.
2025-02-01 23:39:52,962 - INFO - Duplicate found for 141023_SC._60006735947_RLX on 2025-01-30 00:00:00. Skipping.
2025-02-01 23:39:52,967 - INFO - Duplicate found for Lapagels3_WOWV-3373545-WOC_GTH on 2025-01-30 00:00:00. Skipping.
2025-02-01 23:39:52,967 - INFO - Duplicate found for 17o1m6jj27u1_20033157005_RLX on 2025-01-30 00:00:00. Skipping.
2025-02-01 23:39:52,967 - INFO - Duplicate found for 18ii1m4smudcz_20032337787_RLX on 2025-01-30 00:00:00. Skipping.
2025-02-01 23:39:52,967 - INFO - Duplicate found for 4ao7g1lpzq3h6g_20020859544_RLX on 2025-01-30 00:00:00. Skipping.
2025-02-01 23:39:52,976 - INFO - Duplicate found for jpqn1m1obmkje_20031398118_RLX on 2025-01-30 00:00:00. Skipping.
2025-02-01 23:39:52,976 - INFO - Duplicate found for 1y3zf1m0s7uoke_20030477686_RLX on 2025-01-30 00:00:00. Skipping.
2025-02-01 23:39:52,976 - INFO - Duplicate found for 2jhib1m6i8crmq_20033154575_RLX on 2025-01-30 00:00:00. Skipping.
2025-02-01 23:39:52,976 - INFO - Duplicate found for 764932507_BDT_764932507_BDT_B2B on 2025-01-30 00:00:00. Skipping.
2025-02-01 23:39:52,990 - INFO - Duplicate found for 237274_SC._60006672815_RLX on 2025-01-30 00:00:00. Skipping.
2025-02-01 23:39:52,993 - INFO - Duplicate found for Maccash22_WOWV-1441928-WOC_GTH on 2025-01-30 00:00:00. Skipping.
2025-02-01 23:39:52,995 - INFO - Duplicate found for 574938456_574938456_BTC on 2025-01-30 00:00:00. Skipping.
2025-02-01 23:39:52,998 - INFO - Duplicate found for 4bwzu1m4ojlfqz_20032290062_RLX on 2025-01-30 00:00:00. Skipping.
2025-02-01 23:39:52,998 - INFO - Duplicate found for hang123_WOWV-2929604-VBC_GTH on 2025-01-30 00:00:00. Skipping.
2025-02-01 23:39:52,998 - INFO - Duplicate found for 10zsdx1m47fengk_20032081045_RLX on 2025-01-30 00:00:00. Skipping.
2025-02-01 23:39:52,998 - INFO - Duplicate found for 12948186_20002424842_RLX on 2025-01-30 00:00:00. Skipping.
2025-02-01 23:39:52,998 - INFO - Duplicate found for 250824_SC._60006862877_RLX on 2025-01-30 00:00:00. Skipping.
2025-02-01 23:39:52,998 - INFO - Duplicate found for 48a8xq1m6jkw1s7_20033158330_RLX on 2025-01-30 00:00:00. Skipping.
2025-02-01 23:39:53,011 - INFO - Duplicate found for riverajake176_WOWV-3978012-WOC_GTH on 2025-01-30 00:00:00. Skipping.
2025-02-01 23:39:53,011 - INFO - Duplicate found for mvp_449619576_vq2_mvp_449619576_vq2_PRM on 2025-01-30 00:00:00. Skipping.
2025-02-01 23:39:53,011 - INFO - Duplicate found for 4boja1m6e1u6mc_20033111791_RLX on 2025-01-30 00:00:00. Skipping.
2025-02-01 23:39:53,011 - INFO - Duplicate found for g8231m5lm1cdo_20033159891_RLX on 2025-01-30 00:00:00. Skipping.
2025-02-01 23:39:53,011 - INFO - Duplicate found for 54889009_20032925753_RLX on 2025-01-30 00:00:00. Skipping.
2025-02-01 23:39:53,029 - INFO - Duplicate found for toddcarter11_WOWV-5132109-WOC_GTH on 2025-01-30 00:00:00. Skipping.
2025-02-01 23:39:53,034 - INFO - Duplicate found for Metooo06_28700086_DGT on 2025-01-30 00:00:00. Skipping.
2025-02-01 23:39:53,036 - INFO - Duplicate found for 1mrkn61m6bhb67w_20033064175_RLX on 2025-01-30 00:00:00. Skipping.
2025-02-01 23:39:53,036 - INFO - Duplicate found for 5kf81m62pd501_20033160684_RLX on 2025-01-30 00:00:00. Skipping.
2025-02-01 23:39:53,043 - INFO - Duplicate found for 7g21m6awp51r_20033054020_RLX on 2025-01-30 00:00:00. Skipping.
2025-02-01 23:39:53,045 - INFO - Duplicate found for 140m2f71m6fflmgx_20033161106_RLX on 2025-01-30 00:00:00. Skipping.
2025-02-01 23:39:53,048 - INFO - Duplicate found for ezjf1m62q9q09_20033035365_RLX on 2025-01-30 00:00:00. Skipping.
2025-02-01 23:39:53,048 - INFO - Duplicate found for gaps1m4ir71xo_20032217125_RLX on 2025-01-30 00:00:00. Skipping.
2025-02-01 23:39:53,048 - INFO - Duplicate found for madrucrystal_WOWV-7710509-WOC_GTH on 2025-01-30 00:00:00. Skipping.
2025-02-01 23:39:53,059 - INFO - Duplicate found for 41928321_20025345075_RLX on 2025-01-30 00:00:00. Skipping.
2025-02-01 23:39:53,059 - INFO - Duplicate found for l35y1lzhb67f9_20030310468_RLX on 2025-01-30 00:00:00. Skipping.
2025-02-01 23:39:53,064 - INFO - Duplicate found for 5dr8j1m2z4jyg4_20031513277_RLX on 2025-01-30 00:00:00. Skipping.
2025-02-01 23:39:53,064 - INFO - Duplicate found for 14580054_20004836891_RLX on 2025-01-30 00:00:00. Skipping.
2025-02-01 23:39:53,064 - INFO - Duplicate found for cya0j1m5967cig_20032935939_RLX on 2025-01-30 00:00:00. Skipping.
2025-02-01 23:39:53,073 - INFO - Duplicate found for 88r21m4mhsuej_20033155324_RLX on 2025-01-30 00:00:00. Skipping.
2025-02-01 23:39:53,074 - INFO - Duplicate found for Mert190781_1144352_DGT on 2025-01-30 00:00:00. Skipping.
2025-02-01 23:39:53,074 - INFO - Duplicate found for chl0qb1m5lcbflz_20032736508_RLX on 2025-01-30 00:00:00. Skipping.
2025-02-01 23:39:53,074 - INFO - Duplicate found for 52037649_20033138562_RLX on 2025-01-30 00:00:00. Skipping.
2025-02-01 23:39:53,074 - INFO - Duplicate found for 46632741_20027994056_RLX on 2025-01-30 00:00:00. Skipping.
2025-02-01 23:39:53,074 - INFO - Duplicate found for 7t4id1m4pshesc_20032304845_RLX on 2025-01-30 00:00:00. Skipping.
2025-02-01 23:39:53,074 - INFO - Duplicate found for 53255589_20033162094_RLX on 2025-01-30 00:00:00. Skipping.
2025-02-01 23:39:53,090 - INFO - Duplicate found for 55245637_20033111131_RLX on 2025-01-30 00:00:00. Skipping.
2025-02-01 23:39:53,092 - INFO - Duplicate found for mgn_wjs6551_1191275_KGN on 2025-01-30 00:00:00. Skipping.
2025-02-01 23:39:53,092 - INFO - Files processed and saved successfully. Consolidated file: reports_TZesst_Consolidated_2025-01-30.xlsx
2025-02-01 23:39:53,092 - INFO - 127.0.0.1 - - [01/Feb/2025 23:39:53] "POST /upload HTTP/1.1" 200 -
