2025-01-30 14:13:59,428 - WARNING -  * Debugger is active!
2025-01-30 14:13:59,428 - INFO -  * Debugger PIN: 308-186-142
2025-01-30 14:14:01,102 - INFO - 127.0.0.1 - - [30/Jan/2025 14:14:01] "GET / HTTP/1.1" 200 -
2025-01-30 14:14:01,202 - INFO - 127.0.0.1 - - [30/Jan/2025 14:14:01] "[36mGET /static/js/script.js HTTP/1.1[0m" 304 -
2025-01-30 14:14:01,204 - INFO - 127.0.0.1 - - [30/Jan/2025 14:14:01] "[36mGET /static/css/style.css HTTP/1.1[0m" 304 -
2025-01-30 14:14:04,451 - ERROR - Error: 1524 (HY000): Plugin 'mysql_native_password' is not loaded
2025-01-30 14:14:04,451 - INFO - 127.0.0.1 - - [30/Jan/2025 14:14:04] "POST /login HTTP/1.1" 200 -
2025-01-30 14:14:04,498 - INFO - No missing dates found in TotalSummaryData.
2025-01-30 14:14:04,804 - INFO - Total summary fetched successfully: {'total_bet': 2398164.6, 'total_win': 1902794.06, 'total_spins': 5701381, 'reel_spins': 3141893, 'social_spins': 2559488, 'ggr_eur': 495370.75, 'ggr_gbp': 592522.01, 'total_players': 94955, 'rtp': 79.34, 'max_date': '2025-01-27', 'min_date': '2024-09-19'}
2025-01-30 14:14:04,804 - INFO - Latest summary fetched successfully: {'total_bet': 15136.2, 'total_win': 9530.6, 'total_spins': 15742, 'reel_spins': 10661, 'social_spins': 5081, 'ggr_eur': 5605.64, 'ggr_gbp': 6684.05, 'total_players': 426, 'rtp': 62.97, 'max_date': '2025-01-27'}
2025-01-30 14:14:04,804 - INFO - 127.0.0.1 - - [30/Jan/2025 14:14:04] "GET /get_total_summary_data HTTP/1.1" 200 -
2025-01-30 14:14:27,175 - DEBUG - Extracted date 2025-01-27 for file reports_TZesst_Consolidated_2025-01-27.xlsx
2025-01-30 14:14:27,176 - DEBUG - Extracted date 2025-01-28 for file reports_TZesst_Consolidated_2025-01-28.xlsx
2025-01-30 14:14:27,177 - DEBUG - Extracted date 2025-01-29 for file reports_TZesst_Consolidated_2025-01-29.xlsx
2025-01-30 14:14:27,177 - INFO - Rates for 2025-01-27 already exist in the database. Returning existing rates.
2025-01-30 14:14:27,214 - INFO - Social currencies updated successfully.
2025-01-30 14:14:27,480 - INFO - Rates for 2025-01-28 already exist in the database. Returning existing rates.
2025-01-30 14:14:27,528 - INFO - Social currencies updated successfully.
2025-01-30 14:14:27,791 - INFO - Rates for 2025-01-29 already exist in the database. Returning existing rates.
2025-01-30 14:14:27,823 - INFO - Social currencies updated successfully.
2025-01-30 14:14:28,519 - INFO - Duplicate found for 120325877_3658393_RLX on 2025-01-27 00:00:00. Skipping.
2025-01-30 14:14:28,530 - INFO - Duplicate found for 8x1_742085152_8x1_742085152_PLY on 2025-01-27 00:00:00. Skipping.
2025-01-30 14:14:28,532 - INFO - Duplicate found for NK-22623003_14093274_MKR on 2025-01-27 00:00:00. Skipping.
2025-01-30 14:14:28,532 - INFO - Duplicate found for 7706838_19792025_MKR on 2025-01-27 00:00:00. Skipping.
2025-01-30 14:14:28,532 - INFO - Duplicate found for 6553082_19794447_MKR on 2025-01-27 00:00:00. Skipping.
2025-01-30 14:14:28,532 - INFO - Duplicate found for 3576763_3576763_NBT on 2025-01-27 00:00:00. Skipping.
2025-01-30 14:14:28,532 - INFO - Duplicate found for 7727038_19844100_MKR on 2025-01-27 00:00:00. Skipping.
2025-01-30 14:14:28,532 - INFO - Duplicate found for 7517020_19896166_MKR on 2025-01-27 00:00:00. Skipping.
2025-01-30 14:14:28,532 - INFO - Duplicate found for 7843509_19970011_MKR on 2025-01-27 00:00:00. Skipping.
2025-01-30 14:14:28,548 - INFO - Duplicate found for 7175288_20009349_MKR on 2025-01-27 00:00:00. Skipping.
2025-01-30 14:14:28,548 - INFO - Duplicate found for 7867978_20144959_MKR on 2025-01-27 00:00:00. Skipping.
2025-01-30 14:14:28,548 - INFO - Duplicate found for 7684164_20221095_MKR on 2025-01-27 00:00:00. Skipping.
2025-01-30 14:14:28,548 - INFO - Duplicate found for 7933118_20592331_MKR on 2025-01-27 00:00:00. Skipping.
2025-01-30 14:14:28,548 - INFO - Duplicate found for BOY2_3121455_BOY2_3121455_PLY on 2025-01-27 00:00:00. Skipping.
2025-01-30 14:14:28,548 - INFO - Duplicate found for 7965407_20850922_MKR on 2025-01-27 00:00:00. Skipping.
2025-01-30 14:14:28,548 - INFO - Duplicate found for 8023426_21391809_MKR on 2025-01-27 00:00:00. Skipping.
2025-01-30 14:14:28,563 - INFO - Duplicate found for NK-23257106_16714385_MKR on 2025-01-27 00:00:00. Skipping.
2025-01-30 14:14:28,563 - INFO - Duplicate found for 8111978_22354520_MKR on 2025-01-27 00:00:00. Skipping.
2025-01-30 14:14:28,563 - INFO - Duplicate found for 8185895_22900193_MKR on 2025-01-27 00:00:00. Skipping.
2025-01-30 14:14:28,563 - INFO - Duplicate found for NK-21790817_13506570_MKR on 2025-01-27 00:00:00. Skipping.
2025-01-30 14:14:28,563 - INFO - Duplicate found for 8209634_23052575_MKR on 2025-01-27 00:00:00. Skipping.
2025-01-30 14:14:28,563 - INFO - Duplicate found for NK-23796572_20097114_MKR on 2025-01-27 00:00:00. Skipping.
2025-01-30 14:14:28,563 - INFO - Duplicate found for NK-23905854_21573827_MKR on 2025-01-27 00:00:00. Skipping.
2025-01-30 14:14:28,563 - INFO - Duplicate found for 8214726_23082919_MKR on 2025-01-27 00:00:00. Skipping.
2025-01-30 14:14:28,579 - INFO - Duplicate found for NK-21854180_16162534_MKR on 2025-01-27 00:00:00. Skipping.
2025-01-30 14:14:28,579 - INFO - Duplicate found for NK-23977032_30050197_MKR on 2025-01-27 00:00:00. Skipping.
2025-01-30 14:14:28,579 - INFO - Duplicate found for NK-24020706_30160402_MKR on 2025-01-27 00:00:00. Skipping.
2025-01-30 14:14:28,579 - INFO - Duplicate found for 8126158_23379253_MKR on 2025-01-27 00:00:00. Skipping.
2025-01-30 14:14:28,579 - INFO - Duplicate found for NK-20303182_13311148_MKR on 2025-01-27 00:00:00. Skipping.
2025-01-30 14:14:28,579 - INFO - Duplicate found for 8274542_23573306_MKR on 2025-01-27 00:00:00. Skipping.
2025-01-30 14:14:28,579 - INFO - Duplicate found for 141958_110465055_RLX on 2025-01-27 00:00:00. Skipping.
2025-01-30 14:14:28,579 - INFO - Duplicate found for 8308888_23823260_MKR on 2025-01-27 00:00:00. Skipping.
2025-01-30 14:14:28,595 - INFO - Duplicate found for 131790_110475048_RLX on 2025-01-27 00:00:00. Skipping.
2025-01-30 14:14:28,595 - INFO - Duplicate found for 1310420_110466643_RLX on 2025-01-27 00:00:00. Skipping.
2025-01-30 14:14:28,595 - INFO - Duplicate found for 662475_110563986_RLX on 2025-01-27 00:00:00. Skipping.
2025-01-30 14:14:28,595 - INFO - Duplicate found for 241562_110467243_RLX on 2025-01-27 00:00:00. Skipping.
2025-01-30 14:14:28,605 - INFO - Duplicate found for 371832_110540974_RLX on 2025-01-27 00:00:00. Skipping.
2025-01-30 14:14:28,605 - INFO - Duplicate found for 168091_110474003_RLX on 2025-01-27 00:00:00. Skipping.
2025-01-30 14:14:28,611 - INFO - Duplicate found for 134762_110497513_RLX on 2025-01-27 00:00:00. Skipping.
2025-01-30 14:14:28,611 - INFO - Duplicate found for 76257_110467540_RLX on 2025-01-27 00:00:00. Skipping.
2025-01-30 14:14:28,611 - INFO - Duplicate found for 79631_110478219_RLX on 2025-01-27 00:00:00. Skipping.
2025-01-30 14:14:28,611 - INFO - Duplicate found for 1304171_110713116_RLX on 2025-01-27 00:00:00. Skipping.
2025-01-30 14:14:28,611 - INFO - Duplicate found for 8348720_24088037_MKR on 2025-01-27 00:00:00. Skipping.
2025-01-30 14:14:28,611 - INFO - Duplicate found for 638811_110480745_RLX on 2025-01-27 00:00:00. Skipping.
2025-01-30 14:14:28,611 - INFO - Duplicate found for 647814_110486802_RLX on 2025-01-27 00:00:00. Skipping.
2025-01-30 14:14:28,611 - INFO - Duplicate found for 77295_110744156_RLX on 2025-01-27 00:00:00. Skipping.
2025-01-30 14:14:28,627 - INFO - Duplicate found for 177935_110655604_RLX on 2025-01-27 00:00:00. Skipping.
2025-01-30 14:14:28,627 - INFO - Duplicate found for 1983314_110803155_RLX on 2025-01-27 00:00:00. Skipping.
2025-01-30 14:14:28,630 - INFO - Duplicate found for 1470317_110583097_RLX on 2025-01-27 00:00:00. Skipping.
2025-01-30 14:14:28,630 - INFO - Duplicate found for 8340352_24026527_MKR on 2025-01-27 00:00:00. Skipping.
2025-01-30 14:14:28,630 - INFO - Duplicate found for 1019054_110491431_RLX on 2025-01-27 00:00:00. Skipping.
2025-01-30 14:14:28,630 - INFO - Duplicate found for 2043083_110892142_RLX on 2025-01-27 00:00:00. Skipping.
2025-01-30 14:14:28,630 - INFO - Duplicate found for 821086_110485735_RLX on 2025-01-27 00:00:00. Skipping.
2025-01-30 14:14:28,630 - INFO - Duplicate found for 6647444_24570432_MKR on 2025-01-27 00:00:00. Skipping.
2025-01-30 14:14:28,630 - INFO - Duplicate found for 8404819_24587760_MKR on 2025-01-27 00:00:00. Skipping.
2025-01-30 14:14:28,643 - INFO - Duplicate found for 6314_SC_24246854_MKR on 2025-01-27 00:00:00. Skipping.
2025-01-30 14:14:28,643 - INFO - Duplicate found for NK-24077826_30325989_MKR on 2025-01-27 00:00:00. Skipping.
2025-01-30 14:14:28,643 - INFO - Duplicate found for NK-23946525_22410880_MKR on 2025-01-27 00:00:00. Skipping.
2025-01-30 14:14:28,643 - INFO - Duplicate found for NK-23999229_30092586_MKR on 2025-01-27 00:00:00. Skipping.
2025-01-30 14:14:28,643 - INFO - Duplicate found for NK-24065541_30295048_MKR on 2025-01-27 00:00:00. Skipping.
2025-01-30 14:14:28,643 - INFO - Duplicate found for 8440202_24860208_MKR on 2025-01-27 00:00:00. Skipping.
2025-01-30 14:14:28,643 - INFO - Duplicate found for 126205_110596424_RLX on 2025-01-27 00:00:00. Skipping.
2025-01-30 14:14:28,643 - INFO - Duplicate found for 8443984_24894575_MKR on 2025-01-27 00:00:00. Skipping.
2025-01-30 14:14:28,659 - INFO - Duplicate found for 8451234_24954076_MKR on 2025-01-27 00:00:00. Skipping.
2025-01-30 14:14:28,659 - INFO - Duplicate found for 1101777_111133115_RLX on 2025-01-27 00:00:00. Skipping.
2025-01-30 14:14:28,659 - INFO - Duplicate found for NK-24153434_30736490_MKR on 2025-01-27 00:00:00. Skipping.
2025-01-30 14:14:28,659 - INFO - Duplicate found for NK-24186425_30827770_MKR on 2025-01-27 00:00:00. Skipping.
2025-01-30 14:14:28,659 - INFO - Duplicate found for 6bbb43c6-cba3-4413-8a62-fafde5cb2bab_25002968_MKR on 2025-01-27 00:00:00. Skipping.
2025-01-30 14:14:28,659 - INFO - Duplicate found for NK-24189140_30834154_MKR on 2025-01-27 00:00:00. Skipping.
2025-01-30 14:14:28,659 - INFO - Duplicate found for 8460206_25030459_MKR on 2025-01-27 00:00:00. Skipping.
2025-01-30 14:14:28,659 - INFO - Duplicate found for NK-24203264_30878955_MKR on 2025-01-27 00:00:00. Skipping.
2025-01-30 14:14:28,675 - INFO - Duplicate found for 312851_111242332_RLX on 2025-01-27 00:00:00. Skipping.
2025-01-30 14:14:28,675 - INFO - Duplicate found for NK-23726003_19315033_MKR on 2025-01-27 00:00:00. Skipping.
2025-01-30 14:14:28,675 - INFO - Duplicate found for 8501886_25329181_MKR on 2025-01-27 00:00:00. Skipping.
2025-01-30 14:14:28,675 - INFO - Duplicate found for NK-24220142_30951285_MKR on 2025-01-27 00:00:00. Skipping.
2025-01-30 14:14:28,675 - INFO - Duplicate found for a1b4d7b1-3fbf-46d6-a2bf-2d13fb90a378_25351867_MKR on 2025-01-27 00:00:00. Skipping.
2025-01-30 14:14:28,675 - INFO - Duplicate found for 8427797_24762590_MKR on 2025-01-27 00:00:00. Skipping.
2025-01-30 14:14:28,675 - INFO - Duplicate found for 6fbe6cd5-8496-4866-85c5-615b126c5041_25359047_MKR on 2025-01-27 00:00:00. Skipping.
2025-01-30 14:14:28,675 - INFO - Duplicate found for f9565426-3af6-464f-9214-5560472f5351_25359204_MKR on 2025-01-27 00:00:00. Skipping.
2025-01-30 14:14:28,691 - INFO - Duplicate found for b72db04f-7b2e-4618-b74d-0904a61d0f56_25361179_MKR on 2025-01-27 00:00:00. Skipping.
2025-01-30 14:14:28,691 - INFO - Duplicate found for 1428600_110484132_RLX on 2025-01-27 00:00:00. Skipping.
2025-01-30 14:14:28,691 - INFO - Duplicate found for ab06c1da-ae8b-46b3-8ef2-c4c8d7d90deb_25364160_MKR on 2025-01-27 00:00:00. Skipping.
2025-01-30 14:14:28,691 - INFO - Duplicate found for 827ec94f-2e74-48ba-83ef-77143996d576_25364639_MKR on 2025-01-27 00:00:00. Skipping.
2025-01-30 14:14:28,691 - INFO - Duplicate found for 17ce3f43-ac2c-41df-bb04-ce7023fac674_25368600_MKR on 2025-01-27 00:00:00. Skipping.
2025-01-30 14:14:28,691 - INFO - Duplicate found for a08144fc-77e5-45d5-8708-64e56cd55597_25380140_MKR on 2025-01-27 00:00:00. Skipping.
2025-01-30 14:14:28,691 - INFO - Duplicate found for dd831fc7-7915-4bab-9c87-1e8b85f9cd5b_25380567_MKR on 2025-01-27 00:00:00. Skipping.
2025-01-30 14:14:28,691 - INFO - Duplicate found for e7369b32-7cf8-4c56-9d7c-b6f232cdce14_25380715_MKR on 2025-01-27 00:00:00. Skipping.
2025-01-30 14:14:28,707 - INFO - Duplicate found for d2a841dc-0f42-4fa0-a8d8-5c011ef749a6_25381693_MKR on 2025-01-27 00:00:00. Skipping.
2025-01-30 14:14:28,707 - INFO - Duplicate found for fc009ed3-86ab-428e-8374-428cc3088139_25380541_MKR on 2025-01-27 00:00:00. Skipping.
2025-01-30 14:14:28,707 - INFO - Duplicate found for 2ddfe674-10e6-466c-944c-24900585bbf9_25382971_MKR on 2025-01-27 00:00:00. Skipping.
2025-01-30 14:14:28,707 - INFO - Duplicate found for 3bbfcb8f-9f92-4ac9-9274-b4fe02c520a6_25384961_MKR on 2025-01-27 00:00:00. Skipping.
2025-01-30 14:14:28,707 - INFO - Duplicate found for 6ed10329-29d4-4d76-bcaf-83a0d6566dee_25382392_MKR on 2025-01-27 00:00:00. Skipping.
2025-01-30 14:14:28,707 - INFO - Duplicate found for 8ceeb84a-0652-45dd-ac22-be1309789d23_25391583_MKR on 2025-01-27 00:00:00. Skipping.
2025-01-30 14:14:28,707 - INFO - Duplicate found for f2aca40f-4e52-47b9-9f97-975c410e9add_25397987_MKR on 2025-01-27 00:00:00. Skipping.
2025-01-30 14:14:28,707 - INFO - Duplicate found for f777d09e-bac2-4a84-bc55-2d30d9d4e764_25398409_MKR on 2025-01-27 00:00:00. Skipping.
2025-01-30 14:14:28,723 - INFO - Duplicate found for 48405e2e-991b-4997-abc5-7c3ed0029343_25398535_MKR on 2025-01-27 00:00:00. Skipping.
2025-01-30 14:14:28,723 - INFO - Duplicate found for 7370206c-1362-4650-92df-d4553dee4e78_25413259_MKR on 2025-01-27 00:00:00. Skipping.
2025-01-30 14:14:28,723 - INFO - Duplicate found for ca78d0d8-8d4b-483c-9447-ffcc3b133cad_25429610_MKR on 2025-01-27 00:00:00. Skipping.
2025-01-30 14:14:28,723 - INFO - Duplicate found for 4f1cdd4d-53e2-410e-93ef-dc7d95b1e92d_25439466_MKR on 2025-01-27 00:00:00. Skipping.
2025-01-30 14:14:28,730 - INFO - Duplicate found for a21e8dce-5857-4702-abf9-504ec68e58e6_25393080_MKR on 2025-01-27 00:00:00. Skipping.
2025-01-30 14:14:28,730 - INFO - Duplicate found for 97fd79b8-ab71-41d5-8ae4-2c9e3a772514_25450348_MKR on 2025-01-27 00:00:00. Skipping.
2025-01-30 14:14:28,730 - INFO - Duplicate found for 08c5eb70-ab55-47a7-94b3-b890864eb2af_25365093_MKR on 2025-01-27 00:00:00. Skipping.
2025-01-30 14:14:28,730 - INFO - Duplicate found for 38835e8d-49e1-442c-854d-6d87f89e61d9_25460414_MKR on 2025-01-27 00:00:00. Skipping.
2025-01-30 14:14:28,739 - INFO - Duplicate found for 6277e49d-73da-409f-8ad3-04af81e1a17f_25462964_MKR on 2025-01-27 00:00:00. Skipping.
2025-01-30 14:14:28,741 - INFO - Duplicate found for b66588d1-de6f-4efc-8de4-6c4e87238228_25467364_MKR on 2025-01-27 00:00:00. Skipping.
2025-01-30 14:14:28,741 - INFO - Duplicate found for 5357751c-257d-4f31-87a9-db7c24ea80ed_25472110_MKR on 2025-01-27 00:00:00. Skipping.
2025-01-30 14:14:28,741 - INFO - Duplicate found for be7851fe-fdf0-40d4-ab54-75c95de4427c_25479722_MKR on 2025-01-27 00:00:00. Skipping.
2025-01-30 14:14:28,741 - INFO - Duplicate found for dc0b8854-6d23-4651-94d4-ebaea89fc7b7_25467586_MKR on 2025-01-27 00:00:00. Skipping.
2025-01-30 14:14:28,741 - INFO - Duplicate found for 656f917e-e8f6-4cb9-93b7-a574aa8791e6_25399972_MKR on 2025-01-27 00:00:00. Skipping.
2025-01-30 14:14:28,755 - INFO - Duplicate found for a6ce5c71-3fc4-4603-b862-2de51646acde_25490761_MKR on 2025-01-27 00:00:00. Skipping.
2025-01-30 14:14:28,755 - INFO - Duplicate found for fceb9d34-7cb1-4de1-ae07-893411aca94b_25467202_MKR on 2025-01-27 00:00:00. Skipping.
2025-01-30 14:14:28,755 - INFO - Duplicate found for fdb441a3-694e-4372-b011-93ad7e544005_25437994_MKR on 2025-01-27 00:00:00. Skipping.
2025-01-30 14:14:28,755 - INFO - Duplicate found for 41200d20-02de-46f6-9a60-37270f8c3f1a_25471576_MKR on 2025-01-27 00:00:00. Skipping.
2025-01-30 14:14:28,755 - INFO - Duplicate found for e928cd7c-9547-4399-8729-f256d7a13697_25489036_MKR on 2025-01-27 00:00:00. Skipping.
2025-01-30 14:14:28,755 - INFO - Duplicate found for 28b999e7-077f-4538-b57b-a74c387b619e_25503982_MKR on 2025-01-27 00:00:00. Skipping.
2025-01-30 14:14:28,772 - INFO - Duplicate found for 0be755c9-8d22-4a99-b465-8585dbc3f341_25446783_MKR on 2025-01-27 00:00:00. Skipping.
2025-01-30 14:14:28,776 - INFO - Duplicate found for a210ce29-8f6b-4550-9681-4b4da443dd73_25507713_MKR on 2025-01-27 00:00:00. Skipping.
2025-01-30 14:14:28,777 - INFO - Duplicate found for 80872d1c-166e-4465-9198-c1ff223adf4b_25512600_MKR on 2025-01-27 00:00:00. Skipping.
2025-01-30 14:14:28,777 - INFO - Duplicate found for d4e28fed-7e7e-4783-aa7c-1e1f480b230d_25522965_MKR on 2025-01-27 00:00:00. Skipping.
2025-01-30 14:14:28,777 - INFO - Duplicate found for ae57a4eb-5972-4412-bfbe-6fdb672f03b7_25526620_MKR on 2025-01-27 00:00:00. Skipping.
2025-01-30 14:14:28,777 - INFO - Duplicate found for 7150b076-1237-475d-9f47-c344e2e9decb_25529491_MKR on 2025-01-27 00:00:00. Skipping.
2025-01-30 14:14:28,777 - INFO - Duplicate found for 97d60b15-b37e-41ef-a8b4-ddc678a94d3c_25531607_MKR on 2025-01-27 00:00:00. Skipping.
2025-01-30 14:14:28,777 - INFO - Duplicate found for dd3d7986-8e47-47cc-b4ed-85a8b0cbe7d9_25410574_MKR on 2025-01-27 00:00:00. Skipping.
2025-01-30 14:14:28,793 - INFO - Duplicate found for ca5b397c-dd25-4f84-9fb7-199ceef68f17_25538631_MKR on 2025-01-27 00:00:00. Skipping.
2025-01-30 14:14:28,793 - INFO - Duplicate found for 0d0b415f-f856-448b-9086-07082f7d6f16_25539835_MKR on 2025-01-27 00:00:00. Skipping.
2025-01-30 14:14:28,793 - INFO - Duplicate found for 3026490a-ff88-4bcc-a30d-afb59711c02f_25483582_MKR on 2025-01-27 00:00:00. Skipping.
2025-01-30 14:14:28,793 - INFO - Duplicate found for 2079743_111386034_RLX on 2025-01-27 00:00:00. Skipping.
2025-01-30 14:14:28,793 - INFO - Duplicate found for bf2a3d32-79bd-4210-ae21-c3535fa5377a_25566163_MKR on 2025-01-27 00:00:00. Skipping.
2025-01-30 14:14:28,793 - INFO - Duplicate found for ad663a14-ab6a-4b1b-a83a-fe34bfcfc263_25567925_MKR on 2025-01-27 00:00:00. Skipping.
2025-01-30 14:14:28,809 - INFO - Duplicate found for 6142025e-c256-48c4-822f-f49e705b9095_25566290_MKR on 2025-01-27 00:00:00. Skipping.
2025-01-30 14:14:28,809 - INFO - Duplicate found for 1624334e-dcc8-409b-98fb-148e367376f0_25591170_MKR on 2025-01-27 00:00:00. Skipping.
2025-01-30 14:14:28,809 - INFO - Duplicate found for a39db6d2-f478-4309-8109-5636a8520c7a_25594533_MKR on 2025-01-27 00:00:00. Skipping.
2025-01-30 14:14:28,809 - INFO - Duplicate found for 39b92201-4660-455c-b799-d56f1b28bfdb_25595002_MKR on 2025-01-27 00:00:00. Skipping.
2025-01-30 14:14:28,809 - INFO - Duplicate found for 8434128_24812616_MKR on 2025-01-27 00:00:00. Skipping.
2025-01-30 14:14:28,825 - INFO - Duplicate found for deb72ecc-e23e-491d-97eb-f04a3f574759_25590479_MKR on 2025-01-27 00:00:00. Skipping.
2025-01-30 14:14:28,825 - INFO - Duplicate found for 8ba0aed3-20a9-4107-b546-74f6868ceda0_25597796_MKR on 2025-01-27 00:00:00. Skipping.
2025-01-30 14:14:28,830 - INFO - Duplicate found for 1dfbb33d-5a51-4f7a-83cc-21bdd9b09e7a_25600667_MKR on 2025-01-27 00:00:00. Skipping.
2025-01-30 14:14:28,830 - INFO - Duplicate found for 806e4fa0-ab9c-45ff-b4c2-8d5eb7670490_25602171_MKR on 2025-01-27 00:00:00. Skipping.
2025-01-30 14:14:28,830 - INFO - Duplicate found for 8513501_25606615_MKR on 2025-01-27 00:00:00. Skipping.
2025-01-30 14:14:28,841 - INFO - Duplicate found for 6e139818-c8a4-4021-9546-f8895072c0b8_25585189_MKR on 2025-01-27 00:00:00. Skipping.
2025-01-30 14:14:28,841 - INFO - Duplicate found for d858c83f-b285-4e23-bd7e-888d989c5273_25563769_MKR on 2025-01-27 00:00:00. Skipping.
2025-01-30 14:14:28,841 - INFO - Duplicate found for 0c4fb4e2-a7c0-4584-ba43-621729052af2_25399116_MKR on 2025-01-27 00:00:00. Skipping.
2025-01-30 14:14:28,841 - INFO - Duplicate found for 1e27c3da-8b03-42b3-9260-594c415ce87f_25632413_MKR on 2025-01-27 00:00:00. Skipping.
2025-01-30 14:14:28,841 - INFO - Duplicate found for f3094717-b7bd-4154-b9a0-ae329b7fa909_25637478_MKR on 2025-01-27 00:00:00. Skipping.
2025-01-30 14:14:28,841 - INFO - Duplicate found for da0c960c-56bc-4f88-a925-36171219e7fd_25639342_MKR on 2025-01-27 00:00:00. Skipping.
2025-01-30 14:14:28,857 - INFO - Duplicate found for 0f2ae4b1-cadd-4e59-83f4-080f18517079_25639888_MKR on 2025-01-27 00:00:00. Skipping.
2025-01-30 14:14:28,857 - INFO - Duplicate found for c387e1a0-7222-48dd-b3f9-a4d3eac9e3cb_25625385_MKR on 2025-01-27 00:00:00. Skipping.
2025-01-30 14:14:28,857 - INFO - Duplicate found for 51431b8e-ce2a-406f-bddb-069aab6ab463_25611245_MKR on 2025-01-27 00:00:00. Skipping.
2025-01-30 14:14:28,857 - INFO - Duplicate found for e10ff57d-63d8-47a0-b1ea-91da480054e9_25651686_MKR on 2025-01-27 00:00:00. Skipping.
2025-01-30 14:14:28,857 - INFO - Duplicate found for f1de44a1-d115-40fe-952b-c396dd2edc5b_25654105_MKR on 2025-01-27 00:00:00. Skipping.
2025-01-30 14:14:28,872 - INFO - Duplicate found for 8197ee19-c26d-40c4-8fdc-c88c1cd577e9_25658364_MKR on 2025-01-27 00:00:00. Skipping.
2025-01-30 14:14:28,875 - INFO - Duplicate found for 5c089c88-6503-4b5b-8209-6834021fe726_25659402_MKR on 2025-01-27 00:00:00. Skipping.
2025-01-30 14:14:28,877 - INFO - Duplicate found for 7208baa3-adfa-49f9-9236-ad4241996b18_25664108_MKR on 2025-01-27 00:00:00. Skipping.
2025-01-30 14:14:28,877 - INFO - Duplicate found for 781aa791-34b6-4841-bf80-a4d3764df1e0_25665100_MKR on 2025-01-27 00:00:00. Skipping.
2025-01-30 14:14:28,877 - INFO - Duplicate found for 145c5d15-4a1a-4935-823a-2d46a4e7a669_25666501_MKR on 2025-01-27 00:00:00. Skipping.
2025-01-30 14:14:28,877 - INFO - Duplicate found for eef02c73-1459-48f8-b80a-9326d376805d_25666651_MKR on 2025-01-27 00:00:00. Skipping.
2025-01-30 14:14:28,889 - INFO - Duplicate found for 43510f01-6533-4cbc-b1a1-06c4779af38b_25670619_MKR on 2025-01-27 00:00:00. Skipping.
2025-01-30 14:14:28,889 - INFO - Duplicate found for 2b52a463-85f8-45c9-90f4-b79cb52bd1e2_25670978_MKR on 2025-01-27 00:00:00. Skipping.
2025-01-30 14:14:28,889 - INFO - Duplicate found for afbd6e30-fc68-480e-9354-929d0cea080c_25561881_MKR on 2025-01-27 00:00:00. Skipping.
2025-01-30 14:14:28,889 - INFO - Duplicate found for f2eb3313-ef78-49e0-9c59-cdf3868e028a_25683992_MKR on 2025-01-27 00:00:00. Skipping.
2025-01-30 14:14:28,889 - INFO - Duplicate found for 47d516f7-e206-407a-b37d-f75eaa8f3a8e_25674336_MKR on 2025-01-27 00:00:00. Skipping.
2025-01-30 14:14:28,889 - INFO - Duplicate found for e83e1975-019f-4667-bb49-f52a704c8b53_25690046_MKR on 2025-01-27 00:00:00. Skipping.
2025-01-30 14:14:28,905 - INFO - Duplicate found for e7701dde-81ef-49e6-a136-cdab42afbb1e_25690869_MKR on 2025-01-27 00:00:00. Skipping.
2025-01-30 14:14:28,905 - INFO - Duplicate found for a4b89fad-5444-40f5-8048-fb5a9b105310_25693655_MKR on 2025-01-27 00:00:00. Skipping.
2025-01-30 14:14:28,905 - INFO - Duplicate found for 0257f5d3-7ab1-4862-98e0-9b22872c12f1_25697109_MKR on 2025-01-27 00:00:00. Skipping.
2025-01-30 14:14:28,905 - INFO - Duplicate found for 369933_111395193_RLX on 2025-01-27 00:00:00. Skipping.
2025-01-30 14:14:28,905 - INFO - Duplicate found for 2f1bda63-55ac-4aab-939d-8092074a63dc_25702238_MKR on 2025-01-27 00:00:00. Skipping.
2025-01-30 14:14:28,921 - INFO - Duplicate found for a1c48021-8939-423d-a71b-0e6ab8a03c72_25706692_MKR on 2025-01-27 00:00:00. Skipping.
2025-01-30 14:14:28,921 - INFO - Duplicate found for NK-24132141_30671462_MKR on 2025-01-27 00:00:00. Skipping.
2025-01-30 14:14:28,921 - INFO - Duplicate found for 63672239-e9b0-4880-9930-0ffe980f2f57_25659159_MKR on 2025-01-27 00:00:00. Skipping.
2025-01-30 14:14:28,921 - INFO - Duplicate found for 81b23f73-2baa-499a-af02-274996a4e946_25669989_MKR on 2025-01-27 00:00:00. Skipping.
2025-01-30 14:14:28,931 - INFO - Duplicate found for feffed6e-b01f-4b45-bce7-69b614db1697_25437005_MKR on 2025-01-27 00:00:00. Skipping.
2025-01-30 14:14:28,931 - INFO - Duplicate found for 87675_110481317_RLX on 2025-01-27 00:00:00. Skipping.
2025-01-30 14:14:28,936 - INFO - Duplicate found for c87a9ae7-f069-4ca3-bb42-a6ef8db795bd_25721989_MKR on 2025-01-27 00:00:00. Skipping.
2025-01-30 14:14:28,936 - INFO - Duplicate found for 169708_111357561_RLX on 2025-01-27 00:00:00. Skipping.
2025-01-30 14:14:28,936 - INFO - Duplicate found for 203afcdb-138f-4d4b-b6bc-e304d5868683_25724757_MKR on 2025-01-27 00:00:00. Skipping.
2025-01-30 14:14:28,936 - INFO - Duplicate found for 52b47bbc-eeed-4de8-a40c-b7ff99c3b368_25739197_MKR on 2025-01-27 00:00:00. Skipping.
2025-01-30 14:14:28,936 - INFO - Duplicate found for dabf0867-6430-47b5-8e3b-b94ea78fa524_25724271_MKR on 2025-01-27 00:00:00. Skipping.
2025-01-30 14:14:28,936 - INFO - Duplicate found for ca35caff-c08d-451d-a379-d07f80c8db12_25697615_MKR on 2025-01-27 00:00:00. Skipping.
2025-01-30 14:14:28,952 - INFO - Duplicate found for 0aad5721-aade-4981-aa7e-3c4a2a55dd1e_25613989_MKR on 2025-01-27 00:00:00. Skipping.
2025-01-30 14:14:28,952 - INFO - Duplicate found for NK-24231305_30981929_MKR on 2025-01-27 00:00:00. Skipping.
2025-01-30 14:14:28,952 - INFO - Duplicate found for 0129519b-598a-462a-b0ac-42a10a5e7c7a_25760143_MKR on 2025-01-27 00:00:00. Skipping.
2025-01-30 14:14:28,952 - INFO - Duplicate found for 3838b247-9d53-48f7-ad46-935b0523aad1_25717519_MKR on 2025-01-27 00:00:00. Skipping.
2025-01-30 14:14:28,952 - INFO - Duplicate found for eb865d9c-a8f6-4465-9dd3-31b3344898cb_25707496_MKR on 2025-01-27 00:00:00. Skipping.
2025-01-30 14:14:28,952 - INFO - Duplicate found for b29055b1-dc1c-452c-939b-cf6d2616fb25_25768025_MKR on 2025-01-27 00:00:00. Skipping.
2025-01-30 14:14:28,968 - INFO - Duplicate found for 412d64c7-8dd9-49e9-8f21-8879d8b8252e_25623599_MKR on 2025-01-27 00:00:00. Skipping.
2025-01-30 14:14:28,968 - INFO - Duplicate found for a72f945f-96f6-46b7-bdf2-a15c53d2fcaf_25659775_MKR on 2025-01-27 00:00:00. Skipping.
2025-01-30 14:14:28,968 - INFO - Duplicate found for 36e2e066-74d5-47cd-8e8b-b02f66de5f3e_25772469_MKR on 2025-01-27 00:00:00. Skipping.
2025-01-30 14:14:28,968 - INFO - Duplicate found for 2fb7c91f-bdf9-4a4d-8cf3-bf0a963dede9_25750444_MKR on 2025-01-27 00:00:00. Skipping.
2025-01-30 14:14:28,968 - INFO - Duplicate found for 6dfb52cc-d254-4957-8e89-bb727d10d746_25560520_MKR on 2025-01-27 00:00:00. Skipping.
2025-01-30 14:14:28,984 - INFO - Duplicate found for 6b8856b6-2ce8-4f23-94d9-4b192dbd37b5_25775117_MKR on 2025-01-27 00:00:00. Skipping.
2025-01-30 14:14:28,987 - INFO - Duplicate found for 18c53996-41ee-4d84-9922-f185d7101e95_25779290_MKR on 2025-01-27 00:00:00. Skipping.
2025-01-30 14:14:28,987 - INFO - Duplicate found for NK-24237278_30998256_MKR on 2025-01-27 00:00:00. Skipping.
2025-01-30 14:14:28,987 - INFO - Duplicate found for 4b6be375-1d53-476f-89d0-52d82315e5e0_25789852_MKR on 2025-01-27 00:00:00. Skipping.
2025-01-30 14:14:28,987 - INFO - Duplicate found for a1122f62-24d3-4bfa-af0e-ce04e8a9a3a2_25769915_MKR on 2025-01-27 00:00:00. Skipping.
2025-01-30 14:14:28,987 - INFO - Duplicate found for cb5df0b5-19ca-422e-894d-19b644b208d3_25796811_MKR on 2025-01-27 00:00:00. Skipping.
2025-01-30 14:14:29,000 - INFO - Duplicate found for 8487955_25229413_MKR on 2025-01-27 00:00:00. Skipping.
2025-01-30 14:14:29,000 - INFO - Duplicate found for 51527fae-1262-4855-b651-9cbbd4550145_25606891_MKR on 2025-01-27 00:00:00. Skipping.
2025-01-30 14:14:29,000 - INFO - Duplicate found for 9f72008d-606d-4ad6-a5c9-4f3cde597fb1_25745555_MKR on 2025-01-27 00:00:00. Skipping.
2025-01-30 14:14:29,000 - INFO - Duplicate found for 7d53ce72-4553-401b-9876-625c2b90c2e7_25763143_MKR on 2025-01-27 00:00:00. Skipping.
2025-01-30 14:14:29,000 - INFO - Duplicate found for 746641_110605249_RLX on 2025-01-27 00:00:00. Skipping.
2025-01-30 14:14:29,000 - INFO - Duplicate found for 7ccaf4ed-c528-47b6-8f5c-f954d992677e_25747517_MKR on 2025-01-27 00:00:00. Skipping.
2025-01-30 14:14:29,020 - INFO - Duplicate found for 7ec48547-a8fd-4550-9e7c-1a191961d342_25809192_MKR on 2025-01-27 00:00:00. Skipping.
2025-01-30 14:14:29,020 - INFO - Duplicate found for 1516238_110510191_RLX on 2025-01-27 00:00:00. Skipping.
2025-01-30 14:14:29,020 - INFO - Duplicate found for NK-24230573_30979923_MKR on 2025-01-27 00:00:00. Skipping.
2025-01-30 14:14:29,031 - INFO - Duplicate found for 65679a66-655e-4eec-809b-37a27449fad4_25811817_MKR on 2025-01-27 00:00:00. Skipping.
2025-01-30 14:14:29,032 - INFO - Duplicate found for bdf37de8-360a-42cc-915b-9284895841e9_25817747_MKR on 2025-01-27 00:00:00. Skipping.
2025-01-30 14:14:29,032 - INFO - Duplicate found for ca5859b7-c4d1-4237-834b-cb3dd45a5457_25822308_MKR on 2025-01-27 00:00:00. Skipping.
2025-01-30 14:14:29,032 - INFO - Duplicate found for d4d410a1-06e0-4664-b660-4decb9707b62_25825214_MKR on 2025-01-27 00:00:00. Skipping.
2025-01-30 14:14:29,032 - INFO - Duplicate found for fe5f6009-5093-420a-989b-577ff4f6f86a_25637296_MKR on 2025-01-27 00:00:00. Skipping.
2025-01-30 14:14:29,032 - INFO - Duplicate found for 8e38b692-7ea8-4d05-8e48-5f3578f6e9bb_25827787_MKR on 2025-01-27 00:00:00. Skipping.
2025-01-30 14:14:29,048 - INFO - Duplicate found for 1328fbf2-8a57-4da0-bc69-5e96880d6501_25828861_MKR on 2025-01-27 00:00:00. Skipping.
2025-01-30 14:14:29,048 - INFO - Duplicate found for NK-24239849_31004755_MKR on 2025-01-27 00:00:00. Skipping.
2025-01-30 14:14:29,048 - INFO - Duplicate found for 1166040_110707582_RLX on 2025-01-27 00:00:00. Skipping.
2025-01-30 14:14:29,048 - INFO - Duplicate found for fce84077-9897-4564-b88d-f349904afb0e_25834347_MKR on 2025-01-27 00:00:00. Skipping.
2025-01-30 14:14:29,048 - INFO - Duplicate found for 5f029f15-e52d-403f-af1e-c440963666c2_25834438_MKR on 2025-01-27 00:00:00. Skipping.
2025-01-30 14:14:29,048 - INFO - Duplicate found for c300aaf3-a57a-4993-bead-df8aaa2b80f1_25837798_MKR on 2025-01-27 00:00:00. Skipping.
2025-01-30 14:14:29,064 - INFO - Duplicate found for a8500f96-7db8-4f15-bc3b-25628aa0a484_25845170_MKR on 2025-01-27 00:00:00. Skipping.
2025-01-30 14:14:29,064 - INFO - Duplicate found for 812d4bca-dbcf-44d9-b744-410057b52024_25847399_MKR on 2025-01-27 00:00:00. Skipping.
2025-01-30 14:14:29,064 - INFO - Duplicate found for 6efb9a3b-498f-4f92-b274-db93bac03f88_25850822_MKR on 2025-01-27 00:00:00. Skipping.
2025-01-30 14:14:29,064 - INFO - Duplicate found for ab0d4100-1653-4dda-8d16-7b6aa73497a6_25851504_MKR on 2025-01-27 00:00:00. Skipping.
2025-01-30 14:14:29,064 - INFO - Duplicate found for cbc14f0f-83e3-41e1-9ae7-42493acab149_25851850_MKR on 2025-01-27 00:00:00. Skipping.
2025-01-30 14:14:29,064 - INFO - Duplicate found for 240812_111320958_RLX on 2025-01-27 00:00:00. Skipping.
2025-01-30 14:14:29,080 - INFO - Duplicate found for 2ef0aeb2-8268-4974-af3a-71fd978e9450_25852263_MKR on 2025-01-27 00:00:00. Skipping.
2025-01-30 14:14:29,080 - INFO - Duplicate found for 824f97b2-30a9-4414-8561-a217f9cdff8b_25852879_MKR on 2025-01-27 00:00:00. Skipping.
2025-01-30 14:14:29,080 - INFO - Duplicate found for 3c34429b-e499-4155-bb10-4ad066ef67f0_25852124_MKR on 2025-01-27 00:00:00. Skipping.
2025-01-30 14:14:29,080 - INFO - Duplicate found for c215ff7d-c1d2-41b1-90b9-5ba4268b1e5f_25853248_MKR on 2025-01-27 00:00:00. Skipping.
2025-01-30 14:14:29,080 - INFO - Duplicate found for 373ebc09-46a7-423d-882a-8381231d70ff_25737183_MKR on 2025-01-27 00:00:00. Skipping.
2025-01-30 14:14:29,096 - INFO - Duplicate found for 864067_110565623_RLX on 2025-01-27 00:00:00. Skipping.
2025-01-30 14:14:29,096 - INFO - Duplicate found for 1540598_110475022_RLX on 2025-01-27 00:00:00. Skipping.
2025-01-30 14:14:29,096 - INFO - Duplicate found for NK-24225962_30965941_MKR on 2025-01-27 00:00:00. Skipping.
2025-01-30 14:14:29,096 - INFO - Duplicate found for 8681fef2-8017-423c-996f-3e46c18c89b7_25854940_MKR on 2025-01-27 00:00:00. Skipping.
2025-01-30 14:14:29,096 - INFO - Duplicate found for 9b4d3e25-1617-438d-9881-83a74a498565_25855351_MKR on 2025-01-27 00:00:00. Skipping.
2025-01-30 14:14:29,096 - INFO - Duplicate found for efdcfa55-08fc-4f03-9b21-2b934138c0f3_25855332_MKR on 2025-01-27 00:00:00. Skipping.
2025-01-30 14:14:29,112 - INFO - Duplicate found for NK-24108156_30444790_MKR on 2025-01-27 00:00:00. Skipping.
2025-01-30 14:14:29,112 - INFO - Duplicate found for 02b006d8-5076-4574-881e-71c0ae562a77_25854410_MKR on 2025-01-27 00:00:00. Skipping.
2025-01-30 14:14:29,112 - INFO - Duplicate found for 082177c6-ba26-45d5-a1a0-bd6da270cf0e_25518814_MKR on 2025-01-27 00:00:00. Skipping.
2025-01-30 14:14:29,112 - INFO - Duplicate found for 7e1b1eba-bbd4-4d96-b8ad-4d2188d484e5_25779478_MKR on 2025-01-27 00:00:00. Skipping.
2025-01-30 14:14:29,112 - INFO - Duplicate found for a53b3521-c685-4223-91e7-8ae9d4377315_25856824_MKR on 2025-01-27 00:00:00. Skipping.
2025-01-30 14:14:29,112 - INFO - Duplicate found for 51e93632-1aab-4acc-bc5e-daeeb126f10d_25856462_MKR on 2025-01-27 00:00:00. Skipping.
2025-01-30 14:14:29,128 - INFO - Duplicate found for 1431933_110823806_RLX on 2025-01-27 00:00:00. Skipping.
2025-01-30 14:14:29,131 - INFO - Duplicate found for 836dc4d9-18fc-491f-94d1-0b35b06d0992_25857166_MKR on 2025-01-27 00:00:00. Skipping.
2025-01-30 14:14:29,131 - INFO - Duplicate found for 9c9d1d17-5bbb-46bb-a64d-6a894339dd8f_25857146_MKR on 2025-01-27 00:00:00. Skipping.
2025-01-30 14:14:29,131 - INFO - Duplicate found for 96115c3d-478b-49a2-b912-9e5f7ebd2a0a_25857784_MKR on 2025-01-27 00:00:00. Skipping.
2025-01-30 14:14:29,131 - INFO - Duplicate found for ad8e8ab7-bc0c-4c82-b31a-70540dfcb8c8_25858174_MKR on 2025-01-27 00:00:00. Skipping.
2025-01-30 14:14:29,131 - INFO - Duplicate found for c54d3676-eb43-466e-9e44-6e20cd6802ec_25428655_MKR on 2025-01-27 00:00:00. Skipping.
2025-01-30 14:14:29,144 - INFO - Duplicate found for 26c5fe9f-550c-4a24-92fd-04601f2b8121_25784458_MKR on 2025-01-27 00:00:00. Skipping.
2025-01-30 14:14:29,144 - INFO - Duplicate found for 1597079_110558045_RLX on 2025-01-27 00:00:00. Skipping.
2025-01-30 14:14:29,144 - INFO - Duplicate found for a0a01ad4-9038-49df-95dd-cce91cfd915a_25860149_MKR on 2025-01-27 00:00:00. Skipping.
2025-01-30 14:14:29,144 - INFO - Duplicate found for 7eeb65a2-5e15-4fa6-ba01-f3c6ba79f007_25859762_MKR on 2025-01-27 00:00:00. Skipping.
2025-01-30 14:14:29,144 - INFO - Duplicate found for 27e007b8-28fd-43b1-925d-7272278fa86a_25792804_MKR on 2025-01-27 00:00:00. Skipping.
2025-01-30 14:14:29,160 - INFO - Duplicate found for b03a48c5-7eb0-4a7e-84a8-273dcc480778_25860285_MKR on 2025-01-27 00:00:00. Skipping.
2025-01-30 14:14:29,160 - INFO - Duplicate found for 88d32bde-09c9-404d-a3a5-d2fe9676850e_25860683_MKR on 2025-01-27 00:00:00. Skipping.
2025-01-30 14:14:29,160 - INFO - Duplicate found for e0af3176-787e-4687-b6f7-54576bdac04d_25861181_MKR on 2025-01-27 00:00:00. Skipping.
2025-01-30 14:14:29,160 - INFO - Duplicate found for 174f83dd-cae1-4973-92a1-60019c1cdee6_25861476_MKR on 2025-01-27 00:00:00. Skipping.
2025-01-30 14:14:29,160 - INFO - Duplicate found for bcacbbf9-5737-41f4-b48e-30e3dfea4428_25861511_MKR on 2025-01-27 00:00:00. Skipping.
2025-01-30 14:14:29,160 - INFO - Duplicate found for 9ec5fb13-cf3b-4324-9881-7f3a8c25b57b_25861648_MKR on 2025-01-27 00:00:00. Skipping.
2025-01-30 14:14:29,175 - INFO - Duplicate found for 8532542_25860502_MKR on 2025-01-27 00:00:00. Skipping.
2025-01-30 14:14:29,175 - INFO - Duplicate found for 9e6bcdf5-f027-4639-81a5-ca8602703b7e_25862373_MKR on 2025-01-27 00:00:00. Skipping.
2025-01-30 14:14:29,175 - INFO - Duplicate found for 200835d5-8e2a-49fb-93ed-450422ce1480_25606752_MKR on 2025-01-27 00:00:00. Skipping.
2025-01-30 14:14:29,175 - INFO - Duplicate found for NK-23521016_18268952_MKR on 2025-01-27 00:00:00. Skipping.
2025-01-30 14:14:29,175 - INFO - Duplicate found for 122262449_5743717_RLX on 2025-01-27 00:00:00. Skipping.
2025-01-30 14:14:29,175 - INFO - Duplicate found for 851608_111409787_RLX on 2025-01-27 00:00:00. Skipping.
2025-01-30 14:14:29,191 - INFO - Duplicate found for 2081669_111464865_RLX on 2025-01-27 00:00:00. Skipping.
2025-01-30 14:14:29,191 - INFO - Duplicate found for NK-24240029_31005054_MKR on 2025-01-27 00:00:00. Skipping.
2025-01-30 14:14:29,191 - INFO - Duplicate found for b01f5a73-bc65-4353-8cd0-133b748fa1f2_25865214_MKR on 2025-01-27 00:00:00. Skipping.
2025-01-30 14:14:29,191 - INFO - Duplicate found for 11a4d694-2a2f-4853-af96-4731bbb0252d_25865877_MKR on 2025-01-27 00:00:00. Skipping.
2025-01-30 14:14:29,191 - INFO - Duplicate found for e7cf6e2f-0b60-4537-8341-0efdf568227e_25866039_MKR on 2025-01-27 00:00:00. Skipping.
2025-01-30 14:14:29,207 - INFO - Duplicate found for NK-24242396_31009763_MKR on 2025-01-27 00:00:00. Skipping.
2025-01-30 14:14:29,207 - INFO - Duplicate found for 21c60f9c-d0fa-42c7-841c-393d1de31cdb_25865967_MKR on 2025-01-27 00:00:00. Skipping.
2025-01-30 14:14:29,207 - INFO - Duplicate found for 884974_110492239_RLX on 2025-01-27 00:00:00. Skipping.
2025-01-30 14:14:29,207 - INFO - Duplicate found for 4685a143-9368-4626-a257-d04b5f57dd57_25857317_MKR on 2025-01-27 00:00:00. Skipping.
2025-01-30 14:14:29,220 - INFO - Duplicate found for 5b885270-17e4-47cc-ba65-98814cc64372_25725680_MKR on 2025-01-27 00:00:00. Skipping.
2025-01-30 14:14:29,223 - INFO - Duplicate found for NK-20968994_14592938_MKR on 2025-01-27 00:00:00. Skipping.
2025-01-30 14:14:29,223 - INFO - Duplicate found for 8507e5dd-93c8-4f57-bf3f-7efa0c7acf94_25867467_MKR on 2025-01-27 00:00:00. Skipping.
2025-01-30 14:14:29,223 - INFO - Duplicate found for 971456_110893584_RLX on 2025-01-27 00:00:00. Skipping.
2025-01-30 14:14:29,231 - INFO - Duplicate found for NK-21996338_16166136_MKR on 2025-01-27 00:00:00. Skipping.
2025-01-30 14:14:29,231 - INFO - Duplicate found for NK-24242666_31010987_MKR on 2025-01-27 00:00:00. Skipping.
2025-01-30 14:14:29,239 - INFO - Duplicate found for 0a619b02-3e44-434b-a32f-562147f5deee_25870073_MKR on 2025-01-27 00:00:00. Skipping.
2025-01-30 14:14:29,239 - INFO - Duplicate found for 898781_111442948_RLX on 2025-01-27 00:00:00. Skipping.
2025-01-30 14:14:29,239 - INFO - Duplicate found for 730144_111063395_RLX on 2025-01-27 00:00:00. Skipping.
2025-01-30 14:14:29,239 - INFO - Duplicate found for NK-24242726_31011150_MKR on 2025-01-27 00:00:00. Skipping.
2025-01-30 14:14:29,239 - INFO - Duplicate found for 64da1d87-c5b9-4450-a8fc-5cdc6e0bc71e_25782960_MKR on 2025-01-27 00:00:00. Skipping.
2025-01-30 14:14:29,239 - INFO - Duplicate found for NK-24242729_31011156_MKR on 2025-01-27 00:00:00. Skipping.
2025-01-30 14:14:29,255 - INFO - Duplicate found for NK-24242756_31011300_MKR on 2025-01-27 00:00:00. Skipping.
2025-01-30 14:14:29,255 - INFO - Duplicate found for NK-24241052_31006836_MKR on 2025-01-27 00:00:00. Skipping.
2025-01-30 14:14:29,259 - INFO - Duplicate found for be44ce6f-ada7-42fb-98c7-007f4b403271_25874031_MKR on 2025-01-27 00:00:00. Skipping.
2025-01-30 14:14:29,259 - INFO - Duplicate found for c7886db5-eecf-476f-8780-181d05c69a5e_25874325_MKR on 2025-01-27 00:00:00. Skipping.
2025-01-30 14:14:29,259 - INFO - Duplicate found for cd359463-d86f-4058-8c2e-b201015596db_25869132_MKR on 2025-01-27 00:00:00. Skipping.
2025-01-30 14:14:29,259 - INFO - Duplicate found for 1288214_111469381_RLX on 2025-01-27 00:00:00. Skipping.
2025-01-30 14:14:29,271 - INFO - Duplicate found for 16802809_20003930422_RLX on 2025-01-27 00:00:00. Skipping.
2025-01-30 14:14:29,271 - INFO - Duplicate found for 13403974_20003900792_RLX on 2025-01-27 00:00:00. Skipping.
2025-01-30 14:14:29,271 - INFO - Duplicate found for 21958975_20005925239_RLX on 2025-01-27 00:00:00. Skipping.
2025-01-30 14:14:29,271 - INFO - Duplicate found for 6730657_20000624988_RLX on 2025-01-27 00:00:00. Skipping.
2025-01-30 14:14:29,271 - INFO - Duplicate found for 9905338_20001485440_RLX on 2025-01-27 00:00:00. Skipping.
2025-01-30 14:14:29,287 - INFO - Duplicate found for 25198907_20007269142_RLX on 2025-01-27 00:00:00. Skipping.
2025-01-30 14:14:29,287 - INFO - Duplicate found for 121186267_4456021_DGT on 2025-01-27 00:00:00. Skipping.
2025-01-30 14:14:29,287 - INFO - Duplicate found for 28901789_20009453884_RLX on 2025-01-27 00:00:00. Skipping.
2025-01-30 14:14:29,287 - INFO - Duplicate found for 632315415_LKR_632315415_LKR_B2B on 2025-01-27 00:00:00. Skipping.
2025-01-30 14:14:29,287 - INFO - Duplicate found for 28607053_20009271605_RLX on 2025-01-27 00:00:00. Skipping.
2025-01-30 14:14:29,287 - INFO - Duplicate found for 35301750_20017417081_RLX on 2025-01-27 00:00:00. Skipping.
2025-01-30 14:14:29,303 - INFO - Duplicate found for cu5s71lovzhz64_20019469854_RLX on 2025-01-27 00:00:00. Skipping.
2025-01-30 14:14:29,303 - INFO - Duplicate found for Elmashafriyat14_18729200_2005_MAEMXOP on 2025-01-27 00:00:00. Skipping.
2025-01-30 14:14:29,303 - INFO - Duplicate found for 30089837_20010156307_RLX on 2025-01-27 00:00:00. Skipping.
2025-01-30 14:14:29,303 - INFO - Duplicate found for Sooner81_8673013_DGT on 2025-01-27 00:00:00. Skipping.
2025-01-30 14:14:29,303 - INFO - Duplicate found for 39685493_20022136347_RLX on 2025-01-27 00:00:00. Skipping.
2025-01-30 14:14:29,303 - INFO - Duplicate found for 46qyevw1lrq1bbdz_20022929621_RLX on 2025-01-27 00:00:00. Skipping.
2025-01-30 14:14:29,319 - INFO - Duplicate found for 420592141_USD_420592141_USD_B2B on 2025-01-27 00:00:00. Skipping.
2025-01-30 14:14:29,319 - INFO - Duplicate found for 17847593_20005735568_RLX on 2025-01-27 00:00:00. Skipping.
2025-01-30 14:14:29,319 - INFO - Duplicate found for 36140626_20020345084_RLX on 2025-01-27 00:00:00. Skipping.
2025-01-30 14:14:29,319 - INFO - Duplicate found for Erdalkara_10634068_DGT on 2025-01-27 00:00:00. Skipping.
2025-01-30 14:14:29,331 - INFO - Duplicate found for 3xp6y1lnlqks1q_20018043448_RLX on 2025-01-27 00:00:00. Skipping.
2025-01-30 14:14:29,331 - INFO - Duplicate found for 40724545_20024695189_RLX on 2025-01-27 00:00:00. Skipping.
2025-01-30 14:14:29,335 - INFO - Duplicate found for 42122293_20024405124_RLX on 2025-01-27 00:00:00. Skipping.
2025-01-30 14:14:29,335 - INFO - Duplicate found for wbuyr1luy4gix7_20026784025_RLX on 2025-01-27 00:00:00. Skipping.
2025-01-30 14:14:29,335 - INFO - Duplicate found for 34529966_20017014800_RLX on 2025-01-27 00:00:00. Skipping.
2025-01-30 14:14:29,335 - INFO - Duplicate found for 34165398_20015434558_RLX on 2025-01-27 00:00:00. Skipping.
2025-01-30 14:14:29,335 - INFO - Duplicate found for Atike66_20577677_DGT on 2025-01-27 00:00:00. Skipping.
2025-01-30 14:14:29,335 - INFO - Duplicate found for 632763209_RUB_632763209_RUB_B2B on 2025-01-27 00:00:00. Skipping.
2025-01-30 14:14:29,351 - INFO - Duplicate found for 01J1Y54DEQV3N6XX94B4H7RC9A_23501158_DGT on 2025-01-27 00:00:00. Skipping.
2025-01-30 14:14:29,351 - INFO - Duplicate found for oir1lsbpbv1v_20024130791_RLX on 2025-01-27 00:00:00. Skipping.
2025-01-30 14:14:29,351 - INFO - Duplicate found for 39291565_20021637523_RLX on 2025-01-27 00:00:00. Skipping.
2025-01-30 14:14:29,351 - INFO - Duplicate found for 944335053_PHP_944335053_PHP_B2B on 2025-01-27 00:00:00. Skipping.
2025-01-30 14:14:29,351 - INFO - Duplicate found for 48fpw1m0yn0o5a_20030512692_RLX on 2025-01-27 00:00:00. Skipping.
2025-01-30 14:14:29,367 - INFO - Duplicate found for 977539779_MAD_977539779_MAD_B2B on 2025-01-27 00:00:00. Skipping.
2025-01-30 14:14:29,367 - INFO - Duplicate found for 4asht1lzq5avjt_20030238388_RLX on 2025-01-27 00:00:00. Skipping.
2025-01-30 14:14:29,367 - INFO - Duplicate found for 9721f6cf-1112-3348-a42f-48fd384dce3a_9721f6cf-1112-3348-a42f-48fd384dce3a_ALE on 2025-01-27 00:00:00. Skipping.
2025-01-30 14:14:29,367 - INFO - Duplicate found for 49641189_20029512537_RLX on 2025-01-27 00:00:00. Skipping.
2025-01-30 14:14:29,367 - INFO - Duplicate found for 38636054_20020905765_RLX on 2025-01-27 00:00:00. Skipping.
2025-01-30 14:14:29,367 - INFO - Duplicate found for 33tl1m2dpqeuk_20031230648_RLX on 2025-01-27 00:00:00. Skipping.
2025-01-30 14:14:29,383 - INFO - Duplicate found for 112vhj1m19gysnm_20031557732_RLX on 2025-01-27 00:00:00. Skipping.
2025-01-30 14:14:29,383 - INFO - Duplicate found for 52549382_20031304072_RLX on 2025-01-27 00:00:00. Skipping.
2025-01-30 14:14:29,383 - INFO - Duplicate found for mvp_194289980_bse_mvp_194289980_bse_PRM on 2025-01-27 00:00:00. Skipping.
2025-01-30 14:14:29,383 - INFO - Duplicate found for 2sc2d3k1m1saa408_20030914466_RLX on 2025-01-27 00:00:00. Skipping.
2025-01-30 14:14:29,383 - INFO - Duplicate found for 01HVHHFHWQ91D953ZHV1Q60YP4_29777421_DGT on 2025-01-27 00:00:00. Skipping.
2025-01-30 14:14:29,383 - INFO - Duplicate found for 53511213_20031841419_RLX on 2025-01-27 00:00:00. Skipping.
2025-01-30 14:14:29,399 - INFO - Duplicate found for vt1hi1m3m1eu96_20031845515_RLX on 2025-01-27 00:00:00. Skipping.
2025-01-30 14:14:29,399 - INFO - Duplicate found for 134157_SC._60004449440_RLX on 2025-01-27 00:00:00. Skipping.
2025-01-30 14:14:29,399 - INFO - Duplicate found for 53618665_20031905182_RLX on 2025-01-27 00:00:00. Skipping.
2025-01-30 14:14:29,399 - INFO - Duplicate found for c63c61m3thwi5g_20031915369_RLX on 2025-01-27 00:00:00. Skipping.
2025-01-30 14:14:29,399 - INFO - Duplicate found for 11h8at1luheh1pz_20030492553_RLX on 2025-01-27 00:00:00. Skipping.
2025-01-30 14:14:29,415 - INFO - Duplicate found for 50568_SC._60002707749_RLX on 2025-01-27 00:00:00. Skipping.
2025-01-30 14:14:29,415 - INFO - Duplicate found for 49463_SC._60002821391_RLX on 2025-01-27 00:00:00. Skipping.
2025-01-30 14:14:29,415 - INFO - Duplicate found for 153235_SC._60004635912_RLX on 2025-01-27 00:00:00. Skipping.
2025-01-30 14:14:29,415 - INFO - Duplicate found for j221m3t0ux5w_20031979071_RLX on 2025-01-27 00:00:00. Skipping.
2025-01-30 14:14:29,415 - INFO - Duplicate found for bvom11m1cmlw9w_20030923954_RLX on 2025-01-27 00:00:00. Skipping.
2025-01-30 14:14:29,415 - INFO - Duplicate found for c9qb31m42oy226_20032025815_RLX on 2025-01-27 00:00:00. Skipping.
2025-01-30 14:14:29,431 - INFO - Duplicate found for 2jgge1m00soh2o_20029949036_RLX on 2025-01-27 00:00:00. Skipping.
2025-01-30 14:14:29,431 - INFO - Duplicate found for 73101_SC._60003480825_RLX on 2025-01-27 00:00:00. Skipping.
2025-01-30 14:14:29,431 - INFO - Duplicate found for 18gec51m1naxywp_20030854378_RLX on 2025-01-27 00:00:00. Skipping.
2025-01-30 14:14:29,431 - INFO - Duplicate found for 36335986_20018806379_RLX on 2025-01-27 00:00:00. Skipping.
2025-01-30 14:14:29,431 - INFO - Duplicate found for 25196327_20007416947_RLX on 2025-01-27 00:00:00. Skipping.
2025-01-30 14:14:29,431 - INFO - Duplicate found for 34978_SC._60002653889_RLX on 2025-01-27 00:00:00. Skipping.
2025-01-30 14:14:29,431 - INFO - Duplicate found for 13jfoq1m21ul2ep_20031105042_RLX on 2025-01-27 00:00:00. Skipping.
2025-01-30 14:14:29,446 - INFO - Duplicate found for 105250_SC._60003835435_RLX on 2025-01-27 00:00:00. Skipping.
2025-01-30 14:14:29,446 - INFO - Duplicate found for arkk5y1m4lkl7n1_20032252154_RLX on 2025-01-27 00:00:00. Skipping.
2025-01-30 14:14:29,446 - INFO - Duplicate found for 207064_SC._60005671392_RLX on 2025-01-27 00:00:00. Skipping.
2025-01-30 14:14:29,446 - INFO - Duplicate found for 44124009_20026344033_RLX on 2025-01-27 00:00:00. Skipping.
2025-01-30 14:14:29,446 - INFO - Duplicate found for 31090_SC._60002734105_RLX on 2025-01-27 00:00:00. Skipping.
2025-01-30 14:14:29,446 - INFO - Duplicate found for 211252_SC._60005927826_RLX on 2025-01-27 00:00:00. Skipping.
2025-01-30 14:14:29,446 - INFO - Duplicate found for 8xupab1m33lgxf4_20031571482_RLX on 2025-01-27 00:00:00. Skipping.
2025-01-30 14:14:29,446 - INFO - Duplicate found for 7518894_20032538967_RLX on 2025-01-27 00:00:00. Skipping.
2025-01-30 14:14:29,462 - INFO - Duplicate found for 8a995ad1-9839-3e96-a827-77147f1d54dd_8a995ad1-9839-3e96-a827-77147f1d54dd_ALE on 2025-01-27 00:00:00. Skipping.
2025-01-30 14:14:29,462 - INFO - Duplicate found for d5bhz1m4ioj82i_20032265115_RLX on 2025-01-27 00:00:00. Skipping.
2025-01-30 14:14:29,462 - INFO - Duplicate found for m2u1m56gaat4_20032547181_RLX on 2025-01-27 00:00:00. Skipping.
2025-01-30 14:14:29,462 - INFO - Duplicate found for cll8uw1m50t0dbw_20032534783_RLX on 2025-01-27 00:00:00. Skipping.
2025-01-30 14:14:29,462 - INFO - Duplicate found for fcdwq31m4q671o5_20032366141_RLX on 2025-01-27 00:00:00. Skipping.
2025-01-30 14:14:29,462 - INFO - Duplicate found for 220745_SC._60006028442_RLX on 2025-01-27 00:00:00. Skipping.
2025-01-30 14:14:29,462 - INFO - Duplicate found for 476668006_19978832_DGT on 2025-01-27 00:00:00. Skipping.
2025-01-30 14:14:29,478 - INFO - Duplicate found for dfrt1m4q4rv9q_20032308522_RLX on 2025-01-27 00:00:00. Skipping.
2025-01-30 14:14:29,478 - INFO - Duplicate found for jsnr1m4cny0nl_20032147127_RLX on 2025-01-27 00:00:00. Skipping.
2025-01-30 14:14:29,478 - INFO - Duplicate found for cqqun1m5e5ywjl_20032646521_RLX on 2025-01-27 00:00:00. Skipping.
2025-01-30 14:14:29,478 - INFO - Duplicate found for 4s55rz1m4jyllw2_20032384772_RLX on 2025-01-27 00:00:00. Skipping.
2025-01-30 14:14:29,478 - INFO - Duplicate found for 3tlmb1m3rx63v9_20031945398_RLX on 2025-01-27 00:00:00. Skipping.
2025-01-30 14:14:29,478 - INFO - Duplicate found for 310nvdw1m5for56g_20032664864_RLX on 2025-01-27 00:00:00. Skipping.
2025-01-30 14:14:29,478 - INFO - Duplicate found for dsij01m5efy69a_20032651064_RLX on 2025-01-27 00:00:00. Skipping.
2025-01-30 14:14:29,478 - INFO - Duplicate found for 11d4bw1m4u49p7c_20032685785_RLX on 2025-01-27 00:00:00. Skipping.
2025-01-30 14:14:29,494 - INFO - Duplicate found for 1037654219_XOF_1037654219_XOF_B2B on 2025-01-27 00:00:00. Skipping.
2025-01-30 14:14:29,494 - INFO - Duplicate found for 137838_SC._60004723836_RLX on 2025-01-27 00:00:00. Skipping.
2025-01-30 14:14:29,494 - INFO - Duplicate found for 225240_SC._60006169054_RLX on 2025-01-27 00:00:00. Skipping.
2025-01-30 14:14:29,494 - INFO - Duplicate found for 225694_GC._60006188280_RLX on 2025-01-27 00:00:00. Skipping.
2025-01-30 14:14:29,494 - INFO - Duplicate found for s3tvhk1m5in3led_20032716563_RLX on 2025-01-27 00:00:00. Skipping.
2025-01-30 14:14:29,494 - INFO - Duplicate found for bj3s1m5119n7j_20032532863_RLX on 2025-01-27 00:00:00. Skipping.
2025-01-30 14:14:29,494 - INFO - Duplicate found for 4t131m5pmth38_20032778410_RLX on 2025-01-27 00:00:00. Skipping.
2025-01-30 14:14:29,510 - INFO - Duplicate found for 1080387917_XOF_1080387917_XOF_B2B on 2025-01-27 00:00:00. Skipping.
2025-01-30 14:14:29,510 - INFO - Duplicate found for 115898_SC._60006300729_RLX on 2025-01-27 00:00:00. Skipping.
2025-01-30 14:14:29,510 - INFO - Duplicate found for 220291_SC._60006025055_RLX on 2025-01-27 00:00:00. Skipping.
2025-01-30 14:14:29,510 - INFO - Duplicate found for 3ud6w1m5tn8mbo_20032831792_RLX on 2025-01-27 00:00:00. Skipping.
2025-01-30 14:14:29,520 - INFO - Duplicate found for fprr1m5wkll48_20032861356_RLX on 2025-01-27 00:00:00. Skipping.
2025-01-30 14:14:29,520 - INFO - Duplicate found for 6080806_33655173_DGT on 2025-01-27 00:00:00. Skipping.
2025-01-30 14:14:29,526 - INFO - Duplicate found for 4jk0a1lylk4quq_20030705798_RLX on 2025-01-27 00:00:00. Skipping.
2025-01-30 14:14:29,526 - INFO - Duplicate found for mvp_735762308_erq_mvp_735762308_erq_PRM on 2025-01-27 00:00:00. Skipping.
2025-01-30 14:14:29,531 - INFO - Duplicate found for dlio1m61f5dbt_20032938168_RLX on 2025-01-27 00:00:00. Skipping.
2025-01-30 14:14:29,531 - INFO - Duplicate found for 55003397_20032939292_RLX on 2025-01-27 00:00:00. Skipping.
2025-01-30 14:14:29,531 - INFO - Duplicate found for eja01m49oux06_20032940142_RLX on 2025-01-27 00:00:00. Skipping.
2025-01-30 14:14:29,541 - INFO - Duplicate found for 2ah1m5yeuum7_20032932763_RLX on 2025-01-27 00:00:00. Skipping.
2025-01-30 14:14:29,541 - INFO - Duplicate found for 556s1m1100krn_20030518564_RLX on 2025-01-27 00:00:00. Skipping.
2025-01-30 14:14:29,541 - INFO - Duplicate found for 114671_SC._60005009778_RLX on 2025-01-27 00:00:00. Skipping.
2025-01-30 14:14:29,541 - INFO - Duplicate found for 239969_SC._60006616389_RLX on 2025-01-27 00:00:00. Skipping.
2025-01-30 14:14:29,541 - INFO - Duplicate found for 240108_SC._60006620356_RLX on 2025-01-27 00:00:00. Skipping.
2025-01-30 14:14:29,541 - INFO - Duplicate found for oduzv1m5wvnxn3_20032867999_RLX on 2025-01-27 00:00:00. Skipping.
2025-01-30 14:14:29,557 - INFO - Duplicate found for eb747j1m6511ils_20032985108_RLX on 2025-01-27 00:00:00. Skipping.
2025-01-30 14:14:29,557 - INFO - Duplicate found for 44709425_20026987095_RLX on 2025-01-27 00:00:00. Skipping.
2025-01-30 14:14:29,557 - INFO - Duplicate found for 405greygoose_WOWV-7427407-WOC_GTH on 2025-01-27 00:00:00. Skipping.
2025-01-30 14:14:29,557 - INFO - Duplicate found for 1rb1m5i192nk_20032689366_RLX on 2025-01-27 00:00:00. Skipping.
2025-01-30 14:14:29,557 - INFO - Duplicate found for 549p1m654bprn_20032986497_RLX on 2025-01-27 00:00:00. Skipping.
2025-01-30 14:14:29,557 - INFO - Duplicate found for 41349517_20024830933_RLX on 2025-01-27 00:00:00. Skipping.
2025-01-30 14:14:29,557 - INFO - Duplicate found for 572418627_572418627_BTC on 2025-01-27 00:00:00. Skipping.
2025-01-30 14:14:29,573 - INFO - Duplicate found for fybn21m6asynxh_20033054629_RLX on 2025-01-27 00:00:00. Skipping.
2025-01-30 14:14:29,573 - INFO - Duplicate found for Cowboyz25_WOWV-5791968-WOC_GTH on 2025-01-27 00:00:00. Skipping.
2025-01-30 14:14:29,573 - INFO - Duplicate found for 1so1m69u2j1f_20033040909_RLX on 2025-01-27 00:00:00. Skipping.
2025-01-30 14:14:29,573 - INFO - Duplicate found for BethlashhiQ77_WOWV-4225581-WOC_GTH on 2025-01-27 00:00:00. Skipping.
2025-01-30 14:14:29,573 - INFO - Duplicate found for Jessiegirl2010_WOWV-3292831-WOC_GTH on 2025-01-27 00:00:00. Skipping.
2025-01-30 14:14:29,573 - INFO - Duplicate found for ekyf1m6atsl0v_20033053501_RLX on 2025-01-27 00:00:00. Skipping.
2025-01-30 14:14:29,573 - INFO - Duplicate found for thebigo216_WOWV-4624792-VBC_GTH on 2025-01-27 00:00:00. Skipping.
2025-01-30 14:14:29,573 - INFO - Duplicate found for a4fthr1lvkv11o2_20026874361_RLX on 2025-01-27 00:00:00. Skipping.
2025-01-30 14:14:29,589 - INFO - Duplicate found for 46478229_20027803003_RLX on 2025-01-27 00:00:00. Skipping.
2025-01-30 14:14:29,589 - INFO - Duplicate found for 1ee5cv1m6b1tu2o_20033069397_RLX on 2025-01-27 00:00:00. Skipping.
2025-01-30 14:14:29,589 - INFO - Duplicate found for mfm1m509z544_20032543761_RLX on 2025-01-27 00:00:00. Skipping.
2025-01-30 14:14:29,589 - INFO - Duplicate found for h9val1m6d1apdz_20033081661_RLX on 2025-01-27 00:00:00. Skipping.
2025-01-30 14:14:29,589 - INFO - Duplicate found for 2ew9n1lz5j0lv4_20029426100_RLX on 2025-01-27 00:00:00. Skipping.
2025-01-30 14:14:29,589 - INFO - Duplicate found for 5qpi1m6dlkkwy_20033086921_RLX on 2025-01-27 00:00:00. Skipping.
2025-01-30 14:14:29,589 - INFO - Duplicate found for fybn21m6di2egq_20033089152_RLX on 2025-01-27 00:00:00. Skipping.
2025-01-30 14:14:29,589 - INFO - Duplicate found for 46snb1m51allk1_20032467190_RLX on 2025-01-27 00:00:00. Skipping.
2025-01-30 14:14:29,605 - INFO - Duplicate found for 55046629_20033093951_RLX on 2025-01-27 00:00:00. Skipping.
2025-01-30 14:14:29,605 - INFO - Duplicate found for 8p0foe1m1qhatpe_20033097337_RLX on 2025-01-27 00:00:00. Skipping.
2025-01-30 14:14:29,605 - INFO - Duplicate found for 6al1m6eaoydq_20033097659_RLX on 2025-01-27 00:00:00. Skipping.
2025-01-30 14:14:29,605 - INFO - Duplicate found for 54818257_20032899595_RLX on 2025-01-27 00:00:00. Skipping.
2025-01-30 14:14:29,605 - INFO - Duplicate found for 4boja1m6ecoeju_20033098020_RLX on 2025-01-27 00:00:00. Skipping.
2025-01-30 14:14:29,605 - INFO - Duplicate found for 9zteef1m6e6omjz_20033098405_RLX on 2025-01-27 00:00:00. Skipping.
2025-01-30 14:14:29,605 - INFO - Duplicate found for 30zh21m2uzwqbl_20032853480_RLX on 2025-01-27 00:00:00. Skipping.
2025-01-30 14:14:29,605 - INFO - Duplicate found for 55180141_20033082341_RLX on 2025-01-27 00:00:00. Skipping.
2025-01-30 14:14:29,621 - INFO - Duplicate found for 4377nt51lyld2ekn_20029015849_RLX on 2025-01-27 00:00:00. Skipping.
2025-01-30 14:14:29,621 - INFO - Duplicate found for KrisNic_WOWV-2602831-WOC_GTH on 2025-01-27 00:00:00. Skipping.
2025-01-30 14:14:29,621 - INFO - Duplicate found for 1129667511_UZS_1129667511_UZS_B2B on 2025-01-27 00:00:00. Skipping.
2025-01-30 14:14:29,621 - INFO - Duplicate found for 12mzvr1m5isgfx2_20032699451_RLX on 2025-01-27 00:00:00. Skipping.
2025-01-30 14:14:29,621 - INFO - Duplicate found for 202672_GC._60006767155_RLX on 2025-01-27 00:00:00. Skipping.
2025-01-30 14:14:29,632 - INFO - Duplicate found for fdbqlp1m3u3ecxo_20031922942_RLX on 2025-01-27 00:00:00. Skipping.
2025-01-30 14:14:29,632 - INFO - Duplicate found for 245472_SC._60006769329_RLX on 2025-01-27 00:00:00. Skipping.
2025-01-30 14:14:29,632 - INFO - Duplicate found for 150375_SC._60004720714_RLX on 2025-01-27 00:00:00. Skipping.
2025-01-30 14:14:29,637 - INFO - Duplicate found for 245818_SC._60006770666_RLX on 2025-01-27 00:00:00. Skipping.
2025-01-30 14:14:29,637 - INFO - Duplicate found for 797433543_ARS_797433543_ARS_B2B on 2025-01-27 00:00:00. Skipping.
2025-01-30 14:14:29,637 - INFO - Duplicate found for 245712_SC._60006772246_RLX on 2025-01-27 00:00:00. Skipping.
2025-01-30 14:14:29,637 - INFO - Duplicate found for 55232393_20033102008_RLX on 2025-01-27 00:00:00. Skipping.
2025-01-30 14:14:29,637 - INFO - Duplicate found for 1133401957_UZS_1133401957_UZS_B2B on 2025-01-27 00:00:00. Skipping.
2025-01-30 14:14:29,637 - INFO - Duplicate found for 245934_GC._60006773324_RLX on 2025-01-27 00:00:00. Skipping.
2025-01-30 14:14:29,637 - INFO - Duplicate found for cohtkl1m6ewas8f_20033102266_RLX on 2025-01-27 00:00:00. Skipping.
2025-01-30 14:14:29,653 - INFO - Duplicate found for xsty5t1lxbmcc00_20028126350_RLX on 2025-01-27 00:00:00. Skipping.
2025-01-30 14:14:29,653 - INFO - Duplicate found for 579218831_30466337_DGT on 2025-01-27 00:00:00. Skipping.
2025-01-30 14:14:29,653 - INFO - Duplicate found for 5qbv31m6ezqqi4_20033103740_RLX on 2025-01-27 00:00:00. Skipping.
2025-01-30 14:14:29,653 - INFO - Duplicate found for e7k8n1m5zoc67z_20033103839_RLX on 2025-01-27 00:00:00. Skipping.
2025-01-30 14:14:29,653 - INFO - Duplicate found for 162236_SC._60004767389_RLX on 2025-01-27 00:00:00. Skipping.
2025-01-30 14:14:29,653 - INFO - Duplicate found for 3n6tl1m48kmbuj_20032093501_RLX on 2025-01-27 00:00:00. Skipping.
2025-01-30 14:14:29,653 - INFO - Duplicate found for 10iy3g1m37s3cde_20033104567_RLX on 2025-01-27 00:00:00. Skipping.
2025-01-30 14:14:29,669 - INFO - Duplicate found for Onlytm1_WOWV-1804246-WOC_GTH on 2025-01-27 00:00:00. Skipping.
2025-01-30 14:14:29,669 - INFO - Duplicate found for 1133258609_RUB_1133258609_RUB_B2B on 2025-01-27 00:00:00. Skipping.
2025-01-30 14:14:29,669 - INFO - Duplicate found for j3xb1m6dzqux4_20033105540_RLX on 2025-01-27 00:00:00. Skipping.
2025-01-30 14:14:29,669 - INFO - Duplicate found for cg_94585818_cg_94585818_HUB on 2025-01-27 00:00:00. Skipping.
2025-01-30 14:14:29,669 - INFO - Duplicate found for 958014955_ARS_958014955_ARS_B2B on 2025-01-27 00:00:00. Skipping.
2025-01-30 14:14:29,669 - INFO - Duplicate found for 4itr1s1m686hkgb_20033080103_RLX on 2025-01-27 00:00:00. Skipping.
2025-01-30 14:14:29,669 - INFO - Duplicate found for 55241661_20033107278_RLX on 2025-01-27 00:00:00. Skipping.
2025-01-30 14:14:29,669 - INFO - Duplicate found for emrey11m0o6dhly_20030309363_RLX on 2025-01-27 00:00:00. Skipping.
2025-01-30 14:14:29,669 - INFO - Duplicate found for 37280238_20032816804_RLX on 2025-01-27 00:00:00. Skipping.
2025-01-30 14:14:29,686 - INFO - Duplicate found for 1cva81lvi0s9lm_20032392102_RLX on 2025-01-27 00:00:00. Skipping.
2025-01-30 14:14:29,686 - INFO - Duplicate found for l5p1m2kobsp4_20032117588_RLX on 2025-01-27 00:00:00. Skipping.
2025-01-30 14:14:29,686 - INFO - Duplicate found for b1xc4v1m5ppu1ie_20032846920_RLX on 2025-01-27 00:00:00. Skipping.
2025-01-30 14:14:29,686 - INFO - Duplicate found for ae594w1lz5tpsgu_20029411888_RLX on 2025-01-27 00:00:00. Skipping.
2025-01-30 14:14:29,686 - INFO - Duplicate found for Julygail_WOWV-1367052-WOC_GTH on 2025-01-27 00:00:00. Skipping.
2025-01-30 14:14:29,686 - INFO - Duplicate found for 38609730_20020945798_RLX on 2025-01-27 00:00:00. Skipping.
2025-01-30 14:14:29,686 - INFO - Duplicate found for 4lmgc71m20jj5b9_20031021583_RLX on 2025-01-27 00:00:00. Skipping.
2025-01-30 14:14:29,686 - INFO - Duplicate found for 3sdsz1m505ccme_20033108962_RLX on 2025-01-27 00:00:00. Skipping.
2025-01-30 14:14:29,702 - INFO - Duplicate found for 45332069_20027176022_RLX on 2025-01-27 00:00:00. Skipping.
2025-01-30 14:14:29,702 - INFO - Duplicate found for 3saea1lzx3drtv_20032475295_RLX on 2025-01-27 00:00:00. Skipping.
2025-01-30 14:14:29,702 - INFO - Duplicate found for 1dxic1m3ooxoc1_20032852653_RLX on 2025-01-27 00:00:00. Skipping.
2025-01-30 14:14:29,702 - INFO - Duplicate found for 1xaff1lzx5rjng_20030336084_RLX on 2025-01-27 00:00:00. Skipping.
2025-01-30 14:14:29,702 - INFO - Duplicate found for 55245709_20033109695_RLX on 2025-01-27 00:00:00. Skipping.
2025-01-30 14:14:29,702 - INFO - Duplicate found for 355a21m6fjglcg_20033110712_RLX on 2025-01-27 00:00:00. Skipping.
2025-01-30 14:14:29,702 - INFO - Duplicate found for 6kuth1lt4sz3nq_20024519902_RLX on 2025-01-27 00:00:00. Skipping.
2025-01-30 14:14:29,702 - INFO - Duplicate found for 39874077_20033110601_RLX on 2025-01-27 00:00:00. Skipping.
2025-01-30 14:14:29,718 - INFO - Duplicate found for dse41m5vlxy9o_20033025372_RLX on 2025-01-27 00:00:00. Skipping.
2025-01-30 14:14:29,718 - INFO - Duplicate found for Samet1461_3530191_DGT on 2025-01-27 00:00:00. Skipping.
2025-01-30 14:14:29,718 - INFO - Duplicate found for 68jl1m5yby0yf_20033111370_RLX on 2025-01-27 00:00:00. Skipping.
2025-01-30 14:14:29,718 - INFO - Duplicate found for 46220337_20027661124_RLX on 2025-01-27 00:00:00. Skipping.
2025-01-30 14:14:29,718 - INFO - Duplicate found for 2raot1m6fm0u3i_20033111659_RLX on 2025-01-27 00:00:00. Skipping.
2025-01-30 14:14:29,718 - INFO - Duplicate found for cg_94639855_cg_94639855_HUB on 2025-01-27 00:00:00. Skipping.
2025-01-30 14:14:29,718 - INFO - Duplicate found for lc0f1m6fgfob4_20033112236_RLX on 2025-01-27 00:00:00. Skipping.
2025-01-30 14:14:29,732 - INFO - Duplicate found for KCC261_WOWV-1141472-WOC_GTH on 2025-01-27 00:00:00. Skipping.
2025-01-30 14:14:29,734 - INFO - Duplicate found for 55095693_20033010298_RLX on 2025-01-27 00:00:00. Skipping.
2025-01-30 14:14:32,306 - INFO - 127.0.0.1 - - [30/Jan/2025 14:14:32] "POST /generate_all_reports HTTP/1.1" 200 -
2025-01-30 14:14:42,299 - INFO - 127.0.0.1 - - [30/Jan/2025 14:14:42] "GET / HTTP/1.1" 200 -
2025-01-30 14:14:42,313 - INFO - 127.0.0.1 - - [30/Jan/2025 14:14:42] "[36mGET /static/css/style.css HTTP/1.1[0m" 304 -
2025-01-30 14:14:42,320 - INFO - 127.0.0.1 - - [30/Jan/2025 14:14:42] "[36mGET /static/js/script.js HTTP/1.1[0m" 304 -
2025-01-30 14:14:45,411 - ERROR - Error: 1524 (HY000): Plugin 'mysql_native_password' is not loaded
2025-01-30 14:14:45,411 - INFO - 127.0.0.1 - - [30/Jan/2025 14:14:45] "POST /login HTTP/1.1" 200 -
2025-01-30 14:14:45,431 - INFO - Missing dates to be added: [datetime.date(2025, 1, 28), datetime.date(2025, 1, 29)]
2025-01-30 14:14:45,499 - INFO - Missing TotalSummaryData entries added successfully.
2025-01-30 14:14:45,741 - INFO - Total summary fetched successfully: {'total_bet': 2435755.5, 'total_win': 1934563.51, 'total_spins': 5738878, 'reel_spins': 3163964, 'social_spins': 2574914, 'ggr_eur': 501192.27, 'ggr_gbp': 599472.39, 'total_players': 95660, 'rtp': 79.42, 'max_date': '2025-01-29', 'min_date': '2024-09-19'}
2025-01-30 14:14:45,741 - INFO - Latest summary fetched successfully: {'total_bet': 12778.5, 'total_win': 9791.25, 'total_spins': 18734, 'reel_spins': 10777, 'social_spins': 7957, 'ggr_eur': 2987.29, 'ggr_gbp': 3569.04, 'total_players': 482, 'rtp': 76.62, 'max_date': '2025-01-29'}
2025-01-30 14:14:45,743 - INFO - 127.0.0.1 - - [30/Jan/2025 14:14:45] "GET /get_total_summary_data HTTP/1.1" 200 -
